<?xml version="1.0" encoding="UTF-8"?>
<testsuites name="AdminSuite" time="239.305" tests="3" failures="0" errors="0">
   <testsuite name="AdminSuite" tests="3" failures="0" errors="0" time="239.305" skipped="0" timestamp="2022-07-12 19:57:53" hostname="rohinis - BLRLAP1020.indiablr.altair.com" id="Test Suites/Sanity/AdminSuite">
      <properties>
         <property name="deviceName" value=""/>
         <property name="devicePlatform" value=""/>
         <property name="logFolder" value="C:\\Users\\rohinis\\Documents\\GitHub\\AccessKRE\\Reports\\20220712_195740\\Sanity\\AdminSuite\\20220712_195740"/>
         <property name="logFiles" value="C:\\Users\\rohinis\\Documents\\GitHub\\AccessKRE\\Reports\\20220712_195740\\Sanity\\AdminSuite\\20220712_195740\\execution0.log"/>
         <property name="attachments" value="C:\\Users\\rohinis\\Documents\\GitHub\\AccessKRE\\Reports\\20220712_195740\\Sanity\\AdminSuite\\20220712_195740\\1657636113122.png, C:\\Users\\rohinis\\Documents\\GitHub\\AccessKRE\\Reports\\20220712_195740\\Sanity\\AdminSuite\\20220712_195740\\1657636113405.png, C:\\Users\\rohinis\\Documents\\GitHub\\AccessKRE\\Reports\\20220712_195740\\Sanity\\AdminSuite\\20220712_195740\\1657636154968.png, C:\\Users\\rohinis\\Documents\\GitHub\\AccessKRE\\Reports\\20220712_195740\\Sanity\\AdminSuite\\20220712_195740\\1657636155064.png, C:\\Users\\rohinis\\Documents\\GitHub\\AccessKRE\\Reports\\20220712_195740\\Sanity\\AdminSuite\\20220712_195740\\1657636158188.png, C:\\Users\\rohinis\\Documents\\GitHub\\AccessKRE\\Reports\\20220712_195740\\Sanity\\AdminSuite\\20220712_195740\\1657636158280.png, C:\\Users\\rohinis\\Documents\\GitHub\\AccessKRE\\Reports\\20220712_195740\\Sanity\\AdminSuite\\20220712_195740\\1657636161417.png, C:\\Users\\rohinis\\Documents\\GitHub\\AccessKRE\\Reports\\20220712_195740\\Sanity\\AdminSuite\\20220712_195740\\1657636161510.png, C:\\Users\\rohinis\\Documents\\GitHub\\AccessKRE\\Reports\\20220712_195740\\Sanity\\AdminSuite\\20220712_195740\\1657636164633.png, C:\\Users\\rohinis\\Documents\\GitHub\\AccessKRE\\Reports\\20220712_195740\\Sanity\\AdminSuite\\20220712_195740\\1657636164733.png, C:\\Users\\rohinis\\Documents\\GitHub\\AccessKRE\\Reports\\20220712_195740\\Sanity\\AdminSuite\\20220712_195740\\1657636167863.png, C:\\Users\\rohinis\\Documents\\GitHub\\AccessKRE\\Reports\\20220712_195740\\Sanity\\AdminSuite\\20220712_195740\\1657636167948.png, C:\\Users\\rohinis\\Documents\\GitHub\\AccessKRE\\Reports\\20220712_195740\\Sanity\\AdminSuite\\20220712_195740\\1657636171107.png, C:\\Users\\rohinis\\Documents\\GitHub\\AccessKRE\\Reports\\20220712_195740\\Sanity\\AdminSuite\\20220712_195740\\1657636171205.png, C:\\Users\\rohinis\\Documents\\GitHub\\AccessKRE\\Reports\\20220712_195740\\Sanity\\AdminSuite\\20220712_195740\\1657636215833.png, C:\\Users\\rohinis\\Documents\\GitHub\\AccessKRE\\Reports\\20220712_195740\\Sanity\\AdminSuite\\20220712_195740\\1657636216013.png, C:\\Users\\rohinis\\Documents\\GitHub\\AccessKRE\\Reports\\20220712_195740\\Sanity\\AdminSuite\\20220712_195740\\1657636279182.png, C:\\Users\\rohinis\\Documents\\GitHub\\AccessKRE\\Reports\\20220712_195740\\Sanity\\AdminSuite\\20220712_195740\\1657636279345.png, C:\\Users\\rohinis\\Documents\\GitHub\\AccessKRE\\Reports\\20220712_195740\\Sanity\\AdminSuite\\20220712_195740\\1657636296592.png, C:\\Users\\rohinis\\Documents\\GitHub\\AccessKRE\\Reports\\20220712_195740\\Sanity\\AdminSuite\\20220712_195740\\1657636296671.png, C:\\Users\\rohinis\\Documents\\GitHub\\AccessKRE\\Reports\\20220712_195740\\Sanity\\AdminSuite\\20220712_195740\\1657636299812.png, C:\\Users\\rohinis\\Documents\\GitHub\\AccessKRE\\Reports\\20220712_195740\\Sanity\\AdminSuite\\20220712_195740\\1657636299881.png, C:\\Users\\rohinis\\Documents\\GitHub\\AccessKRE\\Reports\\20220712_195740\\Sanity\\AdminSuite\\20220712_195740\\1657636302993.png, C:\\Users\\rohinis\\Documents\\GitHub\\AccessKRE\\Reports\\20220712_195740\\Sanity\\AdminSuite\\20220712_195740\\1657636303085.png, C:\\Users\\rohinis\\Documents\\GitHub\\AccessKRE\\Reports\\20220712_195740\\Sanity\\AdminSuite\\20220712_195740\\1657636306260.png, C:\\Users\\rohinis\\Documents\\GitHub\\AccessKRE\\Reports\\20220712_195740\\Sanity\\AdminSuite\\20220712_195740\\1657636306418.png, C:\\Users\\rohinis\\Documents\\GitHub\\AccessKRE\\Reports\\20220712_195740\\Sanity\\AdminSuite\\20220712_195740\\1657636309598.png, C:\\Users\\rohinis\\Documents\\GitHub\\AccessKRE\\Reports\\20220712_195740\\Sanity\\AdminSuite\\20220712_195740\\1657636309674.png"/>
         <property name="hostName" value="rohinis - BLRLAP1020.indiablr.altair.com"/>
         <property name="os" value="Windows 10 64bit"/>
         <property name="katalonVersion" value="8.3.5.208"/>
         <property name="browser" value="Firefox 102.0"/>
         <property name="hostAddress" value="10.75.48.60"/>
         <property name="sessionId" value="b52fa6d7-6178-4528-bda2-0409f38f2263"/>
         <property name="seleniumVersion" value="3.141.59"/>
         <property name="proxyInformation" value="ProxyInformation { proxyOption=NO_PROXY, proxyServerType=HTTP, username=, password=********, proxyServerAddress=, proxyServerPort=0, executionList=&quot;&quot;, isApplyToDesiredCapabilities=true }"/>
         <property name="platform" value="Windows 10"/>
      </properties>
      <testcase name="Test Cases/Cluster_Registration/ClusterRegistration" time="100.783" classname="Test Cases/Cluster_Registration/ClusterRegistration" status="PASSED">
         <system-out><![CDATA[2022-07-12 19:57:56 - [TEST_CASE][PASSED] - Test Cases/Cluster_Registration/ClusterRegistration: Test Cases/Cluster_Registration/ClusterRegistration

2022-07-12 19:57:56 - [TEST_STEP][PASSED] - Start listener action : BeforeTestCase: null

2022-07-12 19:57:56 - [TEST_STEP][PASSED] - variableList = testCaseContext.getTestCaseVariables(): null

2022-07-12 19:57:56 - [TEST_STEP][PASSED] - println("context - " + variableList): null

2022-07-12 19:57:56 - [TEST_STEP][PASSED] - println(testCaseContext.getTestCaseId()): null

2022-07-12 19:57:56 - [TEST_STEP][PASSED] - tcID = testCaseContext.getTestCaseId(): null

2022-07-12 19:57:56 - [TEST_STEP][PASSED] - tcScript = tcID.split("\/"): null

2022-07-12 19:57:56 - [TEST_STEP][PASSED] - len = tcScript.size(): null

2022-07-12 19:57:56 - [TEST_STEP][PASSED] - tcScriptName = tcScript[len - 1]: null

2022-07-12 19:57:57 - [TEST_STEP][PASSED] - println("=========================="): null

2022-07-12 19:57:57 - [TEST_STEP][PASSED] - println(tcScriptName): null

2022-07-12 19:57:57 - [TEST_STEP][PASSED] - println("=========================="): null

2022-07-12 19:57:57 - [TEST_STEP][PASSED] - testcaseName = generateReports.testCaseNameChange.toSplit(variableList, "TestCaseName"): generateReports.testCaseNameChange.toSplit is PASSED

2022-07-12 19:57:57 - [MESSAGE][PASSED] - generateReports.testCaseNameChange.toSplit is PASSED

2022-07-12 19:57:57 - [TEST_STEP][PASSED] - UpdatedtestcaseName = generateReports.testCaseNameChange.updateTCName(testcaseName, variableList, tcScriptName): generateReports.testCaseNameChange.updateTCName is PASSED

2022-07-12 19:57:57 - [MESSAGE][PASSED] - generateReports.testCaseNameChange.updateTCName is PASSED

2022-07-12 19:57:57 - [TEST_STEP][PASSED] - println("new tn  --- " + UpdatedtestcaseName): null

2022-07-12 19:57:57 - [TEST_STEP][PASSED] - println("-------------------------"): null

2022-07-12 19:57:57 - [TEST_STEP][PASSED] - if (tcScriptName.equals("JobSubmission-FileOperations") && UpdatedtestcaseName.contains("tile view")): null

2022-07-12 19:57:57 - [TEST_STEP][PASSED] - else: null

2022-07-12 19:57:57 - [TEST_STEP][PASSED] - G_ExtentTest = extent.createTest(UpdatedtestcaseName): null

2022-07-12 19:57:57 - [TEST_STEP][PASSED] - extentTest = G_ExtentTest: null

2022-07-12 19:57:57 - [TEST_STEP][PASSED] - try: null

2022-07-12 19:57:57 - [TEST_STEP][PASSED] - openBrowser(""): Browser is opened with url: ''

2022-07-12 19:57:57 - [MESSAGE][INFO] - Starting 'Firefox' driver

2022-07-12 19:57:57 - [MESSAGE][INFO] - User set Firefox profile preference: ['browser.download.manager.showWhenStarting', 'false']

2022-07-12 19:57:57 - [MESSAGE][INFO] - User set Firefox profile preference: ['browser.helperApps.neverAsk.saveToDisk', 'text/csv,application/vnd.openxmlformats-officedocument.spreadsheetml.sheet,application/vnd.ms-excel,application/msexcel,application/x-msexcel,application/excel,application/octet-stream']

2022-07-12 19:57:57 - [MESSAGE][INFO] - User set Firefox profile preference: ['browser.helperApps.neverAsk.openFile', 'text/csv,application/vnd.ms-excel,application/msexcel,application/x-msexcel,application/excel,,application/octet-stream']

2022-07-12 19:57:57 - [MESSAGE][INFO] - User set Firefox profile preference: ['browser.download.folderList', '2']

2022-07-12 19:57:57 - [MESSAGE][INFO] - User set Firefox profile preference: ['browser.helperApps.alwaysAsk.force', 'false']

2022-07-12 19:57:57 - [MESSAGE][INFO] - User set Firefox profile preference: ['browser.download.forbid_open_with ', 'true']

2022-07-12 19:57:57 - [MESSAGE][INFO] - User set Firefox profile preference: ['browser.download.panel.shown', 'false']

2022-07-12 19:57:57 - [MESSAGE][INFO] - User set Firefox profile preference: ['browser.download.dir', 'c:/katalonDownloads']

2022-07-12 19:57:57 - [MESSAGE][INFO] - User set Firefox profile preference: ['browser.download.manager.openDelay', '1']

2022-07-12 19:57:57 - [MESSAGE][INFO] - Action delay is set to 0 milliseconds

2022-07-12 19:58:06 - [MESSAGE][PASSED] - Browser is opened with url: ''

2022-07-12 19:58:06 - [TEST_STEP][PASSED] - G_ExtentTest.log(PASS, "Navigated to Acces Instance - " + G_BaseUrl): null

2022-07-12 19:58:06 - [TEST_STEP][PASSED] - deleteAllCookies(): Delete all cookies successfully

2022-07-12 19:58:06 - [MESSAGE][PASSED] - Delete all cookies successfully

2022-07-12 19:58:06 - [TEST_STEP][PASSED] - navigateToUrl(G_BaseUrl): Navigate to 'https://10.75.22.62:4443/pbsworks' successfully

2022-07-12 19:58:28 - [MESSAGE][PASSED] - Navigate to 'https://10.75.22.62:4443/pbsworks' successfully

2022-07-12 19:58:28 - [TEST_STEP][PASSED] - maximizeWindow(): Current window maximized

2022-07-12 19:58:28 - [MESSAGE][PASSED] - Current window maximized

2022-07-12 19:58:28 - [TEST_STEP][PASSED] - driver = getWebDriver(): null

2022-07-12 19:58:28 - [TEST_STEP][PASSED] - caps = getWrappedDriver().getCapabilities(): null

2022-07-12 19:58:28 - [TEST_STEP][PASSED] - bn = caps.getBrowserName(): null

2022-07-12 19:58:28 - [TEST_STEP][PASSED] - bv = caps.getVersion(): null

2022-07-12 19:58:28 - [TEST_STEP][PASSED] - driver = getWebDriver(): null

2022-07-12 19:58:28 - [TEST_STEP][PASSED] - eventFiring = getWebDriver(): null

2022-07-12 19:58:28 - [TEST_STEP][PASSED] - wrappedWebDriver = eventFiring.getWrappedDriver(): null

2022-07-12 19:58:28 - [TEST_STEP][PASSED] - katalonWebDriver = wrappedWebDriver: null

2022-07-12 19:58:28 - [TEST_STEP][PASSED] - extentTest = G_ExtentTest: null

2022-07-12 19:58:28 - [TEST_STEP][PASSED] - toLogin.ForLogin.Login(extentTest): toLogin.ForLogin.Login is PASSED

2022-07-12 19:58:29 - [MESSAGE][PASSED] - Text 'pbsworks' is set on object 'Object Repository/LoginPage/username_txtbx'

2022-07-12 19:58:29 - [MESSAGE][PASSED] - Text 'pbsworks' is set on object 'Object Repository/LoginPage/password_txtbx'

2022-07-12 19:58:29 - [MESSAGE][PASSED] - Object: 'Object Repository/LoginPage/login_btn' is clicked on

2022-07-12 19:58:31 - [MESSAGE][PASSED] - Delayed 1 second(s)

2022-07-12 19:58:33 - [MESSAGE][INFO] - Unable to find the element located by 'By.xpath: //div[@id = 'ShellScript']'. Please recheck the objects properties to make sure the desired element is located. 

2022-07-12 19:58:33 - [MESSAGE][FAILED] - com.kms.katalon.core.webui.exception.WebElementNotFoundException: Web element with id: 'Object Repository/NewJobPage/AppList_ShellScript' located by '//div[@id = 'ShellScript']' not found (Root cause: com.kms.katalon.core.exception.StepFailedException: com.kms.katalon.core.webui.exception.WebElementNotFoundException: Web element with id: 'Object Repository/NewJobPage/AppList_ShellScript' located by '//div[@id = 'ShellScript']' not found
	at com.kms.katalon.core.webui.keyword.internal.WebUIKeywordMain.stepFailed(WebUIKeywordMain.groovy:64)
	at com.kms.katalon.core.webui.keyword.builtin.VerifyElementPresentKeyword$_verifyElementPresent_closure1.doCall(VerifyElementPresentKeyword.groovy:85)
	at com.kms.katalon.core.webui.keyword.builtin.VerifyElementPresentKeyword$_verifyElementPresent_closure1.call(VerifyElementPresentKeyword.groovy)
	at com.kms.katalon.core.webui.keyword.internal.WebUIKeywordMain.runKeyword(WebUIKeywordMain.groovy:20)
	at com.kms.katalon.core.webui.keyword.builtin.VerifyElementPresentKeyword.verifyElementPresent(VerifyElementPresentKeyword.groovy:92)
	at com.kms.katalon.core.webui.keyword.builtin.VerifyElementPresentKeyword.execute(VerifyElementPresentKeyword.groovy:68)
	at com.kms.katalon.core.keyword.internal.KeywordExecutor.executeKeywordForPlatform(KeywordExecutor.groovy:74)
	at com.kms.katalon.core.webui.keyword.WebUiBuiltInKeywords.verifyElementPresent(WebUiBuiltInKeywords.groovy:1464)
	at com.kms.katalon.core.webui.keyword.WebUiBuiltInKeywords$verifyElementPresent$5.call(Unknown Source)
	at customWait.WaitForElement.WaitForelementPresent(WaitForElement.groovy:22)
	at customWait.WaitForElement$WaitForelementPresent.call(Unknown Source)
	at toLogin.ForLogin.Login(ForLogin.groovy:28)
	at toLogin.ForLogin.invokeMethod(ForLogin.groovy)
	at com.kms.katalon.core.main.CustomKeywordDelegatingMetaClass.invokeStaticMethod(CustomKeywordDelegatingMetaClass.java:50)
	at ClusterRegistration.run(ClusterRegistration:31)
	at com.kms.katalon.core.main.ScriptEngine.run(ScriptEngine.java:194)
	at com.kms.katalon.core.main.ScriptEngine.runScriptAsRawText(ScriptEngine.java:119)
	at com.kms.katalon.core.main.TestCaseExecutor.runScript(TestCaseExecutor.java:445)
	at com.kms.katalon.core.main.TestCaseExecutor.doExecute(TestCaseExecutor.java:436)
	at com.kms.katalon.core.main.TestCaseExecutor.processExecutionPhase(TestCaseExecutor.java:415)
	at com.kms.katalon.core.main.TestCaseExecutor.accessMainPhase(TestCaseExecutor.java:407)
	at com.kms.katalon.core.main.TestCaseExecutor.execute(TestCaseExecutor.java:284)
	at com.kms.katalon.core.common.CommonExecutor.accessTestCaseMainPhase(CommonExecutor.java:65)
	at com.kms.katalon.core.main.TestSuiteExecutor.accessTestSuiteMainPhase(TestSuiteExecutor.java:144)
	at com.kms.katalon.core.main.TestSuiteExecutor.execute(TestSuiteExecutor.java:106)
	at com.kms.katalon.core.main.TestCaseMain.startTestSuite(TestCaseMain.java:185)
	at com.kms.katalon.core.main.TestCaseMain$startTestSuite$0.call(Unknown Source)
	at TempTestSuite1657636060508.run(TempTestSuite1657636060508.groovy:36)
)
[[ATTACHMENT|C:\\Users\\rohinis\\Documents\\GitHub\\AccessKRE\\Reports\\20220712_195740\\Sanity\\AdminSuite\\20220712_195740\\1657636113122.png]]

2022-07-12 19:58:33 - [MESSAGE][FAILED] - Unable to verify object 'Object Repository/NewJobPage/AppList_ShellScript' is present (Root cause: com.kms.katalon.core.exception.StepFailedException: Unable to verify object 'Object Repository/NewJobPage/AppList_ShellScript' is present
	at com.kms.katalon.core.webui.keyword.internal.WebUIKeywordMain.stepFailed(WebUIKeywordMain.groovy:64)
	at com.kms.katalon.core.webui.keyword.internal.WebUIKeywordMain.runKeyword(WebUIKeywordMain.groovy:26)
	at com.kms.katalon.core.webui.keyword.builtin.VerifyElementPresentKeyword.verifyElementPresent(VerifyElementPresentKeyword.groovy:92)
	at com.kms.katalon.core.webui.keyword.builtin.VerifyElementPresentKeyword.execute(VerifyElementPresentKeyword.groovy:68)
	at com.kms.katalon.core.keyword.internal.KeywordExecutor.executeKeywordForPlatform(KeywordExecutor.groovy:74)
	at com.kms.katalon.core.webui.keyword.WebUiBuiltInKeywords.verifyElementPresent(WebUiBuiltInKeywords.groovy:1464)
	at com.kms.katalon.core.webui.keyword.WebUiBuiltInKeywords$verifyElementPresent$5.call(Unknown Source)
	at customWait.WaitForElement.WaitForelementPresent(WaitForElement.groovy:22)
	at customWait.WaitForElement$WaitForelementPresent.call(Unknown Source)
	at toLogin.ForLogin.Login(ForLogin.groovy:28)
	at toLogin.ForLogin.invokeMethod(ForLogin.groovy)
	at com.kms.katalon.core.main.CustomKeywordDelegatingMetaClass.invokeStaticMethod(CustomKeywordDelegatingMetaClass.java:50)
	at ClusterRegistration.run(ClusterRegistration:31)
	at com.kms.katalon.core.main.ScriptEngine.run(ScriptEngine.java:194)
	at com.kms.katalon.core.main.ScriptEngine.runScriptAsRawText(ScriptEngine.java:119)
	at com.kms.katalon.core.main.TestCaseExecutor.runScript(TestCaseExecutor.java:445)
	at com.kms.katalon.core.main.TestCaseExecutor.doExecute(TestCaseExecutor.java:436)
	at com.kms.katalon.core.main.TestCaseExecutor.processExecutionPhase(TestCaseExecutor.java:415)
	at com.kms.katalon.core.main.TestCaseExecutor.accessMainPhase(TestCaseExecutor.java:407)
	at com.kms.katalon.core.main.TestCaseExecutor.execute(TestCaseExecutor.java:284)
	at com.kms.katalon.core.common.CommonExecutor.accessTestCaseMainPhase(CommonExecutor.java:65)
	at com.kms.katalon.core.main.TestSuiteExecutor.accessTestSuiteMainPhase(TestSuiteExecutor.java:144)
	at com.kms.katalon.core.main.TestSuiteExecutor.execute(TestSuiteExecutor.java:106)
	at com.kms.katalon.core.main.TestCaseMain.startTestSuite(TestCaseMain.java:185)
	at com.kms.katalon.core.main.TestCaseMain$startTestSuite$0.call(Unknown Source)
	at TempTestSuite1657636060508.run(TempTestSuite1657636060508.groovy:36)
Caused by: com.kms.katalon.core.exception.StepFailedException: com.kms.katalon.core.webui.exception.WebElementNotFoundException: Web element with id: 'Object Repository/NewJobPage/AppList_ShellScript' located by '//div[@id = 'ShellScript']' not found
	at com.kms.katalon.core.webui.keyword.internal.WebUIKeywordMain.stepFailed(WebUIKeywordMain.groovy:64)
	at com.kms.katalon.core.webui.keyword.builtin.VerifyElementPresentKeyword$_verifyElementPresent_closure1.doCall(VerifyElementPresentKeyword.groovy:85)
	at com.kms.katalon.core.webui.keyword.builtin.VerifyElementPresentKeyword$_verifyElementPresent_closure1.call(VerifyElementPresentKeyword.groovy)
	at com.kms.katalon.core.webui.keyword.internal.WebUIKeywordMain.runKeyword(WebUIKeywordMain.groovy:20)
	... 24 more
)
[[ATTACHMENT|C:\\Users\\rohinis\\Documents\\GitHub\\AccessKRE\\Reports\\20220712_195740\\Sanity\\AdminSuite\\20220712_195740\\1657636113405.png]]

2022-07-12 19:58:33 - [MESSAGE][PASSED] - toLogin.ForLogin.Login is PASSED

2022-07-12 19:58:33 - [TEST_STEP][PASSED] - addBtn = <not implemented yet for class: org.codehaus.groovy.ast.expr.EmptyExpression>: null

2022-07-12 19:58:33 - [TEST_STEP][PASSED] - lblMngSrv = <not implemented yet for class: org.codehaus.groovy.ast.expr.EmptyExpression>: null

2022-07-12 19:58:33 - [TEST_STEP][PASSED] - colid = "name": null

2022-07-12 19:58:33 - [TEST_STEP][PASSED] - result = <not implemented yet for class: org.codehaus.groovy.ast.expr.EmptyExpression>: null

2022-07-12 19:58:33 - [TEST_STEP][PASSED] - delay(2): Delayed 2 second(s)

2022-07-12 19:58:35 - [MESSAGE][PASSED] - Delayed 2 second(s)

2022-07-12 19:58:35 - [TEST_STEP][PASSED] - try: null

2022-07-12 19:58:35 - [TEST_STEP][PASSED] - delay(2): Delayed 2 second(s)

2022-07-12 19:58:37 - [MESSAGE][PASSED] - Delayed 2 second(s)

2022-07-12 19:58:37 - [TEST_STEP][PASSED] - delay(3): Delayed 3 second(s)

2022-07-12 19:58:40 - [MESSAGE][PASSED] - Delayed 3 second(s)

2022-07-12 19:58:40 - [TEST_STEP][PASSED] - mouseOver(findTestObject("Cluster_Registration/Manageservice")): Object: 'Object Repository/Cluster_Registration/Manageservice' is hovered

2022-07-12 19:58:41 - [MESSAGE][PASSED] - Object: 'Object Repository/Cluster_Registration/Manageservice' is hovered

2022-07-12 19:58:41 - [TEST_STEP][PASSED] - click(findTestObject("Cluster_Registration/Manageservice")): Object: 'Object Repository/Cluster_Registration/Manageservice' is clicked on

2022-07-12 19:58:41 - [MESSAGE][PASSED] - Object: 'Object Repository/Cluster_Registration/Manageservice' is clicked on

2022-07-12 19:58:41 - [TEST_STEP][PASSED] - extentTest.log(PASS, "Click on Manage Service"): null

2022-07-12 19:58:41 - [TEST_STEP][PASSED] - delay(2): Delayed 2 second(s)

2022-07-12 19:58:43 - [MESSAGE][PASSED] - Delayed 2 second(s)

2022-07-12 19:58:43 - [TEST_STEP][PASSED] - switch (userChoice): null

2022-07-12 19:58:43 - [TEST_STEP][PASSED] - case "valid":: null

2022-07-12 19:58:43 - [TEST_STEP][PASSED] - rightClick(findTestObject("Cluster_Registration/Available")): Object: 'Object Repository/Cluster_Registration/Available' is right clicked on

2022-07-12 19:58:43 - [MESSAGE][PASSED] - Object: 'Object Repository/Cluster_Registration/Available' is right clicked on

2022-07-12 19:58:43 - [TEST_STEP][PASSED] - delay(3): Delayed 3 second(s)

2022-07-12 19:58:46 - [MESSAGE][PASSED] - Delayed 3 second(s)

2022-07-12 19:58:46 - [TEST_STEP][PASSED] - click(findTestObject("Cluster_Registration/Delete")): Object: 'Object Repository/Cluster_Registration/Delete' is clicked on

2022-07-12 19:58:47 - [MESSAGE][PASSED] - Object: 'Object Repository/Cluster_Registration/Delete' is clicked on

2022-07-12 19:58:47 - [TEST_STEP][PASSED] - extentTest.log(PASS, "Delete Existing Cluster"): null

2022-07-12 19:58:47 - [TEST_STEP][PASSED] - click(findTestObject("FilesPage/Confirm_button")): Object: 'Object Repository/FilesPage/Confirm_button' is clicked on

2022-07-12 19:58:47 - [MESSAGE][PASSED] - Object: 'Object Repository/FilesPage/Confirm_button' is clicked on

2022-07-12 19:58:47 - [TEST_STEP][PASSED] - extentTest.log(PASS, "Click on Ok button"): null

2022-07-12 19:58:47 - [TEST_STEP][PASSED] - click(findTestObject("Cluster_Registration/Configure_Services")): Object: 'Object Repository/Cluster_Registration/Configure_Services' is clicked on

2022-07-12 19:59:06 - [MESSAGE][PASSED] - Object: 'Object Repository/Cluster_Registration/Configure_Services' is clicked on

2022-07-12 19:59:06 - [TEST_STEP][PASSED] - extentTest.log(PASS, "Click on Configure Service"): null

2022-07-12 19:59:06 - [TEST_STEP][PASSED] - click(findTestObject("Cluster_Registration/Server_Name")): Object: 'Object Repository/Cluster_Registration/Server_Name' is clicked on

2022-07-12 19:59:07 - [MESSAGE][PASSED] - Object: 'Object Repository/Cluster_Registration/Server_Name' is clicked on

2022-07-12 19:59:07 - [TEST_STEP][PASSED] - setText(findTestObject("Cluster_Registration/Server_Name"), server): Text 'hpccluster' is set on object 'Object Repository/Cluster_Registration/Server_Name'

2022-07-12 19:59:07 - [MESSAGE][PASSED] - Text 'hpccluster' is set on object 'Object Repository/Cluster_Registration/Server_Name'

2022-07-12 19:59:07 - [TEST_STEP][PASSED] - extentTest.log(PASS, "Add server name" + server): null

2022-07-12 19:59:07 - [TEST_STEP][PASSED] - click(findTestObject("Cluster_Registration/Url")): Object: 'Object Repository/Cluster_Registration/Url' is clicked on

2022-07-12 19:59:07 - [MESSAGE][PASSED] - Object: 'Object Repository/Cluster_Registration/Url' is clicked on

2022-07-12 19:59:07 - [TEST_STEP][PASSED] - setText(findTestObject("Cluster_Registration/Url"), url): Text 'https://localhost:5243/pas' is set on object 'Object Repository/Cluster_Registration/Url'

2022-07-12 19:59:08 - [MESSAGE][PASSED] - Text 'https://localhost:5243/pas' is set on object 'Object Repository/Cluster_Registration/Url'

2022-07-12 19:59:08 - [TEST_STEP][PASSED] - extentTest.log(PASS, "Add url" + url): null

2022-07-12 19:59:08 - [TEST_STEP][PASSED] - click(findTestObject("Cluster_Registration/Username")): Object: 'Object Repository/Cluster_Registration/Username' is clicked on

2022-07-12 19:59:08 - [MESSAGE][PASSED] - Object: 'Object Repository/Cluster_Registration/Username' is clicked on

2022-07-12 19:59:08 - [TEST_STEP][PASSED] - setText(findTestObject("Cluster_Registration/Username"), username): Text 'pbsadmin' is set on object 'Object Repository/Cluster_Registration/Username'

2022-07-12 19:59:09 - [MESSAGE][PASSED] - Text 'pbsadmin' is set on object 'Object Repository/Cluster_Registration/Username'

2022-07-12 19:59:09 - [TEST_STEP][PASSED] - extentTest.log(PASS, "Add username" + username): null

2022-07-12 19:59:09 - [TEST_STEP][PASSED] - click(findTestObject("Cluster_Registration/Password")): Object: 'Object Repository/Cluster_Registration/Password' is clicked on

2022-07-12 19:59:09 - [MESSAGE][PASSED] - Object: 'Object Repository/Cluster_Registration/Password' is clicked on

2022-07-12 19:59:09 - [TEST_STEP][PASSED] - setText(findTestObject("Cluster_Registration/Password"), password): Text 'pbsadmin' is set on object 'Object Repository/Cluster_Registration/Password'

2022-07-12 19:59:09 - [MESSAGE][PASSED] - Text 'pbsadmin' is set on object 'Object Repository/Cluster_Registration/Password'

2022-07-12 19:59:09 - [TEST_STEP][PASSED] - extentTest.log(PASS, "Add password" + password): null

2022-07-12 19:59:09 - [TEST_STEP][PASSED] - click(findTestObject("Cluster_Registration/Rootdir")): Object: 'Object Repository/Cluster_Registration/Rootdir' is clicked on

2022-07-12 19:59:10 - [MESSAGE][PASSED] - Object: 'Object Repository/Cluster_Registration/Rootdir' is clicked on

2022-07-12 19:59:10 - [TEST_STEP][PASSED] - setText(findTestObject("Cluster_Registration/Rootdir"), rootdir): Text '/stage/$USER' is set on object 'Object Repository/Cluster_Registration/Rootdir'

2022-07-12 19:59:10 - [MESSAGE][PASSED] - Text '/stage/$USER' is set on object 'Object Repository/Cluster_Registration/Rootdir'

2022-07-12 19:59:10 - [TEST_STEP][PASSED] - extentTest.log(PASS, "Add root directory"): null

2022-07-12 19:59:10 - [TEST_STEP][PASSED] - addBtn = customWait.WaitForElement.WaitForelementPresent(findTestObject("Cluster_Registration/Add_Server"), 5, extentTest, "add server"): customWait.WaitForElement.WaitForelementPresent is PASSED

2022-07-12 19:59:11 - [MESSAGE][PASSED] - Delayed 1 second(s)

2022-07-12 19:59:11 - [MESSAGE][PASSED] - Object 'Object Repository/Cluster_Registration/Add_Server' is present

2022-07-12 19:59:11 - [MESSAGE][PASSED] - Object 'Object Repository/Cluster_Registration/Add_Server' is clickable

2022-07-12 19:59:11 - [MESSAGE][PASSED] - customWait.WaitForElement.WaitForelementPresent is PASSED

2022-07-12 19:59:11 - [TEST_STEP][PASSED] - click(findTestObject("Cluster_Registration/Add_Server")): Object: 'Object Repository/Cluster_Registration/Add_Server' is clicked on

2022-07-12 19:59:11 - [MESSAGE][PASSED] - Object: 'Object Repository/Cluster_Registration/Add_Server' is clicked on

2022-07-12 19:59:11 - [TEST_STEP][PASSED] - extentTest.log(PASS, "Click on add server"): null

2022-07-12 19:59:11 - [TEST_STEP][PASSED] - lblMngSrv = customWait.WaitForElement.WaitForelementPresent(findTestObject("Object Repository/Cluster_Registration/Label_ManageServer"), 15, extentTest, "Manage Server heading"): customWait.WaitForElement.WaitForelementPresent is PASSED

2022-07-12 19:59:12 - [MESSAGE][PASSED] - Delayed 1 second(s)

2022-07-12 19:59:14 - [MESSAGE][INFO] - Unable to find the element located by 'By.xpath: //label[@id = 'servermanagement_header_label']'. Please recheck the objects properties to make sure the desired element is located. 

2022-07-12 19:59:15 - [MESSAGE][FAILED] - com.kms.katalon.core.webui.exception.WebElementNotFoundException: Web element with id: 'Object Repository/Cluster_Registration/Label_ManageServer' located by '//label[@id = 'servermanagement_header_label']' not found (Root cause: com.kms.katalon.core.exception.StepFailedException: com.kms.katalon.core.webui.exception.WebElementNotFoundException: Web element with id: 'Object Repository/Cluster_Registration/Label_ManageServer' located by '//label[@id = 'servermanagement_header_label']' not found
	at com.kms.katalon.core.webui.keyword.internal.WebUIKeywordMain.stepFailed(WebUIKeywordMain.groovy:64)
	at com.kms.katalon.core.webui.keyword.builtin.VerifyElementPresentKeyword$_verifyElementPresent_closure1.doCall(VerifyElementPresentKeyword.groovy:85)
	at com.kms.katalon.core.webui.keyword.builtin.VerifyElementPresentKeyword$_verifyElementPresent_closure1.call(VerifyElementPresentKeyword.groovy)
	at com.kms.katalon.core.webui.keyword.internal.WebUIKeywordMain.runKeyword(WebUIKeywordMain.groovy:20)
	at com.kms.katalon.core.webui.keyword.builtin.VerifyElementPresentKeyword.verifyElementPresent(VerifyElementPresentKeyword.groovy:92)
	at com.kms.katalon.core.webui.keyword.builtin.VerifyElementPresentKeyword.execute(VerifyElementPresentKeyword.groovy:68)
	at com.kms.katalon.core.keyword.internal.KeywordExecutor.executeKeywordForPlatform(KeywordExecutor.groovy:74)
	at com.kms.katalon.core.webui.keyword.WebUiBuiltInKeywords.verifyElementPresent(WebUiBuiltInKeywords.groovy:1464)
	at com.kms.katalon.core.webui.keyword.WebUiBuiltInKeywords$verifyElementPresent$5.call(Unknown Source)
	at customWait.WaitForElement.WaitForelementPresent(WaitForElement.groovy:22)
	at customWait.WaitForElement.invokeMethod(WaitForElement.groovy)
	at com.kms.katalon.core.main.CustomKeywordDelegatingMetaClass.invokeStaticMethod(CustomKeywordDelegatingMetaClass.java:50)
	at ClusterRegistration.run(ClusterRegistration:89)
	at com.kms.katalon.core.main.ScriptEngine.run(ScriptEngine.java:194)
	at com.kms.katalon.core.main.ScriptEngine.runScriptAsRawText(ScriptEngine.java:119)
	at com.kms.katalon.core.main.TestCaseExecutor.runScript(TestCaseExecutor.java:445)
	at com.kms.katalon.core.main.TestCaseExecutor.doExecute(TestCaseExecutor.java:436)
	at com.kms.katalon.core.main.TestCaseExecutor.processExecutionPhase(TestCaseExecutor.java:415)
	at com.kms.katalon.core.main.TestCaseExecutor.accessMainPhase(TestCaseExecutor.java:407)
	at com.kms.katalon.core.main.TestCaseExecutor.execute(TestCaseExecutor.java:284)
	at com.kms.katalon.core.common.CommonExecutor.accessTestCaseMainPhase(CommonExecutor.java:65)
	at com.kms.katalon.core.main.TestSuiteExecutor.accessTestSuiteMainPhase(TestSuiteExecutor.java:144)
	at com.kms.katalon.core.main.TestSuiteExecutor.execute(TestSuiteExecutor.java:106)
	at com.kms.katalon.core.main.TestCaseMain.startTestSuite(TestCaseMain.java:185)
	at com.kms.katalon.core.main.TestCaseMain$startTestSuite$0.call(Unknown Source)
	at TempTestSuite1657636060508.run(TempTestSuite1657636060508.groovy:36)
)
[[ATTACHMENT|C:\\Users\\rohinis\\Documents\\GitHub\\AccessKRE\\Reports\\20220712_195740\\Sanity\\AdminSuite\\20220712_195740\\1657636154968.png]]

2022-07-12 19:59:15 - [MESSAGE][FAILED] - Unable to verify object 'Object Repository/Cluster_Registration/Label_ManageServer' is present (Root cause: com.kms.katalon.core.exception.StepFailedException: Unable to verify object 'Object Repository/Cluster_Registration/Label_ManageServer' is present
	at com.kms.katalon.core.webui.keyword.internal.WebUIKeywordMain.stepFailed(WebUIKeywordMain.groovy:64)
	at com.kms.katalon.core.webui.keyword.internal.WebUIKeywordMain.runKeyword(WebUIKeywordMain.groovy:26)
	at com.kms.katalon.core.webui.keyword.builtin.VerifyElementPresentKeyword.verifyElementPresent(VerifyElementPresentKeyword.groovy:92)
	at com.kms.katalon.core.webui.keyword.builtin.VerifyElementPresentKeyword.execute(VerifyElementPresentKeyword.groovy:68)
	at com.kms.katalon.core.keyword.internal.KeywordExecutor.executeKeywordForPlatform(KeywordExecutor.groovy:74)
	at com.kms.katalon.core.webui.keyword.WebUiBuiltInKeywords.verifyElementPresent(WebUiBuiltInKeywords.groovy:1464)
	at com.kms.katalon.core.webui.keyword.WebUiBuiltInKeywords$verifyElementPresent$5.call(Unknown Source)
	at customWait.WaitForElement.WaitForelementPresent(WaitForElement.groovy:22)
	at customWait.WaitForElement.invokeMethod(WaitForElement.groovy)
	at com.kms.katalon.core.main.CustomKeywordDelegatingMetaClass.invokeStaticMethod(CustomKeywordDelegatingMetaClass.java:50)
	at ClusterRegistration.run(ClusterRegistration:89)
	at com.kms.katalon.core.main.ScriptEngine.run(ScriptEngine.java:194)
	at com.kms.katalon.core.main.ScriptEngine.runScriptAsRawText(ScriptEngine.java:119)
	at com.kms.katalon.core.main.TestCaseExecutor.runScript(TestCaseExecutor.java:445)
	at com.kms.katalon.core.main.TestCaseExecutor.doExecute(TestCaseExecutor.java:436)
	at com.kms.katalon.core.main.TestCaseExecutor.processExecutionPhase(TestCaseExecutor.java:415)
	at com.kms.katalon.core.main.TestCaseExecutor.accessMainPhase(TestCaseExecutor.java:407)
	at com.kms.katalon.core.main.TestCaseExecutor.execute(TestCaseExecutor.java:284)
	at com.kms.katalon.core.common.CommonExecutor.accessTestCaseMainPhase(CommonExecutor.java:65)
	at com.kms.katalon.core.main.TestSuiteExecutor.accessTestSuiteMainPhase(TestSuiteExecutor.java:144)
	at com.kms.katalon.core.main.TestSuiteExecutor.execute(TestSuiteExecutor.java:106)
	at com.kms.katalon.core.main.TestCaseMain.startTestSuite(TestCaseMain.java:185)
	at com.kms.katalon.core.main.TestCaseMain$startTestSuite$0.call(Unknown Source)
	at TempTestSuite1657636060508.run(TempTestSuite1657636060508.groovy:36)
Caused by: com.kms.katalon.core.exception.StepFailedException: com.kms.katalon.core.webui.exception.WebElementNotFoundException: Web element with id: 'Object Repository/Cluster_Registration/Label_ManageServer' located by '//label[@id = 'servermanagement_header_label']' not found
	at com.kms.katalon.core.webui.keyword.internal.WebUIKeywordMain.stepFailed(WebUIKeywordMain.groovy:64)
	at com.kms.katalon.core.webui.keyword.builtin.VerifyElementPresentKeyword$_verifyElementPresent_closure1.doCall(VerifyElementPresentKeyword.groovy:85)
	at com.kms.katalon.core.webui.keyword.builtin.VerifyElementPresentKeyword$_verifyElementPresent_closure1.call(VerifyElementPresentKeyword.groovy)
	at com.kms.katalon.core.webui.keyword.internal.WebUIKeywordMain.runKeyword(WebUIKeywordMain.groovy:20)
	... 22 more
)
[[ATTACHMENT|C:\\Users\\rohinis\\Documents\\GitHub\\AccessKRE\\Reports\\20220712_195740\\Sanity\\AdminSuite\\20220712_195740\\1657636155064.png]]

2022-07-12 19:59:16 - [MESSAGE][PASSED] - Delayed 1 second(s)

2022-07-12 19:59:18 - [MESSAGE][INFO] - Unable to find the element located by 'By.xpath: //label[@id = 'servermanagement_header_label']'. Please recheck the objects properties to make sure the desired element is located. 

2022-07-12 19:59:18 - [MESSAGE][FAILED] - com.kms.katalon.core.webui.exception.WebElementNotFoundException: Web element with id: 'Object Repository/Cluster_Registration/Label_ManageServer' located by '//label[@id = 'servermanagement_header_label']' not found (Root cause: com.kms.katalon.core.exception.StepFailedException: com.kms.katalon.core.webui.exception.WebElementNotFoundException: Web element with id: 'Object Repository/Cluster_Registration/Label_ManageServer' located by '//label[@id = 'servermanagement_header_label']' not found
	at com.kms.katalon.core.webui.keyword.internal.WebUIKeywordMain.stepFailed(WebUIKeywordMain.groovy:64)
	at com.kms.katalon.core.webui.keyword.builtin.VerifyElementPresentKeyword$_verifyElementPresent_closure1.doCall(VerifyElementPresentKeyword.groovy:85)
	at com.kms.katalon.core.webui.keyword.builtin.VerifyElementPresentKeyword$_verifyElementPresent_closure1.call(VerifyElementPresentKeyword.groovy)
	at com.kms.katalon.core.webui.keyword.internal.WebUIKeywordMain.runKeyword(WebUIKeywordMain.groovy:20)
	at com.kms.katalon.core.webui.keyword.builtin.VerifyElementPresentKeyword.verifyElementPresent(VerifyElementPresentKeyword.groovy:92)
	at com.kms.katalon.core.webui.keyword.builtin.VerifyElementPresentKeyword.execute(VerifyElementPresentKeyword.groovy:68)
	at com.kms.katalon.core.keyword.internal.KeywordExecutor.executeKeywordForPlatform(KeywordExecutor.groovy:74)
	at com.kms.katalon.core.webui.keyword.WebUiBuiltInKeywords.verifyElementPresent(WebUiBuiltInKeywords.groovy:1464)
	at com.kms.katalon.core.webui.keyword.WebUiBuiltInKeywords$verifyElementPresent$5.call(Unknown Source)
	at customWait.WaitForElement.WaitForelementPresent(WaitForElement.groovy:22)
	at customWait.WaitForElement.invokeMethod(WaitForElement.groovy)
	at com.kms.katalon.core.main.CustomKeywordDelegatingMetaClass.invokeStaticMethod(CustomKeywordDelegatingMetaClass.java:50)
	at ClusterRegistration.run(ClusterRegistration:89)
	at com.kms.katalon.core.main.ScriptEngine.run(ScriptEngine.java:194)
	at com.kms.katalon.core.main.ScriptEngine.runScriptAsRawText(ScriptEngine.java:119)
	at com.kms.katalon.core.main.TestCaseExecutor.runScript(TestCaseExecutor.java:445)
	at com.kms.katalon.core.main.TestCaseExecutor.doExecute(TestCaseExecutor.java:436)
	at com.kms.katalon.core.main.TestCaseExecutor.processExecutionPhase(TestCaseExecutor.java:415)
	at com.kms.katalon.core.main.TestCaseExecutor.accessMainPhase(TestCaseExecutor.java:407)
	at com.kms.katalon.core.main.TestCaseExecutor.execute(TestCaseExecutor.java:284)
	at com.kms.katalon.core.common.CommonExecutor.accessTestCaseMainPhase(CommonExecutor.java:65)
	at com.kms.katalon.core.main.TestSuiteExecutor.accessTestSuiteMainPhase(TestSuiteExecutor.java:144)
	at com.kms.katalon.core.main.TestSuiteExecutor.execute(TestSuiteExecutor.java:106)
	at com.kms.katalon.core.main.TestCaseMain.startTestSuite(TestCaseMain.java:185)
	at com.kms.katalon.core.main.TestCaseMain$startTestSuite$0.call(Unknown Source)
	at TempTestSuite1657636060508.run(TempTestSuite1657636060508.groovy:36)
)
[[ATTACHMENT|C:\\Users\\rohinis\\Documents\\GitHub\\AccessKRE\\Reports\\20220712_195740\\Sanity\\AdminSuite\\20220712_195740\\1657636158188.png]]

2022-07-12 19:59:18 - [MESSAGE][FAILED] - Unable to verify object 'Object Repository/Cluster_Registration/Label_ManageServer' is present (Root cause: com.kms.katalon.core.exception.StepFailedException: Unable to verify object 'Object Repository/Cluster_Registration/Label_ManageServer' is present
	at com.kms.katalon.core.webui.keyword.internal.WebUIKeywordMain.stepFailed(WebUIKeywordMain.groovy:64)
	at com.kms.katalon.core.webui.keyword.internal.WebUIKeywordMain.runKeyword(WebUIKeywordMain.groovy:26)
	at com.kms.katalon.core.webui.keyword.builtin.VerifyElementPresentKeyword.verifyElementPresent(VerifyElementPresentKeyword.groovy:92)
	at com.kms.katalon.core.webui.keyword.builtin.VerifyElementPresentKeyword.execute(VerifyElementPresentKeyword.groovy:68)
	at com.kms.katalon.core.keyword.internal.KeywordExecutor.executeKeywordForPlatform(KeywordExecutor.groovy:74)
	at com.kms.katalon.core.webui.keyword.WebUiBuiltInKeywords.verifyElementPresent(WebUiBuiltInKeywords.groovy:1464)
	at com.kms.katalon.core.webui.keyword.WebUiBuiltInKeywords$verifyElementPresent$5.call(Unknown Source)
	at customWait.WaitForElement.WaitForelementPresent(WaitForElement.groovy:22)
	at customWait.WaitForElement.invokeMethod(WaitForElement.groovy)
	at com.kms.katalon.core.main.CustomKeywordDelegatingMetaClass.invokeStaticMethod(CustomKeywordDelegatingMetaClass.java:50)
	at ClusterRegistration.run(ClusterRegistration:89)
	at com.kms.katalon.core.main.ScriptEngine.run(ScriptEngine.java:194)
	at com.kms.katalon.core.main.ScriptEngine.runScriptAsRawText(ScriptEngine.java:119)
	at com.kms.katalon.core.main.TestCaseExecutor.runScript(TestCaseExecutor.java:445)
	at com.kms.katalon.core.main.TestCaseExecutor.doExecute(TestCaseExecutor.java:436)
	at com.kms.katalon.core.main.TestCaseExecutor.processExecutionPhase(TestCaseExecutor.java:415)
	at com.kms.katalon.core.main.TestCaseExecutor.accessMainPhase(TestCaseExecutor.java:407)
	at com.kms.katalon.core.main.TestCaseExecutor.execute(TestCaseExecutor.java:284)
	at com.kms.katalon.core.common.CommonExecutor.accessTestCaseMainPhase(CommonExecutor.java:65)
	at com.kms.katalon.core.main.TestSuiteExecutor.accessTestSuiteMainPhase(TestSuiteExecutor.java:144)
	at com.kms.katalon.core.main.TestSuiteExecutor.execute(TestSuiteExecutor.java:106)
	at com.kms.katalon.core.main.TestCaseMain.startTestSuite(TestCaseMain.java:185)
	at com.kms.katalon.core.main.TestCaseMain$startTestSuite$0.call(Unknown Source)
	at TempTestSuite1657636060508.run(TempTestSuite1657636060508.groovy:36)
Caused by: com.kms.katalon.core.exception.StepFailedException: com.kms.katalon.core.webui.exception.WebElementNotFoundException: Web element with id: 'Object Repository/Cluster_Registration/Label_ManageServer' located by '//label[@id = 'servermanagement_header_label']' not found
	at com.kms.katalon.core.webui.keyword.internal.WebUIKeywordMain.stepFailed(WebUIKeywordMain.groovy:64)
	at com.kms.katalon.core.webui.keyword.builtin.VerifyElementPresentKeyword$_verifyElementPresent_closure1.doCall(VerifyElementPresentKeyword.groovy:85)
	at com.kms.katalon.core.webui.keyword.builtin.VerifyElementPresentKeyword$_verifyElementPresent_closure1.call(VerifyElementPresentKeyword.groovy)
	at com.kms.katalon.core.webui.keyword.internal.WebUIKeywordMain.runKeyword(WebUIKeywordMain.groovy:20)
	... 22 more
)
[[ATTACHMENT|C:\\Users\\rohinis\\Documents\\GitHub\\AccessKRE\\Reports\\20220712_195740\\Sanity\\AdminSuite\\20220712_195740\\1657636158280.png]]

2022-07-12 19:59:19 - [MESSAGE][PASSED] - Delayed 1 second(s)

2022-07-12 19:59:21 - [MESSAGE][INFO] - Unable to find the element located by 'By.xpath: //label[@id = 'servermanagement_header_label']'. Please recheck the objects properties to make sure the desired element is located. 

2022-07-12 19:59:21 - [MESSAGE][FAILED] - com.kms.katalon.core.webui.exception.WebElementNotFoundException: Web element with id: 'Object Repository/Cluster_Registration/Label_ManageServer' located by '//label[@id = 'servermanagement_header_label']' not found (Root cause: com.kms.katalon.core.exception.StepFailedException: com.kms.katalon.core.webui.exception.WebElementNotFoundException: Web element with id: 'Object Repository/Cluster_Registration/Label_ManageServer' located by '//label[@id = 'servermanagement_header_label']' not found
	at com.kms.katalon.core.webui.keyword.internal.WebUIKeywordMain.stepFailed(WebUIKeywordMain.groovy:64)
	at com.kms.katalon.core.webui.keyword.builtin.VerifyElementPresentKeyword$_verifyElementPresent_closure1.doCall(VerifyElementPresentKeyword.groovy:85)
	at com.kms.katalon.core.webui.keyword.builtin.VerifyElementPresentKeyword$_verifyElementPresent_closure1.call(VerifyElementPresentKeyword.groovy)
	at com.kms.katalon.core.webui.keyword.internal.WebUIKeywordMain.runKeyword(WebUIKeywordMain.groovy:20)
	at com.kms.katalon.core.webui.keyword.builtin.VerifyElementPresentKeyword.verifyElementPresent(VerifyElementPresentKeyword.groovy:92)
	at com.kms.katalon.core.webui.keyword.builtin.VerifyElementPresentKeyword.execute(VerifyElementPresentKeyword.groovy:68)
	at com.kms.katalon.core.keyword.internal.KeywordExecutor.executeKeywordForPlatform(KeywordExecutor.groovy:74)
	at com.kms.katalon.core.webui.keyword.WebUiBuiltInKeywords.verifyElementPresent(WebUiBuiltInKeywords.groovy:1464)
	at com.kms.katalon.core.webui.keyword.WebUiBuiltInKeywords$verifyElementPresent$5.call(Unknown Source)
	at customWait.WaitForElement.WaitForelementPresent(WaitForElement.groovy:22)
	at customWait.WaitForElement.invokeMethod(WaitForElement.groovy)
	at com.kms.katalon.core.main.CustomKeywordDelegatingMetaClass.invokeStaticMethod(CustomKeywordDelegatingMetaClass.java:50)
	at ClusterRegistration.run(ClusterRegistration:89)
	at com.kms.katalon.core.main.ScriptEngine.run(ScriptEngine.java:194)
	at com.kms.katalon.core.main.ScriptEngine.runScriptAsRawText(ScriptEngine.java:119)
	at com.kms.katalon.core.main.TestCaseExecutor.runScript(TestCaseExecutor.java:445)
	at com.kms.katalon.core.main.TestCaseExecutor.doExecute(TestCaseExecutor.java:436)
	at com.kms.katalon.core.main.TestCaseExecutor.processExecutionPhase(TestCaseExecutor.java:415)
	at com.kms.katalon.core.main.TestCaseExecutor.accessMainPhase(TestCaseExecutor.java:407)
	at com.kms.katalon.core.main.TestCaseExecutor.execute(TestCaseExecutor.java:284)
	at com.kms.katalon.core.common.CommonExecutor.accessTestCaseMainPhase(CommonExecutor.java:65)
	at com.kms.katalon.core.main.TestSuiteExecutor.accessTestSuiteMainPhase(TestSuiteExecutor.java:144)
	at com.kms.katalon.core.main.TestSuiteExecutor.execute(TestSuiteExecutor.java:106)
	at com.kms.katalon.core.main.TestCaseMain.startTestSuite(TestCaseMain.java:185)
	at com.kms.katalon.core.main.TestCaseMain$startTestSuite$0.call(Unknown Source)
	at TempTestSuite1657636060508.run(TempTestSuite1657636060508.groovy:36)
)
[[ATTACHMENT|C:\\Users\\rohinis\\Documents\\GitHub\\AccessKRE\\Reports\\20220712_195740\\Sanity\\AdminSuite\\20220712_195740\\1657636161417.png]]

2022-07-12 19:59:21 - [MESSAGE][FAILED] - Unable to verify object 'Object Repository/Cluster_Registration/Label_ManageServer' is present (Root cause: com.kms.katalon.core.exception.StepFailedException: Unable to verify object 'Object Repository/Cluster_Registration/Label_ManageServer' is present
	at com.kms.katalon.core.webui.keyword.internal.WebUIKeywordMain.stepFailed(WebUIKeywordMain.groovy:64)
	at com.kms.katalon.core.webui.keyword.internal.WebUIKeywordMain.runKeyword(WebUIKeywordMain.groovy:26)
	at com.kms.katalon.core.webui.keyword.builtin.VerifyElementPresentKeyword.verifyElementPresent(VerifyElementPresentKeyword.groovy:92)
	at com.kms.katalon.core.webui.keyword.builtin.VerifyElementPresentKeyword.execute(VerifyElementPresentKeyword.groovy:68)
	at com.kms.katalon.core.keyword.internal.KeywordExecutor.executeKeywordForPlatform(KeywordExecutor.groovy:74)
	at com.kms.katalon.core.webui.keyword.WebUiBuiltInKeywords.verifyElementPresent(WebUiBuiltInKeywords.groovy:1464)
	at com.kms.katalon.core.webui.keyword.WebUiBuiltInKeywords$verifyElementPresent$5.call(Unknown Source)
	at customWait.WaitForElement.WaitForelementPresent(WaitForElement.groovy:22)
	at customWait.WaitForElement.invokeMethod(WaitForElement.groovy)
	at com.kms.katalon.core.main.CustomKeywordDelegatingMetaClass.invokeStaticMethod(CustomKeywordDelegatingMetaClass.java:50)
	at ClusterRegistration.run(ClusterRegistration:89)
	at com.kms.katalon.core.main.ScriptEngine.run(ScriptEngine.java:194)
	at com.kms.katalon.core.main.ScriptEngine.runScriptAsRawText(ScriptEngine.java:119)
	at com.kms.katalon.core.main.TestCaseExecutor.runScript(TestCaseExecutor.java:445)
	at com.kms.katalon.core.main.TestCaseExecutor.doExecute(TestCaseExecutor.java:436)
	at com.kms.katalon.core.main.TestCaseExecutor.processExecutionPhase(TestCaseExecutor.java:415)
	at com.kms.katalon.core.main.TestCaseExecutor.accessMainPhase(TestCaseExecutor.java:407)
	at com.kms.katalon.core.main.TestCaseExecutor.execute(TestCaseExecutor.java:284)
	at com.kms.katalon.core.common.CommonExecutor.accessTestCaseMainPhase(CommonExecutor.java:65)
	at com.kms.katalon.core.main.TestSuiteExecutor.accessTestSuiteMainPhase(TestSuiteExecutor.java:144)
	at com.kms.katalon.core.main.TestSuiteExecutor.execute(TestSuiteExecutor.java:106)
	at com.kms.katalon.core.main.TestCaseMain.startTestSuite(TestCaseMain.java:185)
	at com.kms.katalon.core.main.TestCaseMain$startTestSuite$0.call(Unknown Source)
	at TempTestSuite1657636060508.run(TempTestSuite1657636060508.groovy:36)
Caused by: com.kms.katalon.core.exception.StepFailedException: com.kms.katalon.core.webui.exception.WebElementNotFoundException: Web element with id: 'Object Repository/Cluster_Registration/Label_ManageServer' located by '//label[@id = 'servermanagement_header_label']' not found
	at com.kms.katalon.core.webui.keyword.internal.WebUIKeywordMain.stepFailed(WebUIKeywordMain.groovy:64)
	at com.kms.katalon.core.webui.keyword.builtin.VerifyElementPresentKeyword$_verifyElementPresent_closure1.doCall(VerifyElementPresentKeyword.groovy:85)
	at com.kms.katalon.core.webui.keyword.builtin.VerifyElementPresentKeyword$_verifyElementPresent_closure1.call(VerifyElementPresentKeyword.groovy)
	at com.kms.katalon.core.webui.keyword.internal.WebUIKeywordMain.runKeyword(WebUIKeywordMain.groovy:20)
	... 22 more
)
[[ATTACHMENT|C:\\Users\\rohinis\\Documents\\GitHub\\AccessKRE\\Reports\\20220712_195740\\Sanity\\AdminSuite\\20220712_195740\\1657636161510.png]]

2022-07-12 19:59:22 - [MESSAGE][PASSED] - Delayed 1 second(s)

2022-07-12 19:59:24 - [MESSAGE][INFO] - Unable to find the element located by 'By.xpath: //label[@id = 'servermanagement_header_label']'. Please recheck the objects properties to make sure the desired element is located. 

2022-07-12 19:59:24 - [MESSAGE][FAILED] - com.kms.katalon.core.webui.exception.WebElementNotFoundException: Web element with id: 'Object Repository/Cluster_Registration/Label_ManageServer' located by '//label[@id = 'servermanagement_header_label']' not found (Root cause: com.kms.katalon.core.exception.StepFailedException: com.kms.katalon.core.webui.exception.WebElementNotFoundException: Web element with id: 'Object Repository/Cluster_Registration/Label_ManageServer' located by '//label[@id = 'servermanagement_header_label']' not found
	at com.kms.katalon.core.webui.keyword.internal.WebUIKeywordMain.stepFailed(WebUIKeywordMain.groovy:64)
	at com.kms.katalon.core.webui.keyword.builtin.VerifyElementPresentKeyword$_verifyElementPresent_closure1.doCall(VerifyElementPresentKeyword.groovy:85)
	at com.kms.katalon.core.webui.keyword.builtin.VerifyElementPresentKeyword$_verifyElementPresent_closure1.call(VerifyElementPresentKeyword.groovy)
	at com.kms.katalon.core.webui.keyword.internal.WebUIKeywordMain.runKeyword(WebUIKeywordMain.groovy:20)
	at com.kms.katalon.core.webui.keyword.builtin.VerifyElementPresentKeyword.verifyElementPresent(VerifyElementPresentKeyword.groovy:92)
	at com.kms.katalon.core.webui.keyword.builtin.VerifyElementPresentKeyword.execute(VerifyElementPresentKeyword.groovy:68)
	at com.kms.katalon.core.keyword.internal.KeywordExecutor.executeKeywordForPlatform(KeywordExecutor.groovy:74)
	at com.kms.katalon.core.webui.keyword.WebUiBuiltInKeywords.verifyElementPresent(WebUiBuiltInKeywords.groovy:1464)
	at com.kms.katalon.core.webui.keyword.WebUiBuiltInKeywords$verifyElementPresent$5.call(Unknown Source)
	at customWait.WaitForElement.WaitForelementPresent(WaitForElement.groovy:22)
	at customWait.WaitForElement.invokeMethod(WaitForElement.groovy)
	at com.kms.katalon.core.main.CustomKeywordDelegatingMetaClass.invokeStaticMethod(CustomKeywordDelegatingMetaClass.java:50)
	at ClusterRegistration.run(ClusterRegistration:89)
	at com.kms.katalon.core.main.ScriptEngine.run(ScriptEngine.java:194)
	at com.kms.katalon.core.main.ScriptEngine.runScriptAsRawText(ScriptEngine.java:119)
	at com.kms.katalon.core.main.TestCaseExecutor.runScript(TestCaseExecutor.java:445)
	at com.kms.katalon.core.main.TestCaseExecutor.doExecute(TestCaseExecutor.java:436)
	at com.kms.katalon.core.main.TestCaseExecutor.processExecutionPhase(TestCaseExecutor.java:415)
	at com.kms.katalon.core.main.TestCaseExecutor.accessMainPhase(TestCaseExecutor.java:407)
	at com.kms.katalon.core.main.TestCaseExecutor.execute(TestCaseExecutor.java:284)
	at com.kms.katalon.core.common.CommonExecutor.accessTestCaseMainPhase(CommonExecutor.java:65)
	at com.kms.katalon.core.main.TestSuiteExecutor.accessTestSuiteMainPhase(TestSuiteExecutor.java:144)
	at com.kms.katalon.core.main.TestSuiteExecutor.execute(TestSuiteExecutor.java:106)
	at com.kms.katalon.core.main.TestCaseMain.startTestSuite(TestCaseMain.java:185)
	at com.kms.katalon.core.main.TestCaseMain$startTestSuite$0.call(Unknown Source)
	at TempTestSuite1657636060508.run(TempTestSuite1657636060508.groovy:36)
)
[[ATTACHMENT|C:\\Users\\rohinis\\Documents\\GitHub\\AccessKRE\\Reports\\20220712_195740\\Sanity\\AdminSuite\\20220712_195740\\1657636164633.png]]

2022-07-12 19:59:24 - [MESSAGE][FAILED] - Unable to verify object 'Object Repository/Cluster_Registration/Label_ManageServer' is present (Root cause: com.kms.katalon.core.exception.StepFailedException: Unable to verify object 'Object Repository/Cluster_Registration/Label_ManageServer' is present
	at com.kms.katalon.core.webui.keyword.internal.WebUIKeywordMain.stepFailed(WebUIKeywordMain.groovy:64)
	at com.kms.katalon.core.webui.keyword.internal.WebUIKeywordMain.runKeyword(WebUIKeywordMain.groovy:26)
	at com.kms.katalon.core.webui.keyword.builtin.VerifyElementPresentKeyword.verifyElementPresent(VerifyElementPresentKeyword.groovy:92)
	at com.kms.katalon.core.webui.keyword.builtin.VerifyElementPresentKeyword.execute(VerifyElementPresentKeyword.groovy:68)
	at com.kms.katalon.core.keyword.internal.KeywordExecutor.executeKeywordForPlatform(KeywordExecutor.groovy:74)
	at com.kms.katalon.core.webui.keyword.WebUiBuiltInKeywords.verifyElementPresent(WebUiBuiltInKeywords.groovy:1464)
	at com.kms.katalon.core.webui.keyword.WebUiBuiltInKeywords$verifyElementPresent$5.call(Unknown Source)
	at customWait.WaitForElement.WaitForelementPresent(WaitForElement.groovy:22)
	at customWait.WaitForElement.invokeMethod(WaitForElement.groovy)
	at com.kms.katalon.core.main.CustomKeywordDelegatingMetaClass.invokeStaticMethod(CustomKeywordDelegatingMetaClass.java:50)
	at ClusterRegistration.run(ClusterRegistration:89)
	at com.kms.katalon.core.main.ScriptEngine.run(ScriptEngine.java:194)
	at com.kms.katalon.core.main.ScriptEngine.runScriptAsRawText(ScriptEngine.java:119)
	at com.kms.katalon.core.main.TestCaseExecutor.runScript(TestCaseExecutor.java:445)
	at com.kms.katalon.core.main.TestCaseExecutor.doExecute(TestCaseExecutor.java:436)
	at com.kms.katalon.core.main.TestCaseExecutor.processExecutionPhase(TestCaseExecutor.java:415)
	at com.kms.katalon.core.main.TestCaseExecutor.accessMainPhase(TestCaseExecutor.java:407)
	at com.kms.katalon.core.main.TestCaseExecutor.execute(TestCaseExecutor.java:284)
	at com.kms.katalon.core.common.CommonExecutor.accessTestCaseMainPhase(CommonExecutor.java:65)
	at com.kms.katalon.core.main.TestSuiteExecutor.accessTestSuiteMainPhase(TestSuiteExecutor.java:144)
	at com.kms.katalon.core.main.TestSuiteExecutor.execute(TestSuiteExecutor.java:106)
	at com.kms.katalon.core.main.TestCaseMain.startTestSuite(TestCaseMain.java:185)
	at com.kms.katalon.core.main.TestCaseMain$startTestSuite$0.call(Unknown Source)
	at TempTestSuite1657636060508.run(TempTestSuite1657636060508.groovy:36)
Caused by: com.kms.katalon.core.exception.StepFailedException: com.kms.katalon.core.webui.exception.WebElementNotFoundException: Web element with id: 'Object Repository/Cluster_Registration/Label_ManageServer' located by '//label[@id = 'servermanagement_header_label']' not found
	at com.kms.katalon.core.webui.keyword.internal.WebUIKeywordMain.stepFailed(WebUIKeywordMain.groovy:64)
	at com.kms.katalon.core.webui.keyword.builtin.VerifyElementPresentKeyword$_verifyElementPresent_closure1.doCall(VerifyElementPresentKeyword.groovy:85)
	at com.kms.katalon.core.webui.keyword.builtin.VerifyElementPresentKeyword$_verifyElementPresent_closure1.call(VerifyElementPresentKeyword.groovy)
	at com.kms.katalon.core.webui.keyword.internal.WebUIKeywordMain.runKeyword(WebUIKeywordMain.groovy:20)
	... 22 more
)
[[ATTACHMENT|C:\\Users\\rohinis\\Documents\\GitHub\\AccessKRE\\Reports\\20220712_195740\\Sanity\\AdminSuite\\20220712_195740\\1657636164733.png]]

2022-07-12 19:59:25 - [MESSAGE][PASSED] - Delayed 1 second(s)

2022-07-12 19:59:27 - [MESSAGE][INFO] - Unable to find the element located by 'By.xpath: //label[@id = 'servermanagement_header_label']'. Please recheck the objects properties to make sure the desired element is located. 

2022-07-12 19:59:27 - [MESSAGE][FAILED] - com.kms.katalon.core.webui.exception.WebElementNotFoundException: Web element with id: 'Object Repository/Cluster_Registration/Label_ManageServer' located by '//label[@id = 'servermanagement_header_label']' not found (Root cause: com.kms.katalon.core.exception.StepFailedException: com.kms.katalon.core.webui.exception.WebElementNotFoundException: Web element with id: 'Object Repository/Cluster_Registration/Label_ManageServer' located by '//label[@id = 'servermanagement_header_label']' not found
	at com.kms.katalon.core.webui.keyword.internal.WebUIKeywordMain.stepFailed(WebUIKeywordMain.groovy:64)
	at com.kms.katalon.core.webui.keyword.builtin.VerifyElementPresentKeyword$_verifyElementPresent_closure1.doCall(VerifyElementPresentKeyword.groovy:85)
	at com.kms.katalon.core.webui.keyword.builtin.VerifyElementPresentKeyword$_verifyElementPresent_closure1.call(VerifyElementPresentKeyword.groovy)
	at com.kms.katalon.core.webui.keyword.internal.WebUIKeywordMain.runKeyword(WebUIKeywordMain.groovy:20)
	at com.kms.katalon.core.webui.keyword.builtin.VerifyElementPresentKeyword.verifyElementPresent(VerifyElementPresentKeyword.groovy:92)
	at com.kms.katalon.core.webui.keyword.builtin.VerifyElementPresentKeyword.execute(VerifyElementPresentKeyword.groovy:68)
	at com.kms.katalon.core.keyword.internal.KeywordExecutor.executeKeywordForPlatform(KeywordExecutor.groovy:74)
	at com.kms.katalon.core.webui.keyword.WebUiBuiltInKeywords.verifyElementPresent(WebUiBuiltInKeywords.groovy:1464)
	at com.kms.katalon.core.webui.keyword.WebUiBuiltInKeywords$verifyElementPresent$5.call(Unknown Source)
	at customWait.WaitForElement.WaitForelementPresent(WaitForElement.groovy:22)
	at customWait.WaitForElement.invokeMethod(WaitForElement.groovy)
	at com.kms.katalon.core.main.CustomKeywordDelegatingMetaClass.invokeStaticMethod(CustomKeywordDelegatingMetaClass.java:50)
	at ClusterRegistration.run(ClusterRegistration:89)
	at com.kms.katalon.core.main.ScriptEngine.run(ScriptEngine.java:194)
	at com.kms.katalon.core.main.ScriptEngine.runScriptAsRawText(ScriptEngine.java:119)
	at com.kms.katalon.core.main.TestCaseExecutor.runScript(TestCaseExecutor.java:445)
	at com.kms.katalon.core.main.TestCaseExecutor.doExecute(TestCaseExecutor.java:436)
	at com.kms.katalon.core.main.TestCaseExecutor.processExecutionPhase(TestCaseExecutor.java:415)
	at com.kms.katalon.core.main.TestCaseExecutor.accessMainPhase(TestCaseExecutor.java:407)
	at com.kms.katalon.core.main.TestCaseExecutor.execute(TestCaseExecutor.java:284)
	at com.kms.katalon.core.common.CommonExecutor.accessTestCaseMainPhase(CommonExecutor.java:65)
	at com.kms.katalon.core.main.TestSuiteExecutor.accessTestSuiteMainPhase(TestSuiteExecutor.java:144)
	at com.kms.katalon.core.main.TestSuiteExecutor.execute(TestSuiteExecutor.java:106)
	at com.kms.katalon.core.main.TestCaseMain.startTestSuite(TestCaseMain.java:185)
	at com.kms.katalon.core.main.TestCaseMain$startTestSuite$0.call(Unknown Source)
	at TempTestSuite1657636060508.run(TempTestSuite1657636060508.groovy:36)
)
[[ATTACHMENT|C:\\Users\\rohinis\\Documents\\GitHub\\AccessKRE\\Reports\\20220712_195740\\Sanity\\AdminSuite\\20220712_195740\\1657636167863.png]]

2022-07-12 19:59:28 - [MESSAGE][FAILED] - Unable to verify object 'Object Repository/Cluster_Registration/Label_ManageServer' is present (Root cause: com.kms.katalon.core.exception.StepFailedException: Unable to verify object 'Object Repository/Cluster_Registration/Label_ManageServer' is present
	at com.kms.katalon.core.webui.keyword.internal.WebUIKeywordMain.stepFailed(WebUIKeywordMain.groovy:64)
	at com.kms.katalon.core.webui.keyword.internal.WebUIKeywordMain.runKeyword(WebUIKeywordMain.groovy:26)
	at com.kms.katalon.core.webui.keyword.builtin.VerifyElementPresentKeyword.verifyElementPresent(VerifyElementPresentKeyword.groovy:92)
	at com.kms.katalon.core.webui.keyword.builtin.VerifyElementPresentKeyword.execute(VerifyElementPresentKeyword.groovy:68)
	at com.kms.katalon.core.keyword.internal.KeywordExecutor.executeKeywordForPlatform(KeywordExecutor.groovy:74)
	at com.kms.katalon.core.webui.keyword.WebUiBuiltInKeywords.verifyElementPresent(WebUiBuiltInKeywords.groovy:1464)
	at com.kms.katalon.core.webui.keyword.WebUiBuiltInKeywords$verifyElementPresent$5.call(Unknown Source)
	at customWait.WaitForElement.WaitForelementPresent(WaitForElement.groovy:22)
	at customWait.WaitForElement.invokeMethod(WaitForElement.groovy)
	at com.kms.katalon.core.main.CustomKeywordDelegatingMetaClass.invokeStaticMethod(CustomKeywordDelegatingMetaClass.java:50)
	at ClusterRegistration.run(ClusterRegistration:89)
	at com.kms.katalon.core.main.ScriptEngine.run(ScriptEngine.java:194)
	at com.kms.katalon.core.main.ScriptEngine.runScriptAsRawText(ScriptEngine.java:119)
	at com.kms.katalon.core.main.TestCaseExecutor.runScript(TestCaseExecutor.java:445)
	at com.kms.katalon.core.main.TestCaseExecutor.doExecute(TestCaseExecutor.java:436)
	at com.kms.katalon.core.main.TestCaseExecutor.processExecutionPhase(TestCaseExecutor.java:415)
	at com.kms.katalon.core.main.TestCaseExecutor.accessMainPhase(TestCaseExecutor.java:407)
	at com.kms.katalon.core.main.TestCaseExecutor.execute(TestCaseExecutor.java:284)
	at com.kms.katalon.core.common.CommonExecutor.accessTestCaseMainPhase(CommonExecutor.java:65)
	at com.kms.katalon.core.main.TestSuiteExecutor.accessTestSuiteMainPhase(TestSuiteExecutor.java:144)
	at com.kms.katalon.core.main.TestSuiteExecutor.execute(TestSuiteExecutor.java:106)
	at com.kms.katalon.core.main.TestCaseMain.startTestSuite(TestCaseMain.java:185)
	at com.kms.katalon.core.main.TestCaseMain$startTestSuite$0.call(Unknown Source)
	at TempTestSuite1657636060508.run(TempTestSuite1657636060508.groovy:36)
Caused by: com.kms.katalon.core.exception.StepFailedException: com.kms.katalon.core.webui.exception.WebElementNotFoundException: Web element with id: 'Object Repository/Cluster_Registration/Label_ManageServer' located by '//label[@id = 'servermanagement_header_label']' not found
	at com.kms.katalon.core.webui.keyword.internal.WebUIKeywordMain.stepFailed(WebUIKeywordMain.groovy:64)
	at com.kms.katalon.core.webui.keyword.builtin.VerifyElementPresentKeyword$_verifyElementPresent_closure1.doCall(VerifyElementPresentKeyword.groovy:85)
	at com.kms.katalon.core.webui.keyword.builtin.VerifyElementPresentKeyword$_verifyElementPresent_closure1.call(VerifyElementPresentKeyword.groovy)
	at com.kms.katalon.core.webui.keyword.internal.WebUIKeywordMain.runKeyword(WebUIKeywordMain.groovy:20)
	... 22 more
)
[[ATTACHMENT|C:\\Users\\rohinis\\Documents\\GitHub\\AccessKRE\\Reports\\20220712_195740\\Sanity\\AdminSuite\\20220712_195740\\1657636167948.png]]

2022-07-12 19:59:29 - [MESSAGE][PASSED] - Delayed 1 second(s)

2022-07-12 19:59:31 - [MESSAGE][INFO] - Unable to find the element located by 'By.xpath: //label[@id = 'servermanagement_header_label']'. Please recheck the objects properties to make sure the desired element is located. 

2022-07-12 19:59:31 - [MESSAGE][FAILED] - com.kms.katalon.core.webui.exception.WebElementNotFoundException: Web element with id: 'Object Repository/Cluster_Registration/Label_ManageServer' located by '//label[@id = 'servermanagement_header_label']' not found (Root cause: com.kms.katalon.core.exception.StepFailedException: com.kms.katalon.core.webui.exception.WebElementNotFoundException: Web element with id: 'Object Repository/Cluster_Registration/Label_ManageServer' located by '//label[@id = 'servermanagement_header_label']' not found
	at com.kms.katalon.core.webui.keyword.internal.WebUIKeywordMain.stepFailed(WebUIKeywordMain.groovy:64)
	at com.kms.katalon.core.webui.keyword.builtin.VerifyElementPresentKeyword$_verifyElementPresent_closure1.doCall(VerifyElementPresentKeyword.groovy:85)
	at com.kms.katalon.core.webui.keyword.builtin.VerifyElementPresentKeyword$_verifyElementPresent_closure1.call(VerifyElementPresentKeyword.groovy)
	at com.kms.katalon.core.webui.keyword.internal.WebUIKeywordMain.runKeyword(WebUIKeywordMain.groovy:20)
	at com.kms.katalon.core.webui.keyword.builtin.VerifyElementPresentKeyword.verifyElementPresent(VerifyElementPresentKeyword.groovy:92)
	at com.kms.katalon.core.webui.keyword.builtin.VerifyElementPresentKeyword.execute(VerifyElementPresentKeyword.groovy:68)
	at com.kms.katalon.core.keyword.internal.KeywordExecutor.executeKeywordForPlatform(KeywordExecutor.groovy:74)
	at com.kms.katalon.core.webui.keyword.WebUiBuiltInKeywords.verifyElementPresent(WebUiBuiltInKeywords.groovy:1464)
	at com.kms.katalon.core.webui.keyword.WebUiBuiltInKeywords$verifyElementPresent$5.call(Unknown Source)
	at customWait.WaitForElement.WaitForelementPresent(WaitForElement.groovy:22)
	at customWait.WaitForElement.invokeMethod(WaitForElement.groovy)
	at com.kms.katalon.core.main.CustomKeywordDelegatingMetaClass.invokeStaticMethod(CustomKeywordDelegatingMetaClass.java:50)
	at ClusterRegistration.run(ClusterRegistration:89)
	at com.kms.katalon.core.main.ScriptEngine.run(ScriptEngine.java:194)
	at com.kms.katalon.core.main.ScriptEngine.runScriptAsRawText(ScriptEngine.java:119)
	at com.kms.katalon.core.main.TestCaseExecutor.runScript(TestCaseExecutor.java:445)
	at com.kms.katalon.core.main.TestCaseExecutor.doExecute(TestCaseExecutor.java:436)
	at com.kms.katalon.core.main.TestCaseExecutor.processExecutionPhase(TestCaseExecutor.java:415)
	at com.kms.katalon.core.main.TestCaseExecutor.accessMainPhase(TestCaseExecutor.java:407)
	at com.kms.katalon.core.main.TestCaseExecutor.execute(TestCaseExecutor.java:284)
	at com.kms.katalon.core.common.CommonExecutor.accessTestCaseMainPhase(CommonExecutor.java:65)
	at com.kms.katalon.core.main.TestSuiteExecutor.accessTestSuiteMainPhase(TestSuiteExecutor.java:144)
	at com.kms.katalon.core.main.TestSuiteExecutor.execute(TestSuiteExecutor.java:106)
	at com.kms.katalon.core.main.TestCaseMain.startTestSuite(TestCaseMain.java:185)
	at com.kms.katalon.core.main.TestCaseMain$startTestSuite$0.call(Unknown Source)
	at TempTestSuite1657636060508.run(TempTestSuite1657636060508.groovy:36)
)
[[ATTACHMENT|C:\\Users\\rohinis\\Documents\\GitHub\\AccessKRE\\Reports\\20220712_195740\\Sanity\\AdminSuite\\20220712_195740\\1657636171107.png]]

2022-07-12 19:59:31 - [MESSAGE][FAILED] - Unable to verify object 'Object Repository/Cluster_Registration/Label_ManageServer' is present (Root cause: com.kms.katalon.core.exception.StepFailedException: Unable to verify object 'Object Repository/Cluster_Registration/Label_ManageServer' is present
	at com.kms.katalon.core.webui.keyword.internal.WebUIKeywordMain.stepFailed(WebUIKeywordMain.groovy:64)
	at com.kms.katalon.core.webui.keyword.internal.WebUIKeywordMain.runKeyword(WebUIKeywordMain.groovy:26)
	at com.kms.katalon.core.webui.keyword.builtin.VerifyElementPresentKeyword.verifyElementPresent(VerifyElementPresentKeyword.groovy:92)
	at com.kms.katalon.core.webui.keyword.builtin.VerifyElementPresentKeyword.execute(VerifyElementPresentKeyword.groovy:68)
	at com.kms.katalon.core.keyword.internal.KeywordExecutor.executeKeywordForPlatform(KeywordExecutor.groovy:74)
	at com.kms.katalon.core.webui.keyword.WebUiBuiltInKeywords.verifyElementPresent(WebUiBuiltInKeywords.groovy:1464)
	at com.kms.katalon.core.webui.keyword.WebUiBuiltInKeywords$verifyElementPresent$5.call(Unknown Source)
	at customWait.WaitForElement.WaitForelementPresent(WaitForElement.groovy:22)
	at customWait.WaitForElement.invokeMethod(WaitForElement.groovy)
	at com.kms.katalon.core.main.CustomKeywordDelegatingMetaClass.invokeStaticMethod(CustomKeywordDelegatingMetaClass.java:50)
	at ClusterRegistration.run(ClusterRegistration:89)
	at com.kms.katalon.core.main.ScriptEngine.run(ScriptEngine.java:194)
	at com.kms.katalon.core.main.ScriptEngine.runScriptAsRawText(ScriptEngine.java:119)
	at com.kms.katalon.core.main.TestCaseExecutor.runScript(TestCaseExecutor.java:445)
	at com.kms.katalon.core.main.TestCaseExecutor.doExecute(TestCaseExecutor.java:436)
	at com.kms.katalon.core.main.TestCaseExecutor.processExecutionPhase(TestCaseExecutor.java:415)
	at com.kms.katalon.core.main.TestCaseExecutor.accessMainPhase(TestCaseExecutor.java:407)
	at com.kms.katalon.core.main.TestCaseExecutor.execute(TestCaseExecutor.java:284)
	at com.kms.katalon.core.common.CommonExecutor.accessTestCaseMainPhase(CommonExecutor.java:65)
	at com.kms.katalon.core.main.TestSuiteExecutor.accessTestSuiteMainPhase(TestSuiteExecutor.java:144)
	at com.kms.katalon.core.main.TestSuiteExecutor.execute(TestSuiteExecutor.java:106)
	at com.kms.katalon.core.main.TestCaseMain.startTestSuite(TestCaseMain.java:185)
	at com.kms.katalon.core.main.TestCaseMain$startTestSuite$0.call(Unknown Source)
	at TempTestSuite1657636060508.run(TempTestSuite1657636060508.groovy:36)
Caused by: com.kms.katalon.core.exception.StepFailedException: com.kms.katalon.core.webui.exception.WebElementNotFoundException: Web element with id: 'Object Repository/Cluster_Registration/Label_ManageServer' located by '//label[@id = 'servermanagement_header_label']' not found
	at com.kms.katalon.core.webui.keyword.internal.WebUIKeywordMain.stepFailed(WebUIKeywordMain.groovy:64)
	at com.kms.katalon.core.webui.keyword.builtin.VerifyElementPresentKeyword$_verifyElementPresent_closure1.doCall(VerifyElementPresentKeyword.groovy:85)
	at com.kms.katalon.core.webui.keyword.builtin.VerifyElementPresentKeyword$_verifyElementPresent_closure1.call(VerifyElementPresentKeyword.groovy)
	at com.kms.katalon.core.webui.keyword.internal.WebUIKeywordMain.runKeyword(WebUIKeywordMain.groovy:20)
	... 22 more
)
[[ATTACHMENT|C:\\Users\\rohinis\\Documents\\GitHub\\AccessKRE\\Reports\\20220712_195740\\Sanity\\AdminSuite\\20220712_195740\\1657636171205.png]]

2022-07-12 19:59:32 - [MESSAGE][PASSED] - Delayed 1 second(s)

2022-07-12 19:59:32 - [MESSAGE][PASSED] - Object 'Object Repository/Cluster_Registration/Label_ManageServer' is present

2022-07-12 19:59:32 - [MESSAGE][PASSED] - Object 'Object Repository/Cluster_Registration/Label_ManageServer' is clickable

2022-07-12 19:59:32 - [MESSAGE][PASSED] - customWait.WaitForElement.WaitForelementPresent is PASSED

2022-07-12 19:59:32 - [TEST_STEP][PASSED] - if (lblMngSrv): null

2022-07-12 19:59:32 - [TEST_STEP][PASSED] - result = operations_JobsModule.GetJobRowDetails.listServer(katalonWebDriver, colid, server, extentTest): operations_JobsModule.GetJobRowDetails.listServer is PASSED

2022-07-12 19:59:37 - [MESSAGE][PASSED] - Delayed 5 second(s)

2022-07-12 19:59:37 - [MESSAGE][PASSED] - operations_JobsModule.GetJobRowDetails.listServer is PASSED

2022-07-12 19:59:37 - [TEST_STEP][PASSED] - extentTest.log(PASS, "Verifed the cluster"): null

2022-07-12 19:59:37 - [TEST_STEP][PASSED] - break: null

2022-07-12 19:59:37 - [TEST_STEP][PASSED] - if (result): null

2022-07-12 19:59:37 - [TEST_STEP][PASSED] - extentTest.log(PASS, "Verified - " + TestCaseName + "  Sucessfully"): null

2022-07-12 19:59:37 - [TEST_STEP][PASSED] - Finally: null

2022-07-12 19:59:37 - [TEST_STEP][PASSED] - extentTest.log(PASS, "Closing the browser after executinge test case - " + TestCaseName): null

2022-07-12 19:59:37 - [TEST_STEP][PASSED] - Start listener action : sampleAfterTestCase: null]]></system-out>
         <system-err><![CDATA[]]></system-err>
      </testcase>
      <testcase name="Test Cases/Cluster_Registration/ClusterRegistration" time="61.716" classname="Test Cases/Cluster_Registration/ClusterRegistration" status="PASSED">
         <system-out><![CDATA[2022-07-12 19:59:37 - [TEST_CASE][PASSED] - Test Cases/Cluster_Registration/ClusterRegistration: Test Cases/Cluster_Registration/ClusterRegistration

2022-07-12 19:59:37 - [TEST_STEP][PASSED] - Start listener action : BeforeTestCase: null

2022-07-12 19:59:37 - [TEST_STEP][PASSED] - variableList = testCaseContext.getTestCaseVariables(): null

2022-07-12 19:59:37 - [TEST_STEP][PASSED] - println("context - " + variableList): null

2022-07-12 19:59:37 - [TEST_STEP][PASSED] - println(testCaseContext.getTestCaseId()): null

2022-07-12 19:59:37 - [TEST_STEP][PASSED] - tcID = testCaseContext.getTestCaseId(): null

2022-07-12 19:59:37 - [TEST_STEP][PASSED] - tcScript = tcID.split("\/"): null

2022-07-12 19:59:37 - [TEST_STEP][PASSED] - len = tcScript.size(): null

2022-07-12 19:59:37 - [TEST_STEP][PASSED] - tcScriptName = tcScript[len - 1]: null

2022-07-12 19:59:37 - [TEST_STEP][PASSED] - println("=========================="): null

2022-07-12 19:59:37 - [TEST_STEP][PASSED] - println(tcScriptName): null

2022-07-12 19:59:37 - [TEST_STEP][PASSED] - println("=========================="): null

2022-07-12 19:59:37 - [TEST_STEP][PASSED] - testcaseName = generateReports.testCaseNameChange.toSplit(variableList, "TestCaseName"): generateReports.testCaseNameChange.toSplit is PASSED

2022-07-12 19:59:37 - [MESSAGE][PASSED] - generateReports.testCaseNameChange.toSplit is PASSED

2022-07-12 19:59:37 - [TEST_STEP][PASSED] - UpdatedtestcaseName = generateReports.testCaseNameChange.updateTCName(testcaseName, variableList, tcScriptName): generateReports.testCaseNameChange.updateTCName is PASSED

2022-07-12 19:59:37 - [MESSAGE][PASSED] - generateReports.testCaseNameChange.updateTCName is PASSED

2022-07-12 19:59:37 - [TEST_STEP][PASSED] - println("new tn  --- " + UpdatedtestcaseName): null

2022-07-12 19:59:37 - [TEST_STEP][PASSED] - println("-------------------------"): null

2022-07-12 19:59:37 - [TEST_STEP][PASSED] - if (tcScriptName.equals("JobSubmission-FileOperations") && UpdatedtestcaseName.contains("tile view")): null

2022-07-12 19:59:37 - [TEST_STEP][PASSED] - else: null

2022-07-12 19:59:37 - [TEST_STEP][PASSED] - G_ExtentTest = extent.createTest(UpdatedtestcaseName): null

2022-07-12 19:59:37 - [TEST_STEP][PASSED] - extentTest = G_ExtentTest: null

2022-07-12 19:59:37 - [TEST_STEP][PASSED] - try: null

2022-07-12 19:59:37 - [TEST_STEP][PASSED] - openBrowser(""): Browser is opened with url: ''

2022-07-12 19:59:37 - [MESSAGE][WARNING] - A browser is already opened. Closing browser and opening a new one

2022-07-12 19:59:42 - [MESSAGE][INFO] - Starting 'Firefox' driver

2022-07-12 19:59:42 - [MESSAGE][INFO] - User set Firefox profile preference: ['browser.download.manager.showWhenStarting', 'false']

2022-07-12 19:59:42 - [MESSAGE][INFO] - User set Firefox profile preference: ['browser.helperApps.neverAsk.saveToDisk', 'text/csv,application/vnd.openxmlformats-officedocument.spreadsheetml.sheet,application/vnd.ms-excel,application/msexcel,application/x-msexcel,application/excel,application/octet-stream']

2022-07-12 19:59:42 - [MESSAGE][INFO] - User set Firefox profile preference: ['browser.helperApps.neverAsk.openFile', 'text/csv,application/vnd.ms-excel,application/msexcel,application/x-msexcel,application/excel,,application/octet-stream']

2022-07-12 19:59:42 - [MESSAGE][INFO] - User set Firefox profile preference: ['browser.download.folderList', '2']

2022-07-12 19:59:42 - [MESSAGE][INFO] - User set Firefox profile preference: ['browser.helperApps.alwaysAsk.force', 'false']

2022-07-12 19:59:42 - [MESSAGE][INFO] - User set Firefox profile preference: ['browser.download.forbid_open_with ', 'true']

2022-07-12 19:59:42 - [MESSAGE][INFO] - User set Firefox profile preference: ['browser.download.panel.shown', 'false']

2022-07-12 19:59:42 - [MESSAGE][INFO] - User set Firefox profile preference: ['browser.download.dir', 'c:/katalonDownloads']

2022-07-12 19:59:42 - [MESSAGE][INFO] - User set Firefox profile preference: ['browser.download.manager.openDelay', '1']

2022-07-12 19:59:42 - [MESSAGE][INFO] - Action delay is set to 0 milliseconds

2022-07-12 19:59:46 - [MESSAGE][PASSED] - Browser is opened with url: ''

2022-07-12 19:59:46 - [TEST_STEP][PASSED] - G_ExtentTest.log(PASS, "Navigated to Acces Instance - " + G_BaseUrl): null

2022-07-12 19:59:46 - [TEST_STEP][PASSED] - deleteAllCookies(): Delete all cookies successfully

2022-07-12 19:59:46 - [MESSAGE][PASSED] - Delete all cookies successfully

2022-07-12 19:59:46 - [TEST_STEP][PASSED] - navigateToUrl(G_BaseUrl): Navigate to 'https://10.75.22.62:4443/pbsworks' successfully

2022-07-12 20:00:07 - [MESSAGE][PASSED] - Navigate to 'https://10.75.22.62:4443/pbsworks' successfully

2022-07-12 20:00:07 - [TEST_STEP][PASSED] - maximizeWindow(): Current window maximized

2022-07-12 20:00:07 - [MESSAGE][PASSED] - Current window maximized

2022-07-12 20:00:07 - [TEST_STEP][PASSED] - driver = getWebDriver(): null

2022-07-12 20:00:07 - [TEST_STEP][PASSED] - caps = getWrappedDriver().getCapabilities(): null

2022-07-12 20:00:07 - [TEST_STEP][PASSED] - bn = caps.getBrowserName(): null

2022-07-12 20:00:07 - [TEST_STEP][PASSED] - bv = caps.getVersion(): null

2022-07-12 20:00:07 - [TEST_STEP][PASSED] - driver = getWebDriver(): null

2022-07-12 20:00:07 - [TEST_STEP][PASSED] - eventFiring = getWebDriver(): null

2022-07-12 20:00:07 - [TEST_STEP][PASSED] - wrappedWebDriver = eventFiring.getWrappedDriver(): null

2022-07-12 20:00:07 - [TEST_STEP][PASSED] - katalonWebDriver = wrappedWebDriver: null

2022-07-12 20:00:07 - [TEST_STEP][PASSED] - extentTest = G_ExtentTest: null

2022-07-12 20:00:07 - [TEST_STEP][PASSED] - toLogin.ForLogin.Login(extentTest): toLogin.ForLogin.Login is PASSED

2022-07-12 20:00:09 - [MESSAGE][PASSED] - Text 'pbsworks' is set on object 'Object Repository/LoginPage/username_txtbx'

2022-07-12 20:00:10 - [MESSAGE][PASSED] - Text 'pbsworks' is set on object 'Object Repository/LoginPage/password_txtbx'

2022-07-12 20:00:12 - [MESSAGE][PASSED] - Object: 'Object Repository/LoginPage/login_btn' is clicked on

2022-07-12 20:00:13 - [MESSAGE][PASSED] - Delayed 1 second(s)

2022-07-12 20:00:15 - [MESSAGE][INFO] - Unable to find the element located by 'By.xpath: //div[@id = 'ShellScript']'. Please recheck the objects properties to make sure the desired element is located. 

2022-07-12 20:00:16 - [MESSAGE][FAILED] - com.kms.katalon.core.webui.exception.WebElementNotFoundException: Web element with id: 'Object Repository/NewJobPage/AppList_ShellScript' located by '//div[@id = 'ShellScript']' not found (Root cause: com.kms.katalon.core.exception.StepFailedException: com.kms.katalon.core.webui.exception.WebElementNotFoundException: Web element with id: 'Object Repository/NewJobPage/AppList_ShellScript' located by '//div[@id = 'ShellScript']' not found
	at com.kms.katalon.core.webui.keyword.internal.WebUIKeywordMain.stepFailed(WebUIKeywordMain.groovy:64)
	at com.kms.katalon.core.webui.keyword.builtin.VerifyElementPresentKeyword$_verifyElementPresent_closure1.doCall(VerifyElementPresentKeyword.groovy:85)
	at com.kms.katalon.core.webui.keyword.builtin.VerifyElementPresentKeyword$_verifyElementPresent_closure1.call(VerifyElementPresentKeyword.groovy)
	at com.kms.katalon.core.webui.keyword.internal.WebUIKeywordMain.runKeyword(WebUIKeywordMain.groovy:20)
	at com.kms.katalon.core.webui.keyword.builtin.VerifyElementPresentKeyword.verifyElementPresent(VerifyElementPresentKeyword.groovy:92)
	at com.kms.katalon.core.webui.keyword.builtin.VerifyElementPresentKeyword.execute(VerifyElementPresentKeyword.groovy:68)
	at com.kms.katalon.core.keyword.internal.KeywordExecutor.executeKeywordForPlatform(KeywordExecutor.groovy:74)
	at com.kms.katalon.core.webui.keyword.WebUiBuiltInKeywords.verifyElementPresent(WebUiBuiltInKeywords.groovy:1464)
	at com.kms.katalon.core.webui.keyword.WebUiBuiltInKeywords$verifyElementPresent$5.call(Unknown Source)
	at customWait.WaitForElement.WaitForelementPresent(WaitForElement.groovy:22)
	at customWait.WaitForElement$WaitForelementPresent.call(Unknown Source)
	at toLogin.ForLogin.Login(ForLogin.groovy:28)
	at toLogin.ForLogin.invokeMethod(ForLogin.groovy)
	at com.kms.katalon.core.main.CustomKeywordDelegatingMetaClass.invokeStaticMethod(CustomKeywordDelegatingMetaClass.java:50)
	at ClusterRegistration.run(ClusterRegistration:31)
	at com.kms.katalon.core.main.ScriptEngine.run(ScriptEngine.java:194)
	at com.kms.katalon.core.main.ScriptEngine.runScriptAsRawText(ScriptEngine.java:119)
	at com.kms.katalon.core.main.TestCaseExecutor.runScript(TestCaseExecutor.java:445)
	at com.kms.katalon.core.main.TestCaseExecutor.doExecute(TestCaseExecutor.java:436)
	at com.kms.katalon.core.main.TestCaseExecutor.processExecutionPhase(TestCaseExecutor.java:415)
	at com.kms.katalon.core.main.TestCaseExecutor.accessMainPhase(TestCaseExecutor.java:407)
	at com.kms.katalon.core.main.TestCaseExecutor.execute(TestCaseExecutor.java:284)
	at com.kms.katalon.core.common.CommonExecutor.accessTestCaseMainPhase(CommonExecutor.java:65)
	at com.kms.katalon.core.main.TestSuiteExecutor.accessTestSuiteMainPhase(TestSuiteExecutor.java:144)
	at com.kms.katalon.core.main.TestSuiteExecutor.execute(TestSuiteExecutor.java:106)
	at com.kms.katalon.core.main.TestCaseMain.startTestSuite(TestCaseMain.java:185)
	at com.kms.katalon.core.main.TestCaseMain$startTestSuite$0.call(Unknown Source)
	at TempTestSuite1657636060508.run(TempTestSuite1657636060508.groovy:36)
)
[[ATTACHMENT|C:\\Users\\rohinis\\Documents\\GitHub\\AccessKRE\\Reports\\20220712_195740\\Sanity\\AdminSuite\\20220712_195740\\1657636215833.png]]

2022-07-12 20:00:16 - [MESSAGE][FAILED] - Unable to verify object 'Object Repository/NewJobPage/AppList_ShellScript' is present (Root cause: com.kms.katalon.core.exception.StepFailedException: Unable to verify object 'Object Repository/NewJobPage/AppList_ShellScript' is present
	at com.kms.katalon.core.webui.keyword.internal.WebUIKeywordMain.stepFailed(WebUIKeywordMain.groovy:64)
	at com.kms.katalon.core.webui.keyword.internal.WebUIKeywordMain.runKeyword(WebUIKeywordMain.groovy:26)
	at com.kms.katalon.core.webui.keyword.builtin.VerifyElementPresentKeyword.verifyElementPresent(VerifyElementPresentKeyword.groovy:92)
	at com.kms.katalon.core.webui.keyword.builtin.VerifyElementPresentKeyword.execute(VerifyElementPresentKeyword.groovy:68)
	at com.kms.katalon.core.keyword.internal.KeywordExecutor.executeKeywordForPlatform(KeywordExecutor.groovy:74)
	at com.kms.katalon.core.webui.keyword.WebUiBuiltInKeywords.verifyElementPresent(WebUiBuiltInKeywords.groovy:1464)
	at com.kms.katalon.core.webui.keyword.WebUiBuiltInKeywords$verifyElementPresent$5.call(Unknown Source)
	at customWait.WaitForElement.WaitForelementPresent(WaitForElement.groovy:22)
	at customWait.WaitForElement$WaitForelementPresent.call(Unknown Source)
	at toLogin.ForLogin.Login(ForLogin.groovy:28)
	at toLogin.ForLogin.invokeMethod(ForLogin.groovy)
	at com.kms.katalon.core.main.CustomKeywordDelegatingMetaClass.invokeStaticMethod(CustomKeywordDelegatingMetaClass.java:50)
	at ClusterRegistration.run(ClusterRegistration:31)
	at com.kms.katalon.core.main.ScriptEngine.run(ScriptEngine.java:194)
	at com.kms.katalon.core.main.ScriptEngine.runScriptAsRawText(ScriptEngine.java:119)
	at com.kms.katalon.core.main.TestCaseExecutor.runScript(TestCaseExecutor.java:445)
	at com.kms.katalon.core.main.TestCaseExecutor.doExecute(TestCaseExecutor.java:436)
	at com.kms.katalon.core.main.TestCaseExecutor.processExecutionPhase(TestCaseExecutor.java:415)
	at com.kms.katalon.core.main.TestCaseExecutor.accessMainPhase(TestCaseExecutor.java:407)
	at com.kms.katalon.core.main.TestCaseExecutor.execute(TestCaseExecutor.java:284)
	at com.kms.katalon.core.common.CommonExecutor.accessTestCaseMainPhase(CommonExecutor.java:65)
	at com.kms.katalon.core.main.TestSuiteExecutor.accessTestSuiteMainPhase(TestSuiteExecutor.java:144)
	at com.kms.katalon.core.main.TestSuiteExecutor.execute(TestSuiteExecutor.java:106)
	at com.kms.katalon.core.main.TestCaseMain.startTestSuite(TestCaseMain.java:185)
	at com.kms.katalon.core.main.TestCaseMain$startTestSuite$0.call(Unknown Source)
	at TempTestSuite1657636060508.run(TempTestSuite1657636060508.groovy:36)
Caused by: com.kms.katalon.core.exception.StepFailedException: com.kms.katalon.core.webui.exception.WebElementNotFoundException: Web element with id: 'Object Repository/NewJobPage/AppList_ShellScript' located by '//div[@id = 'ShellScript']' not found
	at com.kms.katalon.core.webui.keyword.internal.WebUIKeywordMain.stepFailed(WebUIKeywordMain.groovy:64)
	at com.kms.katalon.core.webui.keyword.builtin.VerifyElementPresentKeyword$_verifyElementPresent_closure1.doCall(VerifyElementPresentKeyword.groovy:85)
	at com.kms.katalon.core.webui.keyword.builtin.VerifyElementPresentKeyword$_verifyElementPresent_closure1.call(VerifyElementPresentKeyword.groovy)
	at com.kms.katalon.core.webui.keyword.internal.WebUIKeywordMain.runKeyword(WebUIKeywordMain.groovy:20)
	... 24 more
)
[[ATTACHMENT|C:\\Users\\rohinis\\Documents\\GitHub\\AccessKRE\\Reports\\20220712_195740\\Sanity\\AdminSuite\\20220712_195740\\1657636216013.png]]

2022-07-12 20:00:16 - [MESSAGE][PASSED] - toLogin.ForLogin.Login is PASSED

2022-07-12 20:00:16 - [TEST_STEP][PASSED] - addBtn = <not implemented yet for class: org.codehaus.groovy.ast.expr.EmptyExpression>: null

2022-07-12 20:00:16 - [TEST_STEP][PASSED] - lblMngSrv = <not implemented yet for class: org.codehaus.groovy.ast.expr.EmptyExpression>: null

2022-07-12 20:00:16 - [TEST_STEP][PASSED] - colid = "name": null

2022-07-12 20:00:16 - [TEST_STEP][PASSED] - result = <not implemented yet for class: org.codehaus.groovy.ast.expr.EmptyExpression>: null

2022-07-12 20:00:16 - [TEST_STEP][PASSED] - delay(2): Delayed 2 second(s)

2022-07-12 20:00:18 - [MESSAGE][PASSED] - Delayed 2 second(s)

2022-07-12 20:00:18 - [TEST_STEP][PASSED] - try: null

2022-07-12 20:00:18 - [TEST_STEP][PASSED] - delay(2): Delayed 2 second(s)

2022-07-12 20:00:20 - [MESSAGE][PASSED] - Delayed 2 second(s)

2022-07-12 20:00:20 - [TEST_STEP][PASSED] - delay(3): Delayed 3 second(s)

2022-07-12 20:00:23 - [MESSAGE][PASSED] - Delayed 3 second(s)

2022-07-12 20:00:23 - [TEST_STEP][PASSED] - mouseOver(findTestObject("Cluster_Registration/Manageservice")): Object: 'Object Repository/Cluster_Registration/Manageservice' is hovered

2022-07-12 20:00:23 - [MESSAGE][PASSED] - Object: 'Object Repository/Cluster_Registration/Manageservice' is hovered

2022-07-12 20:00:23 - [TEST_STEP][PASSED] - click(findTestObject("Cluster_Registration/Manageservice")): Object: 'Object Repository/Cluster_Registration/Manageservice' is clicked on

2022-07-12 20:00:24 - [MESSAGE][PASSED] - Object: 'Object Repository/Cluster_Registration/Manageservice' is clicked on

2022-07-12 20:00:24 - [TEST_STEP][PASSED] - extentTest.log(PASS, "Click on Manage Service"): null

2022-07-12 20:00:24 - [TEST_STEP][PASSED] - delay(2): Delayed 2 second(s)

2022-07-12 20:00:26 - [MESSAGE][PASSED] - Delayed 2 second(s)

2022-07-12 20:00:26 - [TEST_STEP][PASSED] - switch (userChoice): null

2022-07-12 20:00:26 - [TEST_STEP][PASSED] - case "edit":: null

2022-07-12 20:00:26 - [TEST_STEP][PASSED] - rightClick(findTestObject("Cluster_Registration/Available")): Object: 'Object Repository/Cluster_Registration/Available' is right clicked on

2022-07-12 20:00:26 - [MESSAGE][PASSED] - Object: 'Object Repository/Cluster_Registration/Available' is right clicked on

2022-07-12 20:00:26 - [TEST_STEP][PASSED] - delay(3): Delayed 3 second(s)

2022-07-12 20:00:29 - [MESSAGE][PASSED] - Delayed 3 second(s)

2022-07-12 20:00:29 - [TEST_STEP][PASSED] - click(findTestObject("Cluster_Registration/Edit")): Object: 'Object Repository/Cluster_Registration/Edit' is clicked on

2022-07-12 20:00:29 - [MESSAGE][PASSED] - Object: 'Object Repository/Cluster_Registration/Edit' is clicked on

2022-07-12 20:00:30 - [TEST_STEP][PASSED] - extentTest.log(PASS, "Edit Existing Cluster"): null

2022-07-12 20:00:30 - [TEST_STEP][PASSED] - click(findTestObject("Cluster_Registration/Username")): Object: 'Object Repository/Cluster_Registration/Username' is clicked on

2022-07-12 20:00:30 - [MESSAGE][PASSED] - Object: 'Object Repository/Cluster_Registration/Username' is clicked on

2022-07-12 20:00:30 - [TEST_STEP][PASSED] - clearText(findTestObject("Cluster_Registration/Username")): Text of object 'Object Repository/Cluster_Registration/Username' is cleared

2022-07-12 20:00:30 - [MESSAGE][PASSED] - Text of object 'Object Repository/Cluster_Registration/Username' is cleared

2022-07-12 20:00:30 - [TEST_STEP][PASSED] - setText(findTestObject("Cluster_Registration/Username"), username): Text 'pbsadmin' is set on object 'Object Repository/Cluster_Registration/Username'

2022-07-12 20:00:30 - [MESSAGE][PASSED] - Text 'pbsadmin' is set on object 'Object Repository/Cluster_Registration/Username'

2022-07-12 20:00:30 - [TEST_STEP][PASSED] - click(findTestObject("Cluster_Registration/Password")): Object: 'Object Repository/Cluster_Registration/Password' is clicked on

2022-07-12 20:00:31 - [MESSAGE][PASSED] - Object: 'Object Repository/Cluster_Registration/Password' is clicked on

2022-07-12 20:00:31 - [TEST_STEP][PASSED] - clearText(findTestObject("Cluster_Registration/Password")): Text of object 'Object Repository/Cluster_Registration/Password' is cleared

2022-07-12 20:00:31 - [MESSAGE][PASSED] - Text of object 'Object Repository/Cluster_Registration/Password' is cleared

2022-07-12 20:00:31 - [TEST_STEP][PASSED] - setText(findTestObject("Cluster_Registration/Password"), password): Text 'pbsadmin' is set on object 'Object Repository/Cluster_Registration/Password'

2022-07-12 20:00:31 - [MESSAGE][PASSED] - Text 'pbsadmin' is set on object 'Object Repository/Cluster_Registration/Password'

2022-07-12 20:00:31 - [TEST_STEP][PASSED] - click(findTestObject("Cluster_Registration/Addrootdir")): Object: 'Object Repository/Cluster_Registration/Addrootdir' is clicked on

2022-07-12 20:00:32 - [MESSAGE][PASSED] - Object: 'Object Repository/Cluster_Registration/Addrootdir' is clicked on

2022-07-12 20:00:32 - [TEST_STEP][PASSED] - click(findTestObject("Cluster_Registration/root_dir1")): Object: 'Object Repository/Cluster_Registration/root_dir1' is clicked on

2022-07-12 20:00:32 - [MESSAGE][PASSED] - Object: 'Object Repository/Cluster_Registration/root_dir1' is clicked on

2022-07-12 20:00:32 - [TEST_STEP][PASSED] - setText(findTestObject("Cluster_Registration/root_dir1"), rootdir1): Text '/home' is set on object 'Object Repository/Cluster_Registration/root_dir1'

2022-07-12 20:00:32 - [MESSAGE][PASSED] - Text '/home' is set on object 'Object Repository/Cluster_Registration/root_dir1'

2022-07-12 20:00:32 - [TEST_STEP][PASSED] - extentTest.log(PASS, "Click on add root dir"): null

2022-07-12 20:00:32 - [TEST_STEP][PASSED] - click(findTestObject("Cluster_Registration/Add_Server")): Object: 'Object Repository/Cluster_Registration/Add_Server' is clicked on

2022-07-12 20:00:33 - [MESSAGE][PASSED] - Object: 'Object Repository/Cluster_Registration/Add_Server' is clicked on

2022-07-12 20:00:33 - [TEST_STEP][PASSED] - extentTest.log(PASS, "Click on add server"): null

2022-07-12 20:00:33 - [TEST_STEP][PASSED] - lblMngSrv = customWait.WaitForElement.WaitForelementPresent(findTestObject("Object Repository/Cluster_Registration/Label_ManageServer"), 15, extentTest, "Manage Server heading"): customWait.WaitForElement.WaitForelementPresent is PASSED

2022-07-12 20:00:34 - [MESSAGE][PASSED] - Delayed 1 second(s)

2022-07-12 20:00:34 - [MESSAGE][PASSED] - Object 'Object Repository/Cluster_Registration/Label_ManageServer' is present

2022-07-12 20:00:34 - [MESSAGE][PASSED] - Object 'Object Repository/Cluster_Registration/Label_ManageServer' is clickable

2022-07-12 20:00:34 - [MESSAGE][PASSED] - customWait.WaitForElement.WaitForelementPresent is PASSED

2022-07-12 20:00:34 - [TEST_STEP][PASSED] - result = operations_JobsModule.GetJobRowDetails.listServer(katalonWebDriver, colid, server, extentTest): operations_JobsModule.GetJobRowDetails.listServer is PASSED

2022-07-12 20:00:39 - [MESSAGE][PASSED] - Delayed 5 second(s)

2022-07-12 20:00:39 - [MESSAGE][PASSED] - operations_JobsModule.GetJobRowDetails.listServer is PASSED

2022-07-12 20:00:39 - [TEST_STEP][PASSED] - break: null

2022-07-12 20:00:39 - [TEST_STEP][PASSED] - if (result): null

2022-07-12 20:00:39 - [TEST_STEP][PASSED] - extentTest.log(PASS, "Verified - " + TestCaseName + "  Sucessfully"): null

2022-07-12 20:00:39 - [TEST_STEP][PASSED] - Finally: null

2022-07-12 20:00:39 - [TEST_STEP][PASSED] - extentTest.log(PASS, "Closing the browser after executinge test case - " + TestCaseName): null

2022-07-12 20:00:39 - [TEST_STEP][PASSED] - Start listener action : sampleAfterTestCase: null]]></system-out>
         <system-err><![CDATA[]]></system-err>
      </testcase>
      <testcase name="Test Cases/Cluster_Registration/ClusterRegistration" time="72.617" classname="Test Cases/Cluster_Registration/ClusterRegistration" status="PASSED">
         <system-out><![CDATA[2022-07-12 20:00:39 - [TEST_CASE][PASSED] - Test Cases/Cluster_Registration/ClusterRegistration: Test Cases/Cluster_Registration/ClusterRegistration

2022-07-12 20:00:39 - [TEST_STEP][PASSED] - Start listener action : BeforeTestCase: null

2022-07-12 20:00:39 - [TEST_STEP][PASSED] - variableList = testCaseContext.getTestCaseVariables(): null

2022-07-12 20:00:39 - [TEST_STEP][PASSED] - println("context - " + variableList): null

2022-07-12 20:00:39 - [TEST_STEP][PASSED] - println(testCaseContext.getTestCaseId()): null

2022-07-12 20:00:39 - [TEST_STEP][PASSED] - tcID = testCaseContext.getTestCaseId(): null

2022-07-12 20:00:39 - [TEST_STEP][PASSED] - tcScript = tcID.split("\/"): null

2022-07-12 20:00:39 - [TEST_STEP][PASSED] - len = tcScript.size(): null

2022-07-12 20:00:39 - [TEST_STEP][PASSED] - tcScriptName = tcScript[len - 1]: null

2022-07-12 20:00:39 - [TEST_STEP][PASSED] - println("=========================="): null

2022-07-12 20:00:39 - [TEST_STEP][PASSED] - println(tcScriptName): null

2022-07-12 20:00:39 - [TEST_STEP][PASSED] - println("=========================="): null

2022-07-12 20:00:39 - [TEST_STEP][PASSED] - testcaseName = generateReports.testCaseNameChange.toSplit(variableList, "TestCaseName"): generateReports.testCaseNameChange.toSplit is PASSED

2022-07-12 20:00:39 - [MESSAGE][PASSED] - generateReports.testCaseNameChange.toSplit is PASSED

2022-07-12 20:00:39 - [TEST_STEP][PASSED] - UpdatedtestcaseName = generateReports.testCaseNameChange.updateTCName(testcaseName, variableList, tcScriptName): generateReports.testCaseNameChange.updateTCName is PASSED

2022-07-12 20:00:39 - [MESSAGE][PASSED] - generateReports.testCaseNameChange.updateTCName is PASSED

2022-07-12 20:00:39 - [TEST_STEP][PASSED] - println("new tn  --- " + UpdatedtestcaseName): null

2022-07-12 20:00:39 - [TEST_STEP][PASSED] - println("-------------------------"): null

2022-07-12 20:00:39 - [TEST_STEP][PASSED] - if (tcScriptName.equals("JobSubmission-FileOperations") && UpdatedtestcaseName.contains("tile view")): null

2022-07-12 20:00:39 - [TEST_STEP][PASSED] - else: null

2022-07-12 20:00:39 - [TEST_STEP][PASSED] - G_ExtentTest = extent.createTest(UpdatedtestcaseName): null

2022-07-12 20:00:39 - [TEST_STEP][PASSED] - extentTest = G_ExtentTest: null

2022-07-12 20:00:39 - [TEST_STEP][PASSED] - try: null

2022-07-12 20:00:39 - [TEST_STEP][PASSED] - openBrowser(""): Browser is opened with url: ''

2022-07-12 20:00:39 - [MESSAGE][WARNING] - A browser is already opened. Closing browser and opening a new one

2022-07-12 20:00:44 - [MESSAGE][INFO] - Starting 'Firefox' driver

2022-07-12 20:00:44 - [MESSAGE][INFO] - User set Firefox profile preference: ['browser.download.manager.showWhenStarting', 'false']

2022-07-12 20:00:44 - [MESSAGE][INFO] - User set Firefox profile preference: ['browser.helperApps.neverAsk.saveToDisk', 'text/csv,application/vnd.openxmlformats-officedocument.spreadsheetml.sheet,application/vnd.ms-excel,application/msexcel,application/x-msexcel,application/excel,application/octet-stream']

2022-07-12 20:00:44 - [MESSAGE][INFO] - User set Firefox profile preference: ['browser.helperApps.neverAsk.openFile', 'text/csv,application/vnd.ms-excel,application/msexcel,application/x-msexcel,application/excel,,application/octet-stream']

2022-07-12 20:00:44 - [MESSAGE][INFO] - User set Firefox profile preference: ['browser.download.folderList', '2']

2022-07-12 20:00:44 - [MESSAGE][INFO] - User set Firefox profile preference: ['browser.helperApps.alwaysAsk.force', 'false']

2022-07-12 20:00:44 - [MESSAGE][INFO] - User set Firefox profile preference: ['browser.download.forbid_open_with ', 'true']

2022-07-12 20:00:44 - [MESSAGE][INFO] - User set Firefox profile preference: ['browser.download.panel.shown', 'false']

2022-07-12 20:00:44 - [MESSAGE][INFO] - User set Firefox profile preference: ['browser.download.dir', 'c:/katalonDownloads']

2022-07-12 20:00:44 - [MESSAGE][INFO] - User set Firefox profile preference: ['browser.download.manager.openDelay', '1']

2022-07-12 20:00:44 - [MESSAGE][INFO] - Action delay is set to 0 milliseconds

2022-07-12 20:00:49 - [MESSAGE][PASSED] - Browser is opened with url: ''

2022-07-12 20:00:49 - [TEST_STEP][PASSED] - G_ExtentTest.log(PASS, "Navigated to Acces Instance - " + G_BaseUrl): null

2022-07-12 20:00:49 - [TEST_STEP][PASSED] - deleteAllCookies(): Delete all cookies successfully

2022-07-12 20:00:49 - [MESSAGE][PASSED] - Delete all cookies successfully

2022-07-12 20:00:49 - [TEST_STEP][PASSED] - navigateToUrl(G_BaseUrl): Navigate to 'https://10.75.22.62:4443/pbsworks' successfully

2022-07-12 20:01:14 - [MESSAGE][PASSED] - Navigate to 'https://10.75.22.62:4443/pbsworks' successfully

2022-07-12 20:01:14 - [TEST_STEP][PASSED] - maximizeWindow(): Current window maximized

2022-07-12 20:01:14 - [MESSAGE][PASSED] - Current window maximized

2022-07-12 20:01:14 - [TEST_STEP][PASSED] - driver = getWebDriver(): null

2022-07-12 20:01:14 - [TEST_STEP][PASSED] - caps = getWrappedDriver().getCapabilities(): null

2022-07-12 20:01:14 - [TEST_STEP][PASSED] - bn = caps.getBrowserName(): null

2022-07-12 20:01:14 - [TEST_STEP][PASSED] - bv = caps.getVersion(): null

2022-07-12 20:01:14 - [TEST_STEP][PASSED] - driver = getWebDriver(): null

2022-07-12 20:01:14 - [TEST_STEP][PASSED] - eventFiring = getWebDriver(): null

2022-07-12 20:01:14 - [TEST_STEP][PASSED] - wrappedWebDriver = eventFiring.getWrappedDriver(): null

2022-07-12 20:01:14 - [TEST_STEP][PASSED] - katalonWebDriver = wrappedWebDriver: null

2022-07-12 20:01:14 - [TEST_STEP][PASSED] - extentTest = G_ExtentTest: null

2022-07-12 20:01:14 - [TEST_STEP][PASSED] - toLogin.ForLogin.Login(extentTest): toLogin.ForLogin.Login is PASSED

2022-07-12 20:01:15 - [MESSAGE][PASSED] - Text 'pbsworks' is set on object 'Object Repository/LoginPage/username_txtbx'

2022-07-12 20:01:15 - [MESSAGE][PASSED] - Text 'pbsworks' is set on object 'Object Repository/LoginPage/password_txtbx'

2022-07-12 20:01:16 - [MESSAGE][PASSED] - Object: 'Object Repository/LoginPage/login_btn' is clicked on

2022-07-12 20:01:17 - [MESSAGE][PASSED] - Delayed 1 second(s)

2022-07-12 20:01:19 - [MESSAGE][INFO] - Unable to find the element located by 'By.xpath: //div[@id = 'ShellScript']'. Please recheck the objects properties to make sure the desired element is located. 

2022-07-12 20:01:19 - [MESSAGE][FAILED] - com.kms.katalon.core.webui.exception.WebElementNotFoundException: Web element with id: 'Object Repository/NewJobPage/AppList_ShellScript' located by '//div[@id = 'ShellScript']' not found (Root cause: com.kms.katalon.core.exception.StepFailedException: com.kms.katalon.core.webui.exception.WebElementNotFoundException: Web element with id: 'Object Repository/NewJobPage/AppList_ShellScript' located by '//div[@id = 'ShellScript']' not found
	at com.kms.katalon.core.webui.keyword.internal.WebUIKeywordMain.stepFailed(WebUIKeywordMain.groovy:64)
	at com.kms.katalon.core.webui.keyword.builtin.VerifyElementPresentKeyword$_verifyElementPresent_closure1.doCall(VerifyElementPresentKeyword.groovy:85)
	at com.kms.katalon.core.webui.keyword.builtin.VerifyElementPresentKeyword$_verifyElementPresent_closure1.call(VerifyElementPresentKeyword.groovy)
	at com.kms.katalon.core.webui.keyword.internal.WebUIKeywordMain.runKeyword(WebUIKeywordMain.groovy:20)
	at com.kms.katalon.core.webui.keyword.builtin.VerifyElementPresentKeyword.verifyElementPresent(VerifyElementPresentKeyword.groovy:92)
	at com.kms.katalon.core.webui.keyword.builtin.VerifyElementPresentKeyword.execute(VerifyElementPresentKeyword.groovy:68)
	at com.kms.katalon.core.keyword.internal.KeywordExecutor.executeKeywordForPlatform(KeywordExecutor.groovy:74)
	at com.kms.katalon.core.webui.keyword.WebUiBuiltInKeywords.verifyElementPresent(WebUiBuiltInKeywords.groovy:1464)
	at com.kms.katalon.core.webui.keyword.WebUiBuiltInKeywords$verifyElementPresent$5.call(Unknown Source)
	at customWait.WaitForElement.WaitForelementPresent(WaitForElement.groovy:22)
	at toLogin.ForLogin.Login(ForLogin.groovy:28)
	at toLogin.ForLogin.invokeMethod(ForLogin.groovy)
	at com.kms.katalon.core.main.CustomKeywordDelegatingMetaClass.invokeStaticMethod(CustomKeywordDelegatingMetaClass.java:50)
	at ClusterRegistration.run(ClusterRegistration:31)
	at com.kms.katalon.core.main.ScriptEngine.run(ScriptEngine.java:194)
	at com.kms.katalon.core.main.ScriptEngine.runScriptAsRawText(ScriptEngine.java:119)
	at com.kms.katalon.core.main.TestCaseExecutor.runScript(TestCaseExecutor.java:445)
	at com.kms.katalon.core.main.TestCaseExecutor.doExecute(TestCaseExecutor.java:436)
	at com.kms.katalon.core.main.TestCaseExecutor.processExecutionPhase(TestCaseExecutor.java:415)
	at com.kms.katalon.core.main.TestCaseExecutor.accessMainPhase(TestCaseExecutor.java:407)
	at com.kms.katalon.core.main.TestCaseExecutor.execute(TestCaseExecutor.java:284)
	at com.kms.katalon.core.common.CommonExecutor.accessTestCaseMainPhase(CommonExecutor.java:65)
	at com.kms.katalon.core.main.TestSuiteExecutor.accessTestSuiteMainPhase(TestSuiteExecutor.java:144)
	at com.kms.katalon.core.main.TestSuiteExecutor.execute(TestSuiteExecutor.java:106)
	at com.kms.katalon.core.main.TestCaseMain.startTestSuite(TestCaseMain.java:185)
	at com.kms.katalon.core.main.TestCaseMain$startTestSuite$0.call(Unknown Source)
	at TempTestSuite1657636060508.run(TempTestSuite1657636060508.groovy:36)
)
[[ATTACHMENT|C:\\Users\\rohinis\\Documents\\GitHub\\AccessKRE\\Reports\\20220712_195740\\Sanity\\AdminSuite\\20220712_195740\\1657636279182.png]]

2022-07-12 20:01:19 - [MESSAGE][FAILED] - Unable to verify object 'Object Repository/NewJobPage/AppList_ShellScript' is present (Root cause: com.kms.katalon.core.exception.StepFailedException: Unable to verify object 'Object Repository/NewJobPage/AppList_ShellScript' is present
	at com.kms.katalon.core.webui.keyword.internal.WebUIKeywordMain.stepFailed(WebUIKeywordMain.groovy:64)
	at com.kms.katalon.core.webui.keyword.internal.WebUIKeywordMain.runKeyword(WebUIKeywordMain.groovy:26)
	at com.kms.katalon.core.webui.keyword.builtin.VerifyElementPresentKeyword.verifyElementPresent(VerifyElementPresentKeyword.groovy:92)
	at com.kms.katalon.core.webui.keyword.builtin.VerifyElementPresentKeyword.execute(VerifyElementPresentKeyword.groovy:68)
	at com.kms.katalon.core.keyword.internal.KeywordExecutor.executeKeywordForPlatform(KeywordExecutor.groovy:74)
	at com.kms.katalon.core.webui.keyword.WebUiBuiltInKeywords.verifyElementPresent(WebUiBuiltInKeywords.groovy:1464)
	at com.kms.katalon.core.webui.keyword.WebUiBuiltInKeywords$verifyElementPresent$5.call(Unknown Source)
	at customWait.WaitForElement.WaitForelementPresent(WaitForElement.groovy:22)
	at toLogin.ForLogin.Login(ForLogin.groovy:28)
	at toLogin.ForLogin.invokeMethod(ForLogin.groovy)
	at com.kms.katalon.core.main.CustomKeywordDelegatingMetaClass.invokeStaticMethod(CustomKeywordDelegatingMetaClass.java:50)
	at ClusterRegistration.run(ClusterRegistration:31)
	at com.kms.katalon.core.main.ScriptEngine.run(ScriptEngine.java:194)
	at com.kms.katalon.core.main.ScriptEngine.runScriptAsRawText(ScriptEngine.java:119)
	at com.kms.katalon.core.main.TestCaseExecutor.runScript(TestCaseExecutor.java:445)
	at com.kms.katalon.core.main.TestCaseExecutor.doExecute(TestCaseExecutor.java:436)
	at com.kms.katalon.core.main.TestCaseExecutor.processExecutionPhase(TestCaseExecutor.java:415)
	at com.kms.katalon.core.main.TestCaseExecutor.accessMainPhase(TestCaseExecutor.java:407)
	at com.kms.katalon.core.main.TestCaseExecutor.execute(TestCaseExecutor.java:284)
	at com.kms.katalon.core.common.CommonExecutor.accessTestCaseMainPhase(CommonExecutor.java:65)
	at com.kms.katalon.core.main.TestSuiteExecutor.accessTestSuiteMainPhase(TestSuiteExecutor.java:144)
	at com.kms.katalon.core.main.TestSuiteExecutor.execute(TestSuiteExecutor.java:106)
	at com.kms.katalon.core.main.TestCaseMain.startTestSuite(TestCaseMain.java:185)
	at com.kms.katalon.core.main.TestCaseMain$startTestSuite$0.call(Unknown Source)
	at TempTestSuite1657636060508.run(TempTestSuite1657636060508.groovy:36)
Caused by: com.kms.katalon.core.exception.StepFailedException: com.kms.katalon.core.webui.exception.WebElementNotFoundException: Web element with id: 'Object Repository/NewJobPage/AppList_ShellScript' located by '//div[@id = 'ShellScript']' not found
	at com.kms.katalon.core.webui.keyword.internal.WebUIKeywordMain.stepFailed(WebUIKeywordMain.groovy:64)
	at com.kms.katalon.core.webui.keyword.builtin.VerifyElementPresentKeyword$_verifyElementPresent_closure1.doCall(VerifyElementPresentKeyword.groovy:85)
	at com.kms.katalon.core.webui.keyword.builtin.VerifyElementPresentKeyword$_verifyElementPresent_closure1.call(VerifyElementPresentKeyword.groovy)
	at com.kms.katalon.core.webui.keyword.internal.WebUIKeywordMain.runKeyword(WebUIKeywordMain.groovy:20)
	... 23 more
)
[[ATTACHMENT|C:\\Users\\rohinis\\Documents\\GitHub\\AccessKRE\\Reports\\20220712_195740\\Sanity\\AdminSuite\\20220712_195740\\1657636279345.png]]

2022-07-12 20:01:19 - [MESSAGE][PASSED] - toLogin.ForLogin.Login is PASSED

2022-07-12 20:01:19 - [TEST_STEP][PASSED] - addBtn = <not implemented yet for class: org.codehaus.groovy.ast.expr.EmptyExpression>: null

2022-07-12 20:01:19 - [TEST_STEP][PASSED] - lblMngSrv = <not implemented yet for class: org.codehaus.groovy.ast.expr.EmptyExpression>: null

2022-07-12 20:01:19 - [TEST_STEP][PASSED] - colid = "name": null

2022-07-12 20:01:19 - [TEST_STEP][PASSED] - result = <not implemented yet for class: org.codehaus.groovy.ast.expr.EmptyExpression>: null

2022-07-12 20:01:19 - [TEST_STEP][PASSED] - delay(2): Delayed 2 second(s)

2022-07-12 20:01:21 - [MESSAGE][PASSED] - Delayed 2 second(s)

2022-07-12 20:01:21 - [TEST_STEP][PASSED] - try: null

2022-07-12 20:01:21 - [TEST_STEP][PASSED] - delay(2): Delayed 2 second(s)

2022-07-12 20:01:23 - [MESSAGE][PASSED] - Delayed 2 second(s)

2022-07-12 20:01:23 - [TEST_STEP][PASSED] - delay(3): Delayed 3 second(s)

2022-07-12 20:01:26 - [MESSAGE][PASSED] - Delayed 3 second(s)

2022-07-12 20:01:26 - [TEST_STEP][PASSED] - mouseOver(findTestObject("Cluster_Registration/Manageservice")): Object: 'Object Repository/Cluster_Registration/Manageservice' is hovered

2022-07-12 20:01:26 - [MESSAGE][PASSED] - Object: 'Object Repository/Cluster_Registration/Manageservice' is hovered

2022-07-12 20:01:26 - [TEST_STEP][PASSED] - click(findTestObject("Cluster_Registration/Manageservice")): Object: 'Object Repository/Cluster_Registration/Manageservice' is clicked on

2022-07-12 20:01:27 - [MESSAGE][PASSED] - Object: 'Object Repository/Cluster_Registration/Manageservice' is clicked on

2022-07-12 20:01:27 - [TEST_STEP][PASSED] - extentTest.log(PASS, "Click on Manage Service"): null

2022-07-12 20:01:27 - [TEST_STEP][PASSED] - delay(2): Delayed 2 second(s)

2022-07-12 20:01:29 - [MESSAGE][PASSED] - Delayed 2 second(s)

2022-07-12 20:01:29 - [TEST_STEP][PASSED] - switch (userChoice): null

2022-07-12 20:01:29 - [TEST_STEP][PASSED] - case "delete":: null

2022-07-12 20:01:29 - [TEST_STEP][PASSED] - delay(2): Delayed 2 second(s)

2022-07-12 20:01:31 - [MESSAGE][PASSED] - Delayed 2 second(s)

2022-07-12 20:01:31 - [TEST_STEP][PASSED] - rightClick(findTestObject("Cluster_Registration/Available")): Object: 'Object Repository/Cluster_Registration/Available' is right clicked on

2022-07-12 20:01:31 - [MESSAGE][PASSED] - Object: 'Object Repository/Cluster_Registration/Available' is right clicked on

2022-07-12 20:01:31 - [TEST_STEP][PASSED] - delay(1): Delayed 1 second(s)

2022-07-12 20:01:32 - [MESSAGE][PASSED] - Delayed 1 second(s)

2022-07-12 20:01:32 - [TEST_STEP][PASSED] - click(findTestObject("Cluster_Registration/Delete")): Object: 'Object Repository/Cluster_Registration/Delete' is clicked on

2022-07-12 20:01:33 - [MESSAGE][PASSED] - Object: 'Object Repository/Cluster_Registration/Delete' is clicked on

2022-07-12 20:01:33 - [TEST_STEP][PASSED] - extentTest.log(PASS, "Delete Existing Cluster"): null

2022-07-12 20:01:33 - [TEST_STEP][PASSED] - click(findTestObject("FilesPage/Confirm_button")): Object: 'Object Repository/FilesPage/Confirm_button' is clicked on

2022-07-12 20:01:33 - [MESSAGE][PASSED] - Object: 'Object Repository/FilesPage/Confirm_button' is clicked on

2022-07-12 20:01:33 - [TEST_STEP][PASSED] - extentTest.log(PASS, "Click on Ok"): null

2022-07-12 20:01:33 - [TEST_STEP][PASSED] - lblMngSrv = customWait.WaitForElement.WaitForelementPresent(findTestObject("Object Repository/Cluster_Registration/text_noServer"), 15, extentTest, "Configure one or more servers - Link "): customWait.WaitForElement.WaitForelementPresent is PASSED

2022-07-12 20:01:34 - [MESSAGE][PASSED] - Delayed 1 second(s)

2022-07-12 20:01:36 - [MESSAGE][INFO] - Unable to find the element located by 'By.xpath: //div[@class = 'noservercontent']'. Please recheck the objects properties to make sure the desired element is located. 

2022-07-12 20:01:36 - [MESSAGE][FAILED] - com.kms.katalon.core.webui.exception.WebElementNotFoundException: Web element with id: 'Object Repository/Cluster_Registration/text_noServer' located by '//div[@class = 'noservercontent']' not found (Root cause: com.kms.katalon.core.exception.StepFailedException: com.kms.katalon.core.webui.exception.WebElementNotFoundException: Web element with id: 'Object Repository/Cluster_Registration/text_noServer' located by '//div[@class = 'noservercontent']' not found
	at com.kms.katalon.core.webui.keyword.internal.WebUIKeywordMain.stepFailed(WebUIKeywordMain.groovy:64)
	at com.kms.katalon.core.webui.keyword.builtin.VerifyElementPresentKeyword$_verifyElementPresent_closure1.doCall(VerifyElementPresentKeyword.groovy:85)
	at com.kms.katalon.core.webui.keyword.builtin.VerifyElementPresentKeyword$_verifyElementPresent_closure1.call(VerifyElementPresentKeyword.groovy)
	at com.kms.katalon.core.webui.keyword.internal.WebUIKeywordMain.runKeyword(WebUIKeywordMain.groovy:20)
	at com.kms.katalon.core.webui.keyword.builtin.VerifyElementPresentKeyword.verifyElementPresent(VerifyElementPresentKeyword.groovy:92)
	at com.kms.katalon.core.webui.keyword.builtin.VerifyElementPresentKeyword.execute(VerifyElementPresentKeyword.groovy:68)
	at com.kms.katalon.core.keyword.internal.KeywordExecutor.executeKeywordForPlatform(KeywordExecutor.groovy:74)
	at com.kms.katalon.core.webui.keyword.WebUiBuiltInKeywords.verifyElementPresent(WebUiBuiltInKeywords.groovy:1464)
	at com.kms.katalon.core.webui.keyword.WebUiBuiltInKeywords$verifyElementPresent$5.call(Unknown Source)
	at customWait.WaitForElement.WaitForelementPresent(WaitForElement.groovy:22)
	at customWait.WaitForElement.invokeMethod(WaitForElement.groovy)
	at com.kms.katalon.core.main.CustomKeywordDelegatingMetaClass.invokeStaticMethod(CustomKeywordDelegatingMetaClass.java:50)
	at ClusterRegistration.run(ClusterRegistration:143)
	at com.kms.katalon.core.main.ScriptEngine.run(ScriptEngine.java:194)
	at com.kms.katalon.core.main.ScriptEngine.runScriptAsRawText(ScriptEngine.java:119)
	at com.kms.katalon.core.main.TestCaseExecutor.runScript(TestCaseExecutor.java:445)
	at com.kms.katalon.core.main.TestCaseExecutor.doExecute(TestCaseExecutor.java:436)
	at com.kms.katalon.core.main.TestCaseExecutor.processExecutionPhase(TestCaseExecutor.java:415)
	at com.kms.katalon.core.main.TestCaseExecutor.accessMainPhase(TestCaseExecutor.java:407)
	at com.kms.katalon.core.main.TestCaseExecutor.execute(TestCaseExecutor.java:284)
	at com.kms.katalon.core.common.CommonExecutor.accessTestCaseMainPhase(CommonExecutor.java:65)
	at com.kms.katalon.core.main.TestSuiteExecutor.accessTestSuiteMainPhase(TestSuiteExecutor.java:144)
	at com.kms.katalon.core.main.TestSuiteExecutor.execute(TestSuiteExecutor.java:106)
	at com.kms.katalon.core.main.TestCaseMain.startTestSuite(TestCaseMain.java:185)
	at com.kms.katalon.core.main.TestCaseMain$startTestSuite$0.call(Unknown Source)
	at TempTestSuite1657636060508.run(TempTestSuite1657636060508.groovy:36)
)
[[ATTACHMENT|C:\\Users\\rohinis\\Documents\\GitHub\\AccessKRE\\Reports\\20220712_195740\\Sanity\\AdminSuite\\20220712_195740\\1657636296592.png]]

2022-07-12 20:01:36 - [MESSAGE][FAILED] - Unable to verify object 'Object Repository/Cluster_Registration/text_noServer' is present (Root cause: com.kms.katalon.core.exception.StepFailedException: Unable to verify object 'Object Repository/Cluster_Registration/text_noServer' is present
	at com.kms.katalon.core.webui.keyword.internal.WebUIKeywordMain.stepFailed(WebUIKeywordMain.groovy:64)
	at com.kms.katalon.core.webui.keyword.internal.WebUIKeywordMain.runKeyword(WebUIKeywordMain.groovy:26)
	at com.kms.katalon.core.webui.keyword.builtin.VerifyElementPresentKeyword.verifyElementPresent(VerifyElementPresentKeyword.groovy:92)
	at com.kms.katalon.core.webui.keyword.builtin.VerifyElementPresentKeyword.execute(VerifyElementPresentKeyword.groovy:68)
	at com.kms.katalon.core.keyword.internal.KeywordExecutor.executeKeywordForPlatform(KeywordExecutor.groovy:74)
	at com.kms.katalon.core.webui.keyword.WebUiBuiltInKeywords.verifyElementPresent(WebUiBuiltInKeywords.groovy:1464)
	at com.kms.katalon.core.webui.keyword.WebUiBuiltInKeywords$verifyElementPresent$5.call(Unknown Source)
	at customWait.WaitForElement.WaitForelementPresent(WaitForElement.groovy:22)
	at customWait.WaitForElement.invokeMethod(WaitForElement.groovy)
	at com.kms.katalon.core.main.CustomKeywordDelegatingMetaClass.invokeStaticMethod(CustomKeywordDelegatingMetaClass.java:50)
	at ClusterRegistration.run(ClusterRegistration:143)
	at com.kms.katalon.core.main.ScriptEngine.run(ScriptEngine.java:194)
	at com.kms.katalon.core.main.ScriptEngine.runScriptAsRawText(ScriptEngine.java:119)
	at com.kms.katalon.core.main.TestCaseExecutor.runScript(TestCaseExecutor.java:445)
	at com.kms.katalon.core.main.TestCaseExecutor.doExecute(TestCaseExecutor.java:436)
	at com.kms.katalon.core.main.TestCaseExecutor.processExecutionPhase(TestCaseExecutor.java:415)
	at com.kms.katalon.core.main.TestCaseExecutor.accessMainPhase(TestCaseExecutor.java:407)
	at com.kms.katalon.core.main.TestCaseExecutor.execute(TestCaseExecutor.java:284)
	at com.kms.katalon.core.common.CommonExecutor.accessTestCaseMainPhase(CommonExecutor.java:65)
	at com.kms.katalon.core.main.TestSuiteExecutor.accessTestSuiteMainPhase(TestSuiteExecutor.java:144)
	at com.kms.katalon.core.main.TestSuiteExecutor.execute(TestSuiteExecutor.java:106)
	at com.kms.katalon.core.main.TestCaseMain.startTestSuite(TestCaseMain.java:185)
	at com.kms.katalon.core.main.TestCaseMain$startTestSuite$0.call(Unknown Source)
	at TempTestSuite1657636060508.run(TempTestSuite1657636060508.groovy:36)
Caused by: com.kms.katalon.core.exception.StepFailedException: com.kms.katalon.core.webui.exception.WebElementNotFoundException: Web element with id: 'Object Repository/Cluster_Registration/text_noServer' located by '//div[@class = 'noservercontent']' not found
	at com.kms.katalon.core.webui.keyword.internal.WebUIKeywordMain.stepFailed(WebUIKeywordMain.groovy:64)
	at com.kms.katalon.core.webui.keyword.builtin.VerifyElementPresentKeyword$_verifyElementPresent_closure1.doCall(VerifyElementPresentKeyword.groovy:85)
	at com.kms.katalon.core.webui.keyword.builtin.VerifyElementPresentKeyword$_verifyElementPresent_closure1.call(VerifyElementPresentKeyword.groovy)
	at com.kms.katalon.core.webui.keyword.internal.WebUIKeywordMain.runKeyword(WebUIKeywordMain.groovy:20)
	... 22 more
)
[[ATTACHMENT|C:\\Users\\rohinis\\Documents\\GitHub\\AccessKRE\\Reports\\20220712_195740\\Sanity\\AdminSuite\\20220712_195740\\1657636296671.png]]

2022-07-12 20:01:37 - [MESSAGE][PASSED] - Delayed 1 second(s)

2022-07-12 20:01:39 - [MESSAGE][INFO] - Unable to find the element located by 'By.xpath: //div[@class = 'noservercontent']'. Please recheck the objects properties to make sure the desired element is located. 

2022-07-12 20:01:39 - [MESSAGE][FAILED] - com.kms.katalon.core.webui.exception.WebElementNotFoundException: Web element with id: 'Object Repository/Cluster_Registration/text_noServer' located by '//div[@class = 'noservercontent']' not found (Root cause: com.kms.katalon.core.exception.StepFailedException: com.kms.katalon.core.webui.exception.WebElementNotFoundException: Web element with id: 'Object Repository/Cluster_Registration/text_noServer' located by '//div[@class = 'noservercontent']' not found
	at com.kms.katalon.core.webui.keyword.internal.WebUIKeywordMain.stepFailed(WebUIKeywordMain.groovy:64)
	at com.kms.katalon.core.webui.keyword.builtin.VerifyElementPresentKeyword$_verifyElementPresent_closure1.doCall(VerifyElementPresentKeyword.groovy:85)
	at com.kms.katalon.core.webui.keyword.builtin.VerifyElementPresentKeyword$_verifyElementPresent_closure1.call(VerifyElementPresentKeyword.groovy)
	at com.kms.katalon.core.webui.keyword.internal.WebUIKeywordMain.runKeyword(WebUIKeywordMain.groovy:20)
	at com.kms.katalon.core.webui.keyword.builtin.VerifyElementPresentKeyword.verifyElementPresent(VerifyElementPresentKeyword.groovy:92)
	at com.kms.katalon.core.webui.keyword.builtin.VerifyElementPresentKeyword.execute(VerifyElementPresentKeyword.groovy:68)
	at com.kms.katalon.core.keyword.internal.KeywordExecutor.executeKeywordForPlatform(KeywordExecutor.groovy:74)
	at com.kms.katalon.core.webui.keyword.WebUiBuiltInKeywords.verifyElementPresent(WebUiBuiltInKeywords.groovy:1464)
	at com.kms.katalon.core.webui.keyword.WebUiBuiltInKeywords$verifyElementPresent$5.call(Unknown Source)
	at customWait.WaitForElement.WaitForelementPresent(WaitForElement.groovy:22)
	at customWait.WaitForElement.invokeMethod(WaitForElement.groovy)
	at com.kms.katalon.core.main.CustomKeywordDelegatingMetaClass.invokeStaticMethod(CustomKeywordDelegatingMetaClass.java:50)
	at ClusterRegistration.run(ClusterRegistration:143)
	at com.kms.katalon.core.main.ScriptEngine.run(ScriptEngine.java:194)
	at com.kms.katalon.core.main.ScriptEngine.runScriptAsRawText(ScriptEngine.java:119)
	at com.kms.katalon.core.main.TestCaseExecutor.runScript(TestCaseExecutor.java:445)
	at com.kms.katalon.core.main.TestCaseExecutor.doExecute(TestCaseExecutor.java:436)
	at com.kms.katalon.core.main.TestCaseExecutor.processExecutionPhase(TestCaseExecutor.java:415)
	at com.kms.katalon.core.main.TestCaseExecutor.accessMainPhase(TestCaseExecutor.java:407)
	at com.kms.katalon.core.main.TestCaseExecutor.execute(TestCaseExecutor.java:284)
	at com.kms.katalon.core.common.CommonExecutor.accessTestCaseMainPhase(CommonExecutor.java:65)
	at com.kms.katalon.core.main.TestSuiteExecutor.accessTestSuiteMainPhase(TestSuiteExecutor.java:144)
	at com.kms.katalon.core.main.TestSuiteExecutor.execute(TestSuiteExecutor.java:106)
	at com.kms.katalon.core.main.TestCaseMain.startTestSuite(TestCaseMain.java:185)
	at com.kms.katalon.core.main.TestCaseMain$startTestSuite$0.call(Unknown Source)
	at TempTestSuite1657636060508.run(TempTestSuite1657636060508.groovy:36)
)
[[ATTACHMENT|C:\\Users\\rohinis\\Documents\\GitHub\\AccessKRE\\Reports\\20220712_195740\\Sanity\\AdminSuite\\20220712_195740\\1657636299812.png]]

2022-07-12 20:01:39 - [MESSAGE][FAILED] - Unable to verify object 'Object Repository/Cluster_Registration/text_noServer' is present (Root cause: com.kms.katalon.core.exception.StepFailedException: Unable to verify object 'Object Repository/Cluster_Registration/text_noServer' is present
	at com.kms.katalon.core.webui.keyword.internal.WebUIKeywordMain.stepFailed(WebUIKeywordMain.groovy:64)
	at com.kms.katalon.core.webui.keyword.internal.WebUIKeywordMain.runKeyword(WebUIKeywordMain.groovy:26)
	at com.kms.katalon.core.webui.keyword.builtin.VerifyElementPresentKeyword.verifyElementPresent(VerifyElementPresentKeyword.groovy:92)
	at com.kms.katalon.core.webui.keyword.builtin.VerifyElementPresentKeyword.execute(VerifyElementPresentKeyword.groovy:68)
	at com.kms.katalon.core.keyword.internal.KeywordExecutor.executeKeywordForPlatform(KeywordExecutor.groovy:74)
	at com.kms.katalon.core.webui.keyword.WebUiBuiltInKeywords.verifyElementPresent(WebUiBuiltInKeywords.groovy:1464)
	at com.kms.katalon.core.webui.keyword.WebUiBuiltInKeywords$verifyElementPresent$5.call(Unknown Source)
	at customWait.WaitForElement.WaitForelementPresent(WaitForElement.groovy:22)
	at customWait.WaitForElement.invokeMethod(WaitForElement.groovy)
	at com.kms.katalon.core.main.CustomKeywordDelegatingMetaClass.invokeStaticMethod(CustomKeywordDelegatingMetaClass.java:50)
	at ClusterRegistration.run(ClusterRegistration:143)
	at com.kms.katalon.core.main.ScriptEngine.run(ScriptEngine.java:194)
	at com.kms.katalon.core.main.ScriptEngine.runScriptAsRawText(ScriptEngine.java:119)
	at com.kms.katalon.core.main.TestCaseExecutor.runScript(TestCaseExecutor.java:445)
	at com.kms.katalon.core.main.TestCaseExecutor.doExecute(TestCaseExecutor.java:436)
	at com.kms.katalon.core.main.TestCaseExecutor.processExecutionPhase(TestCaseExecutor.java:415)
	at com.kms.katalon.core.main.TestCaseExecutor.accessMainPhase(TestCaseExecutor.java:407)
	at com.kms.katalon.core.main.TestCaseExecutor.execute(TestCaseExecutor.java:284)
	at com.kms.katalon.core.common.CommonExecutor.accessTestCaseMainPhase(CommonExecutor.java:65)
	at com.kms.katalon.core.main.TestSuiteExecutor.accessTestSuiteMainPhase(TestSuiteExecutor.java:144)
	at com.kms.katalon.core.main.TestSuiteExecutor.execute(TestSuiteExecutor.java:106)
	at com.kms.katalon.core.main.TestCaseMain.startTestSuite(TestCaseMain.java:185)
	at com.kms.katalon.core.main.TestCaseMain$startTestSuite$0.call(Unknown Source)
	at TempTestSuite1657636060508.run(TempTestSuite1657636060508.groovy:36)
Caused by: com.kms.katalon.core.exception.StepFailedException: com.kms.katalon.core.webui.exception.WebElementNotFoundException: Web element with id: 'Object Repository/Cluster_Registration/text_noServer' located by '//div[@class = 'noservercontent']' not found
	at com.kms.katalon.core.webui.keyword.internal.WebUIKeywordMain.stepFailed(WebUIKeywordMain.groovy:64)
	at com.kms.katalon.core.webui.keyword.builtin.VerifyElementPresentKeyword$_verifyElementPresent_closure1.doCall(VerifyElementPresentKeyword.groovy:85)
	at com.kms.katalon.core.webui.keyword.builtin.VerifyElementPresentKeyword$_verifyElementPresent_closure1.call(VerifyElementPresentKeyword.groovy)
	at com.kms.katalon.core.webui.keyword.internal.WebUIKeywordMain.runKeyword(WebUIKeywordMain.groovy:20)
	... 22 more
)
[[ATTACHMENT|C:\\Users\\rohinis\\Documents\\GitHub\\AccessKRE\\Reports\\20220712_195740\\Sanity\\AdminSuite\\20220712_195740\\1657636299881.png]]

2022-07-12 20:01:40 - [MESSAGE][PASSED] - Delayed 1 second(s)

2022-07-12 20:01:42 - [MESSAGE][INFO] - Unable to find the element located by 'By.xpath: //div[@class = 'noservercontent']'. Please recheck the objects properties to make sure the desired element is located. 

2022-07-12 20:01:43 - [MESSAGE][FAILED] - com.kms.katalon.core.webui.exception.WebElementNotFoundException: Web element with id: 'Object Repository/Cluster_Registration/text_noServer' located by '//div[@class = 'noservercontent']' not found (Root cause: com.kms.katalon.core.exception.StepFailedException: com.kms.katalon.core.webui.exception.WebElementNotFoundException: Web element with id: 'Object Repository/Cluster_Registration/text_noServer' located by '//div[@class = 'noservercontent']' not found
	at com.kms.katalon.core.webui.keyword.internal.WebUIKeywordMain.stepFailed(WebUIKeywordMain.groovy:64)
	at com.kms.katalon.core.webui.keyword.builtin.VerifyElementPresentKeyword$_verifyElementPresent_closure1.doCall(VerifyElementPresentKeyword.groovy:85)
	at com.kms.katalon.core.webui.keyword.builtin.VerifyElementPresentKeyword$_verifyElementPresent_closure1.call(VerifyElementPresentKeyword.groovy)
	at com.kms.katalon.core.webui.keyword.internal.WebUIKeywordMain.runKeyword(WebUIKeywordMain.groovy:20)
	at com.kms.katalon.core.webui.keyword.builtin.VerifyElementPresentKeyword.verifyElementPresent(VerifyElementPresentKeyword.groovy:92)
	at com.kms.katalon.core.webui.keyword.builtin.VerifyElementPresentKeyword.execute(VerifyElementPresentKeyword.groovy:68)
	at com.kms.katalon.core.keyword.internal.KeywordExecutor.executeKeywordForPlatform(KeywordExecutor.groovy:74)
	at com.kms.katalon.core.webui.keyword.WebUiBuiltInKeywords.verifyElementPresent(WebUiBuiltInKeywords.groovy:1464)
	at com.kms.katalon.core.webui.keyword.WebUiBuiltInKeywords$verifyElementPresent$5.call(Unknown Source)
	at customWait.WaitForElement.WaitForelementPresent(WaitForElement.groovy:22)
	at customWait.WaitForElement.invokeMethod(WaitForElement.groovy)
	at com.kms.katalon.core.main.CustomKeywordDelegatingMetaClass.invokeStaticMethod(CustomKeywordDelegatingMetaClass.java:50)
	at ClusterRegistration.run(ClusterRegistration:143)
	at com.kms.katalon.core.main.ScriptEngine.run(ScriptEngine.java:194)
	at com.kms.katalon.core.main.ScriptEngine.runScriptAsRawText(ScriptEngine.java:119)
	at com.kms.katalon.core.main.TestCaseExecutor.runScript(TestCaseExecutor.java:445)
	at com.kms.katalon.core.main.TestCaseExecutor.doExecute(TestCaseExecutor.java:436)
	at com.kms.katalon.core.main.TestCaseExecutor.processExecutionPhase(TestCaseExecutor.java:415)
	at com.kms.katalon.core.main.TestCaseExecutor.accessMainPhase(TestCaseExecutor.java:407)
	at com.kms.katalon.core.main.TestCaseExecutor.execute(TestCaseExecutor.java:284)
	at com.kms.katalon.core.common.CommonExecutor.accessTestCaseMainPhase(CommonExecutor.java:65)
	at com.kms.katalon.core.main.TestSuiteExecutor.accessTestSuiteMainPhase(TestSuiteExecutor.java:144)
	at com.kms.katalon.core.main.TestSuiteExecutor.execute(TestSuiteExecutor.java:106)
	at com.kms.katalon.core.main.TestCaseMain.startTestSuite(TestCaseMain.java:185)
	at com.kms.katalon.core.main.TestCaseMain$startTestSuite$0.call(Unknown Source)
	at TempTestSuite1657636060508.run(TempTestSuite1657636060508.groovy:36)
)
[[ATTACHMENT|C:\\Users\\rohinis\\Documents\\GitHub\\AccessKRE\\Reports\\20220712_195740\\Sanity\\AdminSuite\\20220712_195740\\1657636302993.png]]

2022-07-12 20:01:43 - [MESSAGE][FAILED] - Unable to verify object 'Object Repository/Cluster_Registration/text_noServer' is present (Root cause: com.kms.katalon.core.exception.StepFailedException: Unable to verify object 'Object Repository/Cluster_Registration/text_noServer' is present
	at com.kms.katalon.core.webui.keyword.internal.WebUIKeywordMain.stepFailed(WebUIKeywordMain.groovy:64)
	at com.kms.katalon.core.webui.keyword.internal.WebUIKeywordMain.runKeyword(WebUIKeywordMain.groovy:26)
	at com.kms.katalon.core.webui.keyword.builtin.VerifyElementPresentKeyword.verifyElementPresent(VerifyElementPresentKeyword.groovy:92)
	at com.kms.katalon.core.webui.keyword.builtin.VerifyElementPresentKeyword.execute(VerifyElementPresentKeyword.groovy:68)
	at com.kms.katalon.core.keyword.internal.KeywordExecutor.executeKeywordForPlatform(KeywordExecutor.groovy:74)
	at com.kms.katalon.core.webui.keyword.WebUiBuiltInKeywords.verifyElementPresent(WebUiBuiltInKeywords.groovy:1464)
	at com.kms.katalon.core.webui.keyword.WebUiBuiltInKeywords$verifyElementPresent$5.call(Unknown Source)
	at customWait.WaitForElement.WaitForelementPresent(WaitForElement.groovy:22)
	at customWait.WaitForElement.invokeMethod(WaitForElement.groovy)
	at com.kms.katalon.core.main.CustomKeywordDelegatingMetaClass.invokeStaticMethod(CustomKeywordDelegatingMetaClass.java:50)
	at ClusterRegistration.run(ClusterRegistration:143)
	at com.kms.katalon.core.main.ScriptEngine.run(ScriptEngine.java:194)
	at com.kms.katalon.core.main.ScriptEngine.runScriptAsRawText(ScriptEngine.java:119)
	at com.kms.katalon.core.main.TestCaseExecutor.runScript(TestCaseExecutor.java:445)
	at com.kms.katalon.core.main.TestCaseExecutor.doExecute(TestCaseExecutor.java:436)
	at com.kms.katalon.core.main.TestCaseExecutor.processExecutionPhase(TestCaseExecutor.java:415)
	at com.kms.katalon.core.main.TestCaseExecutor.accessMainPhase(TestCaseExecutor.java:407)
	at com.kms.katalon.core.main.TestCaseExecutor.execute(TestCaseExecutor.java:284)
	at com.kms.katalon.core.common.CommonExecutor.accessTestCaseMainPhase(CommonExecutor.java:65)
	at com.kms.katalon.core.main.TestSuiteExecutor.accessTestSuiteMainPhase(TestSuiteExecutor.java:144)
	at com.kms.katalon.core.main.TestSuiteExecutor.execute(TestSuiteExecutor.java:106)
	at com.kms.katalon.core.main.TestCaseMain.startTestSuite(TestCaseMain.java:185)
	at com.kms.katalon.core.main.TestCaseMain$startTestSuite$0.call(Unknown Source)
	at TempTestSuite1657636060508.run(TempTestSuite1657636060508.groovy:36)
Caused by: com.kms.katalon.core.exception.StepFailedException: com.kms.katalon.core.webui.exception.WebElementNotFoundException: Web element with id: 'Object Repository/Cluster_Registration/text_noServer' located by '//div[@class = 'noservercontent']' not found
	at com.kms.katalon.core.webui.keyword.internal.WebUIKeywordMain.stepFailed(WebUIKeywordMain.groovy:64)
	at com.kms.katalon.core.webui.keyword.builtin.VerifyElementPresentKeyword$_verifyElementPresent_closure1.doCall(VerifyElementPresentKeyword.groovy:85)
	at com.kms.katalon.core.webui.keyword.builtin.VerifyElementPresentKeyword$_verifyElementPresent_closure1.call(VerifyElementPresentKeyword.groovy)
	at com.kms.katalon.core.webui.keyword.internal.WebUIKeywordMain.runKeyword(WebUIKeywordMain.groovy:20)
	... 22 more
)
[[ATTACHMENT|C:\\Users\\rohinis\\Documents\\GitHub\\AccessKRE\\Reports\\20220712_195740\\Sanity\\AdminSuite\\20220712_195740\\1657636303085.png]]

2022-07-12 20:01:44 - [MESSAGE][PASSED] - Delayed 1 second(s)

2022-07-12 20:01:46 - [MESSAGE][INFO] - Unable to find the element located by 'By.xpath: //div[@class = 'noservercontent']'. Please recheck the objects properties to make sure the desired element is located. 

2022-07-12 20:01:46 - [MESSAGE][FAILED] - com.kms.katalon.core.webui.exception.WebElementNotFoundException: Web element with id: 'Object Repository/Cluster_Registration/text_noServer' located by '//div[@class = 'noservercontent']' not found (Root cause: com.kms.katalon.core.exception.StepFailedException: com.kms.katalon.core.webui.exception.WebElementNotFoundException: Web element with id: 'Object Repository/Cluster_Registration/text_noServer' located by '//div[@class = 'noservercontent']' not found
	at com.kms.katalon.core.webui.keyword.internal.WebUIKeywordMain.stepFailed(WebUIKeywordMain.groovy:64)
	at com.kms.katalon.core.webui.keyword.builtin.VerifyElementPresentKeyword$_verifyElementPresent_closure1.doCall(VerifyElementPresentKeyword.groovy:85)
	at com.kms.katalon.core.webui.keyword.builtin.VerifyElementPresentKeyword$_verifyElementPresent_closure1.call(VerifyElementPresentKeyword.groovy)
	at com.kms.katalon.core.webui.keyword.internal.WebUIKeywordMain.runKeyword(WebUIKeywordMain.groovy:20)
	at com.kms.katalon.core.webui.keyword.builtin.VerifyElementPresentKeyword.verifyElementPresent(VerifyElementPresentKeyword.groovy:92)
	at com.kms.katalon.core.webui.keyword.builtin.VerifyElementPresentKeyword.execute(VerifyElementPresentKeyword.groovy:68)
	at com.kms.katalon.core.keyword.internal.KeywordExecutor.executeKeywordForPlatform(KeywordExecutor.groovy:74)
	at com.kms.katalon.core.webui.keyword.WebUiBuiltInKeywords.verifyElementPresent(WebUiBuiltInKeywords.groovy:1464)
	at com.kms.katalon.core.webui.keyword.WebUiBuiltInKeywords$verifyElementPresent$5.call(Unknown Source)
	at customWait.WaitForElement.WaitForelementPresent(WaitForElement.groovy:22)
	at customWait.WaitForElement.invokeMethod(WaitForElement.groovy)
	at com.kms.katalon.core.main.CustomKeywordDelegatingMetaClass.invokeStaticMethod(CustomKeywordDelegatingMetaClass.java:50)
	at ClusterRegistration.run(ClusterRegistration:143)
	at com.kms.katalon.core.main.ScriptEngine.run(ScriptEngine.java:194)
	at com.kms.katalon.core.main.ScriptEngine.runScriptAsRawText(ScriptEngine.java:119)
	at com.kms.katalon.core.main.TestCaseExecutor.runScript(TestCaseExecutor.java:445)
	at com.kms.katalon.core.main.TestCaseExecutor.doExecute(TestCaseExecutor.java:436)
	at com.kms.katalon.core.main.TestCaseExecutor.processExecutionPhase(TestCaseExecutor.java:415)
	at com.kms.katalon.core.main.TestCaseExecutor.accessMainPhase(TestCaseExecutor.java:407)
	at com.kms.katalon.core.main.TestCaseExecutor.execute(TestCaseExecutor.java:284)
	at com.kms.katalon.core.common.CommonExecutor.accessTestCaseMainPhase(CommonExecutor.java:65)
	at com.kms.katalon.core.main.TestSuiteExecutor.accessTestSuiteMainPhase(TestSuiteExecutor.java:144)
	at com.kms.katalon.core.main.TestSuiteExecutor.execute(TestSuiteExecutor.java:106)
	at com.kms.katalon.core.main.TestCaseMain.startTestSuite(TestCaseMain.java:185)
	at com.kms.katalon.core.main.TestCaseMain$startTestSuite$0.call(Unknown Source)
	at TempTestSuite1657636060508.run(TempTestSuite1657636060508.groovy:36)
)
[[ATTACHMENT|C:\\Users\\rohinis\\Documents\\GitHub\\AccessKRE\\Reports\\20220712_195740\\Sanity\\AdminSuite\\20220712_195740\\1657636306260.png]]

2022-07-12 20:01:46 - [MESSAGE][FAILED] - Unable to verify object 'Object Repository/Cluster_Registration/text_noServer' is present (Root cause: com.kms.katalon.core.exception.StepFailedException: Unable to verify object 'Object Repository/Cluster_Registration/text_noServer' is present
	at com.kms.katalon.core.webui.keyword.internal.WebUIKeywordMain.stepFailed(WebUIKeywordMain.groovy:64)
	at com.kms.katalon.core.webui.keyword.internal.WebUIKeywordMain.runKeyword(WebUIKeywordMain.groovy:26)
	at com.kms.katalon.core.webui.keyword.builtin.VerifyElementPresentKeyword.verifyElementPresent(VerifyElementPresentKeyword.groovy:92)
	at com.kms.katalon.core.webui.keyword.builtin.VerifyElementPresentKeyword.execute(VerifyElementPresentKeyword.groovy:68)
	at com.kms.katalon.core.keyword.internal.KeywordExecutor.executeKeywordForPlatform(KeywordExecutor.groovy:74)
	at com.kms.katalon.core.webui.keyword.WebUiBuiltInKeywords.verifyElementPresent(WebUiBuiltInKeywords.groovy:1464)
	at com.kms.katalon.core.webui.keyword.WebUiBuiltInKeywords$verifyElementPresent$5.call(Unknown Source)
	at customWait.WaitForElement.WaitForelementPresent(WaitForElement.groovy:22)
	at customWait.WaitForElement.invokeMethod(WaitForElement.groovy)
	at com.kms.katalon.core.main.CustomKeywordDelegatingMetaClass.invokeStaticMethod(CustomKeywordDelegatingMetaClass.java:50)
	at ClusterRegistration.run(ClusterRegistration:143)
	at com.kms.katalon.core.main.ScriptEngine.run(ScriptEngine.java:194)
	at com.kms.katalon.core.main.ScriptEngine.runScriptAsRawText(ScriptEngine.java:119)
	at com.kms.katalon.core.main.TestCaseExecutor.runScript(TestCaseExecutor.java:445)
	at com.kms.katalon.core.main.TestCaseExecutor.doExecute(TestCaseExecutor.java:436)
	at com.kms.katalon.core.main.TestCaseExecutor.processExecutionPhase(TestCaseExecutor.java:415)
	at com.kms.katalon.core.main.TestCaseExecutor.accessMainPhase(TestCaseExecutor.java:407)
	at com.kms.katalon.core.main.TestCaseExecutor.execute(TestCaseExecutor.java:284)
	at com.kms.katalon.core.common.CommonExecutor.accessTestCaseMainPhase(CommonExecutor.java:65)
	at com.kms.katalon.core.main.TestSuiteExecutor.accessTestSuiteMainPhase(TestSuiteExecutor.java:144)
	at com.kms.katalon.core.main.TestSuiteExecutor.execute(TestSuiteExecutor.java:106)
	at com.kms.katalon.core.main.TestCaseMain.startTestSuite(TestCaseMain.java:185)
	at com.kms.katalon.core.main.TestCaseMain$startTestSuite$0.call(Unknown Source)
	at TempTestSuite1657636060508.run(TempTestSuite1657636060508.groovy:36)
Caused by: com.kms.katalon.core.exception.StepFailedException: com.kms.katalon.core.webui.exception.WebElementNotFoundException: Web element with id: 'Object Repository/Cluster_Registration/text_noServer' located by '//div[@class = 'noservercontent']' not found
	at com.kms.katalon.core.webui.keyword.internal.WebUIKeywordMain.stepFailed(WebUIKeywordMain.groovy:64)
	at com.kms.katalon.core.webui.keyword.builtin.VerifyElementPresentKeyword$_verifyElementPresent_closure1.doCall(VerifyElementPresentKeyword.groovy:85)
	at com.kms.katalon.core.webui.keyword.builtin.VerifyElementPresentKeyword$_verifyElementPresent_closure1.call(VerifyElementPresentKeyword.groovy)
	at com.kms.katalon.core.webui.keyword.internal.WebUIKeywordMain.runKeyword(WebUIKeywordMain.groovy:20)
	... 22 more
)
[[ATTACHMENT|C:\\Users\\rohinis\\Documents\\GitHub\\AccessKRE\\Reports\\20220712_195740\\Sanity\\AdminSuite\\20220712_195740\\1657636306418.png]]

2022-07-12 20:01:47 - [MESSAGE][PASSED] - Delayed 1 second(s)

2022-07-12 20:01:49 - [MESSAGE][INFO] - Unable to find the element located by 'By.xpath: //div[@class = 'noservercontent']'. Please recheck the objects properties to make sure the desired element is located. 

2022-07-12 20:01:49 - [MESSAGE][FAILED] - com.kms.katalon.core.webui.exception.WebElementNotFoundException: Web element with id: 'Object Repository/Cluster_Registration/text_noServer' located by '//div[@class = 'noservercontent']' not found (Root cause: com.kms.katalon.core.exception.StepFailedException: com.kms.katalon.core.webui.exception.WebElementNotFoundException: Web element with id: 'Object Repository/Cluster_Registration/text_noServer' located by '//div[@class = 'noservercontent']' not found
	at com.kms.katalon.core.webui.keyword.internal.WebUIKeywordMain.stepFailed(WebUIKeywordMain.groovy:64)
	at com.kms.katalon.core.webui.keyword.builtin.VerifyElementPresentKeyword$_verifyElementPresent_closure1.doCall(VerifyElementPresentKeyword.groovy:85)
	at com.kms.katalon.core.webui.keyword.builtin.VerifyElementPresentKeyword$_verifyElementPresent_closure1.call(VerifyElementPresentKeyword.groovy)
	at com.kms.katalon.core.webui.keyword.internal.WebUIKeywordMain.runKeyword(WebUIKeywordMain.groovy:20)
	at com.kms.katalon.core.webui.keyword.builtin.VerifyElementPresentKeyword.verifyElementPresent(VerifyElementPresentKeyword.groovy:92)
	at com.kms.katalon.core.webui.keyword.builtin.VerifyElementPresentKeyword.execute(VerifyElementPresentKeyword.groovy:68)
	at com.kms.katalon.core.keyword.internal.KeywordExecutor.executeKeywordForPlatform(KeywordExecutor.groovy:74)
	at com.kms.katalon.core.webui.keyword.WebUiBuiltInKeywords.verifyElementPresent(WebUiBuiltInKeywords.groovy:1464)
	at com.kms.katalon.core.webui.keyword.WebUiBuiltInKeywords$verifyElementPresent$5.call(Unknown Source)
	at customWait.WaitForElement.WaitForelementPresent(WaitForElement.groovy:22)
	at customWait.WaitForElement.invokeMethod(WaitForElement.groovy)
	at com.kms.katalon.core.main.CustomKeywordDelegatingMetaClass.invokeStaticMethod(CustomKeywordDelegatingMetaClass.java:50)
	at ClusterRegistration.run(ClusterRegistration:143)
	at com.kms.katalon.core.main.ScriptEngine.run(ScriptEngine.java:194)
	at com.kms.katalon.core.main.ScriptEngine.runScriptAsRawText(ScriptEngine.java:119)
	at com.kms.katalon.core.main.TestCaseExecutor.runScript(TestCaseExecutor.java:445)
	at com.kms.katalon.core.main.TestCaseExecutor.doExecute(TestCaseExecutor.java:436)
	at com.kms.katalon.core.main.TestCaseExecutor.processExecutionPhase(TestCaseExecutor.java:415)
	at com.kms.katalon.core.main.TestCaseExecutor.accessMainPhase(TestCaseExecutor.java:407)
	at com.kms.katalon.core.main.TestCaseExecutor.execute(TestCaseExecutor.java:284)
	at com.kms.katalon.core.common.CommonExecutor.accessTestCaseMainPhase(CommonExecutor.java:65)
	at com.kms.katalon.core.main.TestSuiteExecutor.accessTestSuiteMainPhase(TestSuiteExecutor.java:144)
	at com.kms.katalon.core.main.TestSuiteExecutor.execute(TestSuiteExecutor.java:106)
	at com.kms.katalon.core.main.TestCaseMain.startTestSuite(TestCaseMain.java:185)
	at com.kms.katalon.core.main.TestCaseMain$startTestSuite$0.call(Unknown Source)
	at TempTestSuite1657636060508.run(TempTestSuite1657636060508.groovy:36)
)
[[ATTACHMENT|C:\\Users\\rohinis\\Documents\\GitHub\\AccessKRE\\Reports\\20220712_195740\\Sanity\\AdminSuite\\20220712_195740\\1657636309598.png]]

2022-07-12 20:01:49 - [MESSAGE][FAILED] - Unable to verify object 'Object Repository/Cluster_Registration/text_noServer' is present (Root cause: com.kms.katalon.core.exception.StepFailedException: Unable to verify object 'Object Repository/Cluster_Registration/text_noServer' is present
	at com.kms.katalon.core.webui.keyword.internal.WebUIKeywordMain.stepFailed(WebUIKeywordMain.groovy:64)
	at com.kms.katalon.core.webui.keyword.internal.WebUIKeywordMain.runKeyword(WebUIKeywordMain.groovy:26)
	at com.kms.katalon.core.webui.keyword.builtin.VerifyElementPresentKeyword.verifyElementPresent(VerifyElementPresentKeyword.groovy:92)
	at com.kms.katalon.core.webui.keyword.builtin.VerifyElementPresentKeyword.execute(VerifyElementPresentKeyword.groovy:68)
	at com.kms.katalon.core.keyword.internal.KeywordExecutor.executeKeywordForPlatform(KeywordExecutor.groovy:74)
	at com.kms.katalon.core.webui.keyword.WebUiBuiltInKeywords.verifyElementPresent(WebUiBuiltInKeywords.groovy:1464)
	at com.kms.katalon.core.webui.keyword.WebUiBuiltInKeywords$verifyElementPresent$5.call(Unknown Source)
	at customWait.WaitForElement.WaitForelementPresent(WaitForElement.groovy:22)
	at customWait.WaitForElement.invokeMethod(WaitForElement.groovy)
	at com.kms.katalon.core.main.CustomKeywordDelegatingMetaClass.invokeStaticMethod(CustomKeywordDelegatingMetaClass.java:50)
	at ClusterRegistration.run(ClusterRegistration:143)
	at com.kms.katalon.core.main.ScriptEngine.run(ScriptEngine.java:194)
	at com.kms.katalon.core.main.ScriptEngine.runScriptAsRawText(ScriptEngine.java:119)
	at com.kms.katalon.core.main.TestCaseExecutor.runScript(TestCaseExecutor.java:445)
	at com.kms.katalon.core.main.TestCaseExecutor.doExecute(TestCaseExecutor.java:436)
	at com.kms.katalon.core.main.TestCaseExecutor.processExecutionPhase(TestCaseExecutor.java:415)
	at com.kms.katalon.core.main.TestCaseExecutor.accessMainPhase(TestCaseExecutor.java:407)
	at com.kms.katalon.core.main.TestCaseExecutor.execute(TestCaseExecutor.java:284)
	at com.kms.katalon.core.common.CommonExecutor.accessTestCaseMainPhase(CommonExecutor.java:65)
	at com.kms.katalon.core.main.TestSuiteExecutor.accessTestSuiteMainPhase(TestSuiteExecutor.java:144)
	at com.kms.katalon.core.main.TestSuiteExecutor.execute(TestSuiteExecutor.java:106)
	at com.kms.katalon.core.main.TestCaseMain.startTestSuite(TestCaseMain.java:185)
	at com.kms.katalon.core.main.TestCaseMain$startTestSuite$0.call(Unknown Source)
	at TempTestSuite1657636060508.run(TempTestSuite1657636060508.groovy:36)
Caused by: com.kms.katalon.core.exception.StepFailedException: com.kms.katalon.core.webui.exception.WebElementNotFoundException: Web element with id: 'Object Repository/Cluster_Registration/text_noServer' located by '//div[@class = 'noservercontent']' not found
	at com.kms.katalon.core.webui.keyword.internal.WebUIKeywordMain.stepFailed(WebUIKeywordMain.groovy:64)
	at com.kms.katalon.core.webui.keyword.builtin.VerifyElementPresentKeyword$_verifyElementPresent_closure1.doCall(VerifyElementPresentKeyword.groovy:85)
	at com.kms.katalon.core.webui.keyword.builtin.VerifyElementPresentKeyword$_verifyElementPresent_closure1.call(VerifyElementPresentKeyword.groovy)
	at com.kms.katalon.core.webui.keyword.internal.WebUIKeywordMain.runKeyword(WebUIKeywordMain.groovy:20)
	... 22 more
)
[[ATTACHMENT|C:\\Users\\rohinis\\Documents\\GitHub\\AccessKRE\\Reports\\20220712_195740\\Sanity\\AdminSuite\\20220712_195740\\1657636309674.png]]

2022-07-12 20:01:50 - [MESSAGE][PASSED] - Delayed 1 second(s)

2022-07-12 20:01:52 - [MESSAGE][PASSED] - Object 'Object Repository/Cluster_Registration/text_noServer' is present

2022-07-12 20:01:52 - [MESSAGE][PASSED] - Object 'Object Repository/Cluster_Registration/text_noServer' is clickable

2022-07-12 20:01:52 - [MESSAGE][PASSED] - customWait.WaitForElement.WaitForelementPresent is PASSED

2022-07-12 20:01:52 - [TEST_STEP][PASSED] - if (lblMngSrv): null

2022-07-12 20:01:52 - [TEST_STEP][PASSED] - result = true: null

2022-07-12 20:01:52 - [TEST_STEP][PASSED] - extentTest.log(PASS, "Verifed the cluster is deleted "): null

2022-07-12 20:01:52 - [TEST_STEP][PASSED] - break: null

2022-07-12 20:01:52 - [TEST_STEP][PASSED] - if (result): null

2022-07-12 20:01:52 - [TEST_STEP][PASSED] - extentTest.log(PASS, "Verified - " + TestCaseName + "  Sucessfully"): null

2022-07-12 20:01:52 - [TEST_STEP][PASSED] - Finally: null

2022-07-12 20:01:52 - [TEST_STEP][PASSED] - extentTest.log(PASS, "Closing the browser after executinge test case - " + TestCaseName): null

2022-07-12 20:01:52 - [TEST_STEP][PASSED] - Start listener action : sampleAfterTestCase: null]]></system-out>
         <system-err><![CDATA[]]></system-err>
      </testcase>
      <system-out><![CDATA[2022-07-12 19:57:53 - [TEST_SUITE][PASSED] - AdminSuite: Test Cases/Cluster_Registration/ClusterRegistration]]></system-out>
      <system-err><![CDATA[]]></system-err>
   </testsuite>
</testsuites>
