<?xml version="1.0" encoding="UTF-8"?>
<testsuites name="Login" time="9639.996" tests="1" failures="0" errors="0">
   <testsuite name="Login" tests="1" failures="0" errors="0" time="9639.996" skipped="0" timestamp="2022-07-08 11:16:27" hostname="rohinis - BLRLAP1020.indiablr.altair.com" id="Test Suites/Login">
      <properties>
         <property name="deviceName" value=""/>
         <property name="devicePlatform" value=""/>
         <property name="logFolder" value="C:\\Users\\rohinis\\Documents\\GitHub\\AccessKRE\\Reports\\20220708_111611\\Login\\20220708_111611"/>
         <property name="logFiles" value="C:\\Users\\rohinis\\Documents\\GitHub\\AccessKRE\\Reports\\20220708_111611\\Login\\20220708_111611\\execution0.log"/>
         <property name="attachments" value="C:\\Users\\rohinis\\Documents\\GitHub\\AccessKRE\\Reports\\20220708_111611\\Login\\20220708_111611\\1657268790780.png, C:\\Users\\rohinis\\Documents\\GitHub\\AccessKRE\\Reports\\20220708_111611\\Login\\20220708_111611\\1657268791258.png, C:\\Users\\rohinis\\Documents\\GitHub\\AccessKRE\\Reports\\20220708_111611\\Login\\20220708_111611\\1657268794366.png, C:\\Users\\rohinis\\Documents\\GitHub\\AccessKRE\\Reports\\20220708_111611\\Login\\20220708_111611\\1657268794438.png, C:\\Users\\rohinis\\Documents\\GitHub\\AccessKRE\\Reports\\20220708_111611\\Login\\20220708_111611\\1657268797533.png, C:\\Users\\rohinis\\Documents\\GitHub\\AccessKRE\\Reports\\20220708_111611\\Login\\20220708_111611\\1657268797605.png, C:\\Users\\rohinis\\Documents\\GitHub\\AccessKRE\\Reports\\20220708_111611\\Login\\20220708_111611\\1657268800727.png, C:\\Users\\rohinis\\Documents\\GitHub\\AccessKRE\\Reports\\20220708_111611\\Login\\20220708_111611\\1657268801044.png, C:\\Users\\rohinis\\Documents\\GitHub\\AccessKRE\\Reports\\20220708_111611\\Login\\20220708_111611\\1657268804378.png, C:\\Users\\rohinis\\Documents\\GitHub\\AccessKRE\\Reports\\20220708_111611\\Login\\20220708_111611\\1657268804454.png, C:\\Users\\rohinis\\Documents\\GitHub\\AccessKRE\\Reports\\20220708_111611\\Login\\20220708_111611\\1657268807550.png, C:\\Users\\rohinis\\Documents\\GitHub\\AccessKRE\\Reports\\20220708_111611\\Login\\20220708_111611\\1657268807639.png, C:\\Users\\rohinis\\Documents\\GitHub\\AccessKRE\\Reports\\20220708_111611\\Login\\20220708_111611\\1657268810731.png, C:\\Users\\rohinis\\Documents\\GitHub\\AccessKRE\\Reports\\20220708_111611\\Login\\20220708_111611\\1657268810816.png, C:\\Users\\rohinis\\Documents\\GitHub\\AccessKRE\\Reports\\20220708_111611\\Login\\20220708_111611\\1657268813943.png, C:\\Users\\rohinis\\Documents\\GitHub\\AccessKRE\\Reports\\20220708_111611\\Login\\20220708_111611\\1657268814144.png, C:\\Users\\rohinis\\Documents\\GitHub\\AccessKRE\\Reports\\20220708_111611\\Login\\20220708_111611\\1657268817433.png, C:\\Users\\rohinis\\Documents\\GitHub\\AccessKRE\\Reports\\20220708_111611\\Login\\20220708_111611\\1657268817683.png, C:\\Users\\rohinis\\Documents\\GitHub\\AccessKRE\\Reports\\20220708_111611\\Login\\20220708_111611\\1657268820788.png, C:\\Users\\rohinis\\Documents\\GitHub\\AccessKRE\\Reports\\20220708_111611\\Login\\20220708_111611\\1657268820916.png"/>
         <property name="hostName" value="rohinis - BLRLAP1020.indiablr.altair.com"/>
         <property name="os" value="Windows 10 64bit"/>
         <property name="katalonVersion" value="8.3.5.208"/>
         <property name="browser" value="Firefox 102.0"/>
         <property name="hostAddress" value="10.75.48.176"/>
         <property name="sessionId" value="ed06308b-28c0-4cc8-b353-34cf51ef6ce7"/>
         <property name="seleniumVersion" value="3.141.59"/>
         <property name="proxyInformation" value="ProxyInformation { proxyOption=NO_PROXY, proxyServerType=HTTP, username=, password=********, proxyServerAddress=, proxyServerPort=0, executionList=&quot;&quot;, isApplyToDesiredCapabilities=true }"/>
         <property name="platform" value="Windows 10"/>
      </properties>
      <testcase name="Test Cases/LoginTC/Login" time="9633.671" classname="Test Cases/LoginTC/Login" status="PASSED">
         <system-out><![CDATA[2022-07-08 11:16:34 - [TEST_CASE][PASSED] - Test Cases/LoginTC/Login: Test Cases/LoginTC/Login

2022-07-08 11:16:34 - [TEST_STEP][PASSED] - Start listener action : BeforeTestCase: null

2022-07-08 11:16:34 - [TEST_STEP][PASSED] - variableList = testCaseContext.getTestCaseVariables(): null

2022-07-08 11:16:34 - [TEST_STEP][PASSED] - println("context - " + variableList): null

2022-07-08 11:16:34 - [TEST_STEP][PASSED] - println(testCaseContext.getTestCaseId()): null

2022-07-08 11:16:34 - [TEST_STEP][PASSED] - tcID = testCaseContext.getTestCaseId(): null

2022-07-08 11:16:34 - [TEST_STEP][PASSED] - tcScript = tcID.split("\/"): null

2022-07-08 11:16:34 - [TEST_STEP][PASSED] - len = tcScript.size(): null

2022-07-08 11:16:34 - [TEST_STEP][PASSED] - tcScriptName = tcScript[len - 1]: null

2022-07-08 11:16:34 - [TEST_STEP][PASSED] - println("=========================="): null

2022-07-08 11:16:34 - [TEST_STEP][PASSED] - println(tcScriptName): null

2022-07-08 11:16:34 - [TEST_STEP][PASSED] - println("=========================="): null

2022-07-08 11:16:34 - [TEST_STEP][PASSED] - testcaseName = generateReports.testCaseNameChange.toSplit(variableList, "TestCaseName"): generateReports.testCaseNameChange.toSplit is PASSED

2022-07-08 11:16:34 - [MESSAGE][PASSED] - generateReports.testCaseNameChange.toSplit is PASSED

2022-07-08 11:16:34 - [TEST_STEP][PASSED] - UpdatedtestcaseName = generateReports.testCaseNameChange.updateTCName(testcaseName, variableList, tcScriptName): generateReports.testCaseNameChange.updateTCName is PASSED

2022-07-08 11:16:34 - [MESSAGE][PASSED] - generateReports.testCaseNameChange.updateTCName is PASSED

2022-07-08 11:16:34 - [TEST_STEP][PASSED] - println("new tn  --- " + UpdatedtestcaseName): null

2022-07-08 11:16:34 - [TEST_STEP][PASSED] - println("-------------------------"): null

2022-07-08 11:16:34 - [TEST_STEP][PASSED] - if (tcScriptName.equals("JobSubmission-FileOperations") && UpdatedtestcaseName.contains("tile view")): null

2022-07-08 11:16:34 - [TEST_STEP][PASSED] - else: null

2022-07-08 11:16:34 - [TEST_STEP][PASSED] - G_ExtentTest = extent.createTest(UpdatedtestcaseName): null

2022-07-08 11:16:34 - [TEST_STEP][PASSED] - extentTest = G_ExtentTest: null

2022-07-08 11:16:34 - [TEST_STEP][PASSED] - try: null

2022-07-08 11:16:34 - [TEST_STEP][PASSED] - openBrowser(""): Browser is opened with url: ''

2022-07-08 11:16:35 - [MESSAGE][INFO] - Starting 'Firefox' driver

2022-07-08 11:16:35 - [MESSAGE][INFO] - User set Firefox profile preference: ['browser.download.manager.showWhenStarting', 'false']

2022-07-08 11:16:35 - [MESSAGE][INFO] - User set Firefox profile preference: ['browser.helperApps.neverAsk.saveToDisk', 'text/csv,application/vnd.openxmlformats-officedocument.spreadsheetml.sheet,application/vnd.ms-excel,application/msexcel,application/x-msexcel,application/excel,application/octet-stream']

2022-07-08 11:16:35 - [MESSAGE][INFO] - User set Firefox profile preference: ['browser.helperApps.neverAsk.openFile', 'text/csv,application/vnd.ms-excel,application/msexcel,application/x-msexcel,application/excel,,application/octet-stream']

2022-07-08 11:16:35 - [MESSAGE][INFO] - User set Firefox profile preference: ['browser.download.folderList', '2']

2022-07-08 11:16:35 - [MESSAGE][INFO] - User set Firefox profile preference: ['browser.helperApps.alwaysAsk.force', 'false']

2022-07-08 11:16:35 - [MESSAGE][INFO] - User set Firefox profile preference: ['browser.download.forbid_open_with ', 'true']

2022-07-08 11:16:35 - [MESSAGE][INFO] - User set Firefox profile preference: ['browser.download.panel.shown', 'false']

2022-07-08 11:16:35 - [MESSAGE][INFO] - User set Firefox profile preference: ['browser.download.dir', 'c:/katalonDownloads']

2022-07-08 11:16:35 - [MESSAGE][INFO] - User set Firefox profile preference: ['browser.download.manager.openDelay', '1']

2022-07-08 11:16:35 - [MESSAGE][INFO] - Action delay is set to 0 milliseconds

2022-07-08 11:16:48 - [MESSAGE][PASSED] - Browser is opened with url: ''

2022-07-08 11:16:48 - [TEST_STEP][PASSED] - G_ExtentTest.log(PASS, "Navigated to Acces Instance - " + G_BaseUrl): null

2022-07-08 11:16:48 - [TEST_STEP][PASSED] - deleteAllCookies(): Delete all cookies successfully

2022-07-08 11:16:48 - [MESSAGE][PASSED] - Delete all cookies successfully

2022-07-08 11:16:48 - [TEST_STEP][PASSED] - navigateToUrl(G_BaseUrl): Navigate to 'https://10.75.22.62:4443/pbsworks' successfully

2022-07-08 11:17:12 - [MESSAGE][PASSED] - Navigate to 'https://10.75.22.62:4443/pbsworks' successfully

2022-07-08 11:17:12 - [TEST_STEP][PASSED] - maximizeWindow(): Current window maximized

2022-07-08 11:17:12 - [MESSAGE][PASSED] - Current window maximized

2022-07-08 11:17:12 - [TEST_STEP][PASSED] - driver = getWebDriver(): null

2022-07-08 11:17:12 - [TEST_STEP][PASSED] - caps = getWrappedDriver().getCapabilities(): null

2022-07-08 11:17:12 - [TEST_STEP][PASSED] - bn = caps.getBrowserName(): null

2022-07-08 11:17:12 - [TEST_STEP][PASSED] - bv = caps.getVersion(): null

2022-07-08 11:17:14 - [TEST_STEP][PASSED] - extentTest = G_ExtentTest: null

2022-07-08 11:17:14 - [TEST_STEP][FAILED] - try: null

2022-07-08 11:17:14 - [TEST_STEP][PASSED] - Browser = G_Browser: null

2022-07-08 11:17:14 - [TEST_STEP][PASSED] - extentTest.log(PASS, "Navigated to Acces Instance - " + G_BaseUrl): null

2022-07-08 11:17:14 - [TEST_STEP][PASSED] - setText(findTestObject("LoginPage/username_txtbx"), G_userName): Text 'pbsworksg' is set on object 'Object Repository/LoginPage/username_txtbx'

2022-07-08 11:17:15 - [MESSAGE][PASSED] - Text 'pbsworksg' is set on object 'Object Repository/LoginPage/username_txtbx'

2022-07-08 11:17:15 - [TEST_STEP][PASSED] - setText(findTestObject("LoginPage/password_txtbx"), G_Password): Text 'pbsworks' is set on object 'Object Repository/LoginPage/password_txtbx'

2022-07-08 11:17:15 - [MESSAGE][PASSED] - Text 'pbsworks' is set on object 'Object Repository/LoginPage/password_txtbx'

2022-07-08 11:17:15 - [TEST_STEP][PASSED] - click(findTestObject("LoginPage/login_btn")): Object: 'Object Repository/LoginPage/login_btn' is clicked on

2022-07-08 13:56:25 - [MESSAGE][PASSED] - Object: 'Object Repository/LoginPage/login_btn' is clicked on

2022-07-08 13:56:25 - [TEST_STEP][PASSED] - extentTest.log(PASS, "Entered Creds - username - " + G_userName + " password - " + G_Password): null

2022-07-08 13:56:25 - [TEST_STEP][FAILED] - jobsTab = WaitForElement().WaitForelementPresent(findTestObject("NewJobPage/AppList_ShellScript"), 10, extentTest, "Application - ShellScript loaded "): Unable to verify object 'Object Repository/NewJobPage/AppList_ShellScript' is present (Root cause: com.kms.katalon.core.exception.StepFailedException: Unable to verify object 'Object Repository/NewJobPage/AppList_ShellScript' is present
	at com.kms.katalon.core.webui.keyword.internal.WebUIKeywordMain.stepFailed(WebUIKeywordMain.groovy:64)
	at com.kms.katalon.core.webui.keyword.internal.WebUIKeywordMain.runKeyword(WebUIKeywordMain.groovy:26)
	at com.kms.katalon.core.webui.keyword.builtin.VerifyElementPresentKeyword.verifyElementPresent(VerifyElementPresentKeyword.groovy:92)
	at com.kms.katalon.core.webui.keyword.builtin.VerifyElementPresentKeyword.execute(VerifyElementPresentKeyword.groovy:68)
	at com.kms.katalon.core.keyword.internal.KeywordExecutor.executeKeywordForPlatform(KeywordExecutor.groovy:74)
	at com.kms.katalon.core.webui.keyword.WebUiBuiltInKeywords.verifyElementPresent(WebUiBuiltInKeywords.groovy:1464)
	at com.kms.katalon.core.webui.keyword.WebUiBuiltInKeywords$verifyElementPresent$5.call(Unknown Source)
	at customWait.WaitForElement.WaitForelementPresent(WaitForElement.groovy:22)
	at customWait.WaitForElement$WaitForelementPresent.call(Unknown Source)
	at Login.run(Login:31)
	at com.kms.katalon.core.main.ScriptEngine.run(ScriptEngine.java:194)
	at com.kms.katalon.core.main.ScriptEngine.runScriptAsRawText(ScriptEngine.java:119)
	at com.kms.katalon.core.main.TestCaseExecutor.runScript(TestCaseExecutor.java:445)
	at com.kms.katalon.core.main.TestCaseExecutor.doExecute(TestCaseExecutor.java:436)
	at com.kms.katalon.core.main.TestCaseExecutor.processExecutionPhase(TestCaseExecutor.java:415)
	at com.kms.katalon.core.main.TestCaseExecutor.accessMainPhase(TestCaseExecutor.java:407)
	at com.kms.katalon.core.main.TestCaseExecutor.execute(TestCaseExecutor.java:284)
	at com.kms.katalon.core.common.CommonExecutor.accessTestCaseMainPhase(CommonExecutor.java:65)
	at com.kms.katalon.core.main.TestSuiteExecutor.accessTestSuiteMainPhase(TestSuiteExecutor.java:144)
	at com.kms.katalon.core.main.TestSuiteExecutor.execute(TestSuiteExecutor.java:106)
	at com.kms.katalon.core.main.TestCaseMain.startTestSuite(TestCaseMain.java:185)
	at com.kms.katalon.core.main.TestCaseMain$startTestSuite$0.call(Unknown Source)
	at TempTestSuite1657259171111.run(TempTestSuite1657259171111.groovy:36)
Caused by: com.kms.katalon.core.exception.StepFailedException: com.kms.katalon.core.webui.exception.WebElementNotFoundException: Web element with id: 'Object Repository/NewJobPage/AppList_ShellScript' located by '//div[@id = 'ShellScript']' not found
	at com.kms.katalon.core.webui.keyword.internal.WebUIKeywordMain.stepFailed(WebUIKeywordMain.groovy:64)
	at com.kms.katalon.core.webui.keyword.builtin.VerifyElementPresentKeyword$_verifyElementPresent_closure1.doCall(VerifyElementPresentKeyword.groovy:85)
	at com.kms.katalon.core.webui.keyword.builtin.VerifyElementPresentKeyword$_verifyElementPresent_closure1.call(VerifyElementPresentKeyword.groovy)
	at com.kms.katalon.core.webui.keyword.internal.WebUIKeywordMain.runKeyword(WebUIKeywordMain.groovy:20)
	... 21 more
)

2022-07-08 13:56:28 - [MESSAGE][PASSED] - Delayed 1 second(s)

2022-07-08 13:56:30 - [MESSAGE][INFO] - Unable to find the element located by 'By.xpath: //div[@id = 'ShellScript']'. Please recheck the objects properties to make sure the desired element is located. 

2022-07-08 13:56:31 - [MESSAGE][FAILED] - com.kms.katalon.core.webui.exception.WebElementNotFoundException: Web element with id: 'Object Repository/NewJobPage/AppList_ShellScript' located by '//div[@id = 'ShellScript']' not found (Root cause: com.kms.katalon.core.exception.StepFailedException: com.kms.katalon.core.webui.exception.WebElementNotFoundException: Web element with id: 'Object Repository/NewJobPage/AppList_ShellScript' located by '//div[@id = 'ShellScript']' not found
	at com.kms.katalon.core.webui.keyword.internal.WebUIKeywordMain.stepFailed(WebUIKeywordMain.groovy:64)
	at com.kms.katalon.core.webui.keyword.builtin.VerifyElementPresentKeyword$_verifyElementPresent_closure1.doCall(VerifyElementPresentKeyword.groovy:85)
	at com.kms.katalon.core.webui.keyword.builtin.VerifyElementPresentKeyword$_verifyElementPresent_closure1.call(VerifyElementPresentKeyword.groovy)
	at com.kms.katalon.core.webui.keyword.internal.WebUIKeywordMain.runKeyword(WebUIKeywordMain.groovy:20)
	at com.kms.katalon.core.webui.keyword.builtin.VerifyElementPresentKeyword.verifyElementPresent(VerifyElementPresentKeyword.groovy:92)
	at com.kms.katalon.core.webui.keyword.builtin.VerifyElementPresentKeyword.execute(VerifyElementPresentKeyword.groovy:68)
	at com.kms.katalon.core.keyword.internal.KeywordExecutor.executeKeywordForPlatform(KeywordExecutor.groovy:74)
	at com.kms.katalon.core.webui.keyword.WebUiBuiltInKeywords.verifyElementPresent(WebUiBuiltInKeywords.groovy:1464)
	at com.kms.katalon.core.webui.keyword.WebUiBuiltInKeywords$verifyElementPresent$5.call(Unknown Source)
	at customWait.WaitForElement.WaitForelementPresent(WaitForElement.groovy:22)
	at customWait.WaitForElement$WaitForelementPresent.call(Unknown Source)
	at Login.run(Login:31)
	at com.kms.katalon.core.main.ScriptEngine.run(ScriptEngine.java:194)
	at com.kms.katalon.core.main.ScriptEngine.runScriptAsRawText(ScriptEngine.java:119)
	at com.kms.katalon.core.main.TestCaseExecutor.runScript(TestCaseExecutor.java:445)
	at com.kms.katalon.core.main.TestCaseExecutor.doExecute(TestCaseExecutor.java:436)
	at com.kms.katalon.core.main.TestCaseExecutor.processExecutionPhase(TestCaseExecutor.java:415)
	at com.kms.katalon.core.main.TestCaseExecutor.accessMainPhase(TestCaseExecutor.java:407)
	at com.kms.katalon.core.main.TestCaseExecutor.execute(TestCaseExecutor.java:284)
	at com.kms.katalon.core.common.CommonExecutor.accessTestCaseMainPhase(CommonExecutor.java:65)
	at com.kms.katalon.core.main.TestSuiteExecutor.accessTestSuiteMainPhase(TestSuiteExecutor.java:144)
	at com.kms.katalon.core.main.TestSuiteExecutor.execute(TestSuiteExecutor.java:106)
	at com.kms.katalon.core.main.TestCaseMain.startTestSuite(TestCaseMain.java:185)
	at com.kms.katalon.core.main.TestCaseMain$startTestSuite$0.call(Unknown Source)
	at TempTestSuite1657259171111.run(TempTestSuite1657259171111.groovy:36)
)
[[ATTACHMENT|C:\\Users\\rohinis\\Documents\\GitHub\\AccessKRE\\Reports\\20220708_111611\\Login\\20220708_111611\\1657268790780.png]]

2022-07-08 13:56:31 - [MESSAGE][FAILED] - Unable to verify object 'Object Repository/NewJobPage/AppList_ShellScript' is present (Root cause: com.kms.katalon.core.exception.StepFailedException: Unable to verify object 'Object Repository/NewJobPage/AppList_ShellScript' is present
	at com.kms.katalon.core.webui.keyword.internal.WebUIKeywordMain.stepFailed(WebUIKeywordMain.groovy:64)
	at com.kms.katalon.core.webui.keyword.internal.WebUIKeywordMain.runKeyword(WebUIKeywordMain.groovy:26)
	at com.kms.katalon.core.webui.keyword.builtin.VerifyElementPresentKeyword.verifyElementPresent(VerifyElementPresentKeyword.groovy:92)
	at com.kms.katalon.core.webui.keyword.builtin.VerifyElementPresentKeyword.execute(VerifyElementPresentKeyword.groovy:68)
	at com.kms.katalon.core.keyword.internal.KeywordExecutor.executeKeywordForPlatform(KeywordExecutor.groovy:74)
	at com.kms.katalon.core.webui.keyword.WebUiBuiltInKeywords.verifyElementPresent(WebUiBuiltInKeywords.groovy:1464)
	at com.kms.katalon.core.webui.keyword.WebUiBuiltInKeywords$verifyElementPresent$5.call(Unknown Source)
	at customWait.WaitForElement.WaitForelementPresent(WaitForElement.groovy:22)
	at customWait.WaitForElement$WaitForelementPresent.call(Unknown Source)
	at Login.run(Login:31)
	at com.kms.katalon.core.main.ScriptEngine.run(ScriptEngine.java:194)
	at com.kms.katalon.core.main.ScriptEngine.runScriptAsRawText(ScriptEngine.java:119)
	at com.kms.katalon.core.main.TestCaseExecutor.runScript(TestCaseExecutor.java:445)
	at com.kms.katalon.core.main.TestCaseExecutor.doExecute(TestCaseExecutor.java:436)
	at com.kms.katalon.core.main.TestCaseExecutor.processExecutionPhase(TestCaseExecutor.java:415)
	at com.kms.katalon.core.main.TestCaseExecutor.accessMainPhase(TestCaseExecutor.java:407)
	at com.kms.katalon.core.main.TestCaseExecutor.execute(TestCaseExecutor.java:284)
	at com.kms.katalon.core.common.CommonExecutor.accessTestCaseMainPhase(CommonExecutor.java:65)
	at com.kms.katalon.core.main.TestSuiteExecutor.accessTestSuiteMainPhase(TestSuiteExecutor.java:144)
	at com.kms.katalon.core.main.TestSuiteExecutor.execute(TestSuiteExecutor.java:106)
	at com.kms.katalon.core.main.TestCaseMain.startTestSuite(TestCaseMain.java:185)
	at com.kms.katalon.core.main.TestCaseMain$startTestSuite$0.call(Unknown Source)
	at TempTestSuite1657259171111.run(TempTestSuite1657259171111.groovy:36)
Caused by: com.kms.katalon.core.exception.StepFailedException: com.kms.katalon.core.webui.exception.WebElementNotFoundException: Web element with id: 'Object Repository/NewJobPage/AppList_ShellScript' located by '//div[@id = 'ShellScript']' not found
	at com.kms.katalon.core.webui.keyword.internal.WebUIKeywordMain.stepFailed(WebUIKeywordMain.groovy:64)
	at com.kms.katalon.core.webui.keyword.builtin.VerifyElementPresentKeyword$_verifyElementPresent_closure1.doCall(VerifyElementPresentKeyword.groovy:85)
	at com.kms.katalon.core.webui.keyword.builtin.VerifyElementPresentKeyword$_verifyElementPresent_closure1.call(VerifyElementPresentKeyword.groovy)
	at com.kms.katalon.core.webui.keyword.internal.WebUIKeywordMain.runKeyword(WebUIKeywordMain.groovy:20)
	... 21 more
)
[[ATTACHMENT|C:\\Users\\rohinis\\Documents\\GitHub\\AccessKRE\\Reports\\20220708_111611\\Login\\20220708_111611\\1657268791258.png]]

2022-07-08 13:56:32 - [MESSAGE][PASSED] - Delayed 1 second(s)

2022-07-08 13:56:34 - [MESSAGE][INFO] - Unable to find the element located by 'By.xpath: //div[@id = 'ShellScript']'. Please recheck the objects properties to make sure the desired element is located. 

2022-07-08 13:56:34 - [MESSAGE][FAILED] - com.kms.katalon.core.webui.exception.WebElementNotFoundException: Web element with id: 'Object Repository/NewJobPage/AppList_ShellScript' located by '//div[@id = 'ShellScript']' not found (Root cause: com.kms.katalon.core.exception.StepFailedException: com.kms.katalon.core.webui.exception.WebElementNotFoundException: Web element with id: 'Object Repository/NewJobPage/AppList_ShellScript' located by '//div[@id = 'ShellScript']' not found
	at com.kms.katalon.core.webui.keyword.internal.WebUIKeywordMain.stepFailed(WebUIKeywordMain.groovy:64)
	at com.kms.katalon.core.webui.keyword.builtin.VerifyElementPresentKeyword$_verifyElementPresent_closure1.doCall(VerifyElementPresentKeyword.groovy:85)
	at com.kms.katalon.core.webui.keyword.builtin.VerifyElementPresentKeyword$_verifyElementPresent_closure1.call(VerifyElementPresentKeyword.groovy)
	at com.kms.katalon.core.webui.keyword.internal.WebUIKeywordMain.runKeyword(WebUIKeywordMain.groovy:20)
	at com.kms.katalon.core.webui.keyword.builtin.VerifyElementPresentKeyword.verifyElementPresent(VerifyElementPresentKeyword.groovy:92)
	at com.kms.katalon.core.webui.keyword.builtin.VerifyElementPresentKeyword.execute(VerifyElementPresentKeyword.groovy:68)
	at com.kms.katalon.core.keyword.internal.KeywordExecutor.executeKeywordForPlatform(KeywordExecutor.groovy:74)
	at com.kms.katalon.core.webui.keyword.WebUiBuiltInKeywords.verifyElementPresent(WebUiBuiltInKeywords.groovy:1464)
	at com.kms.katalon.core.webui.keyword.WebUiBuiltInKeywords$verifyElementPresent$5.call(Unknown Source)
	at customWait.WaitForElement.WaitForelementPresent(WaitForElement.groovy:22)
	at customWait.WaitForElement$WaitForelementPresent.call(Unknown Source)
	at Login.run(Login:31)
	at com.kms.katalon.core.main.ScriptEngine.run(ScriptEngine.java:194)
	at com.kms.katalon.core.main.ScriptEngine.runScriptAsRawText(ScriptEngine.java:119)
	at com.kms.katalon.core.main.TestCaseExecutor.runScript(TestCaseExecutor.java:445)
	at com.kms.katalon.core.main.TestCaseExecutor.doExecute(TestCaseExecutor.java:436)
	at com.kms.katalon.core.main.TestCaseExecutor.processExecutionPhase(TestCaseExecutor.java:415)
	at com.kms.katalon.core.main.TestCaseExecutor.accessMainPhase(TestCaseExecutor.java:407)
	at com.kms.katalon.core.main.TestCaseExecutor.execute(TestCaseExecutor.java:284)
	at com.kms.katalon.core.common.CommonExecutor.accessTestCaseMainPhase(CommonExecutor.java:65)
	at com.kms.katalon.core.main.TestSuiteExecutor.accessTestSuiteMainPhase(TestSuiteExecutor.java:144)
	at com.kms.katalon.core.main.TestSuiteExecutor.execute(TestSuiteExecutor.java:106)
	at com.kms.katalon.core.main.TestCaseMain.startTestSuite(TestCaseMain.java:185)
	at com.kms.katalon.core.main.TestCaseMain$startTestSuite$0.call(Unknown Source)
	at TempTestSuite1657259171111.run(TempTestSuite1657259171111.groovy:36)
)
[[ATTACHMENT|C:\\Users\\rohinis\\Documents\\GitHub\\AccessKRE\\Reports\\20220708_111611\\Login\\20220708_111611\\1657268794366.png]]

2022-07-08 13:56:34 - [MESSAGE][FAILED] - Unable to verify object 'Object Repository/NewJobPage/AppList_ShellScript' is present (Root cause: com.kms.katalon.core.exception.StepFailedException: Unable to verify object 'Object Repository/NewJobPage/AppList_ShellScript' is present
	at com.kms.katalon.core.webui.keyword.internal.WebUIKeywordMain.stepFailed(WebUIKeywordMain.groovy:64)
	at com.kms.katalon.core.webui.keyword.internal.WebUIKeywordMain.runKeyword(WebUIKeywordMain.groovy:26)
	at com.kms.katalon.core.webui.keyword.builtin.VerifyElementPresentKeyword.verifyElementPresent(VerifyElementPresentKeyword.groovy:92)
	at com.kms.katalon.core.webui.keyword.builtin.VerifyElementPresentKeyword.execute(VerifyElementPresentKeyword.groovy:68)
	at com.kms.katalon.core.keyword.internal.KeywordExecutor.executeKeywordForPlatform(KeywordExecutor.groovy:74)
	at com.kms.katalon.core.webui.keyword.WebUiBuiltInKeywords.verifyElementPresent(WebUiBuiltInKeywords.groovy:1464)
	at com.kms.katalon.core.webui.keyword.WebUiBuiltInKeywords$verifyElementPresent$5.call(Unknown Source)
	at customWait.WaitForElement.WaitForelementPresent(WaitForElement.groovy:22)
	at customWait.WaitForElement$WaitForelementPresent.call(Unknown Source)
	at Login.run(Login:31)
	at com.kms.katalon.core.main.ScriptEngine.run(ScriptEngine.java:194)
	at com.kms.katalon.core.main.ScriptEngine.runScriptAsRawText(ScriptEngine.java:119)
	at com.kms.katalon.core.main.TestCaseExecutor.runScript(TestCaseExecutor.java:445)
	at com.kms.katalon.core.main.TestCaseExecutor.doExecute(TestCaseExecutor.java:436)
	at com.kms.katalon.core.main.TestCaseExecutor.processExecutionPhase(TestCaseExecutor.java:415)
	at com.kms.katalon.core.main.TestCaseExecutor.accessMainPhase(TestCaseExecutor.java:407)
	at com.kms.katalon.core.main.TestCaseExecutor.execute(TestCaseExecutor.java:284)
	at com.kms.katalon.core.common.CommonExecutor.accessTestCaseMainPhase(CommonExecutor.java:65)
	at com.kms.katalon.core.main.TestSuiteExecutor.accessTestSuiteMainPhase(TestSuiteExecutor.java:144)
	at com.kms.katalon.core.main.TestSuiteExecutor.execute(TestSuiteExecutor.java:106)
	at com.kms.katalon.core.main.TestCaseMain.startTestSuite(TestCaseMain.java:185)
	at com.kms.katalon.core.main.TestCaseMain$startTestSuite$0.call(Unknown Source)
	at TempTestSuite1657259171111.run(TempTestSuite1657259171111.groovy:36)
Caused by: com.kms.katalon.core.exception.StepFailedException: com.kms.katalon.core.webui.exception.WebElementNotFoundException: Web element with id: 'Object Repository/NewJobPage/AppList_ShellScript' located by '//div[@id = 'ShellScript']' not found
	at com.kms.katalon.core.webui.keyword.internal.WebUIKeywordMain.stepFailed(WebUIKeywordMain.groovy:64)
	at com.kms.katalon.core.webui.keyword.builtin.VerifyElementPresentKeyword$_verifyElementPresent_closure1.doCall(VerifyElementPresentKeyword.groovy:85)
	at com.kms.katalon.core.webui.keyword.builtin.VerifyElementPresentKeyword$_verifyElementPresent_closure1.call(VerifyElementPresentKeyword.groovy)
	at com.kms.katalon.core.webui.keyword.internal.WebUIKeywordMain.runKeyword(WebUIKeywordMain.groovy:20)
	... 21 more
)
[[ATTACHMENT|C:\\Users\\rohinis\\Documents\\GitHub\\AccessKRE\\Reports\\20220708_111611\\Login\\20220708_111611\\1657268794438.png]]

2022-07-08 13:56:35 - [MESSAGE][PASSED] - Delayed 1 second(s)

2022-07-08 13:56:37 - [MESSAGE][INFO] - Unable to find the element located by 'By.xpath: //div[@id = 'ShellScript']'. Please recheck the objects properties to make sure the desired element is located. 

2022-07-08 13:56:37 - [MESSAGE][FAILED] - com.kms.katalon.core.webui.exception.WebElementNotFoundException: Web element with id: 'Object Repository/NewJobPage/AppList_ShellScript' located by '//div[@id = 'ShellScript']' not found (Root cause: com.kms.katalon.core.exception.StepFailedException: com.kms.katalon.core.webui.exception.WebElementNotFoundException: Web element with id: 'Object Repository/NewJobPage/AppList_ShellScript' located by '//div[@id = 'ShellScript']' not found
	at com.kms.katalon.core.webui.keyword.internal.WebUIKeywordMain.stepFailed(WebUIKeywordMain.groovy:64)
	at com.kms.katalon.core.webui.keyword.builtin.VerifyElementPresentKeyword$_verifyElementPresent_closure1.doCall(VerifyElementPresentKeyword.groovy:85)
	at com.kms.katalon.core.webui.keyword.builtin.VerifyElementPresentKeyword$_verifyElementPresent_closure1.call(VerifyElementPresentKeyword.groovy)
	at com.kms.katalon.core.webui.keyword.internal.WebUIKeywordMain.runKeyword(WebUIKeywordMain.groovy:20)
	at com.kms.katalon.core.webui.keyword.builtin.VerifyElementPresentKeyword.verifyElementPresent(VerifyElementPresentKeyword.groovy:92)
	at com.kms.katalon.core.webui.keyword.builtin.VerifyElementPresentKeyword.execute(VerifyElementPresentKeyword.groovy:68)
	at com.kms.katalon.core.keyword.internal.KeywordExecutor.executeKeywordForPlatform(KeywordExecutor.groovy:74)
	at com.kms.katalon.core.webui.keyword.WebUiBuiltInKeywords.verifyElementPresent(WebUiBuiltInKeywords.groovy:1464)
	at com.kms.katalon.core.webui.keyword.WebUiBuiltInKeywords$verifyElementPresent$5.call(Unknown Source)
	at customWait.WaitForElement.WaitForelementPresent(WaitForElement.groovy:22)
	at customWait.WaitForElement$WaitForelementPresent.call(Unknown Source)
	at Login.run(Login:31)
	at com.kms.katalon.core.main.ScriptEngine.run(ScriptEngine.java:194)
	at com.kms.katalon.core.main.ScriptEngine.runScriptAsRawText(ScriptEngine.java:119)
	at com.kms.katalon.core.main.TestCaseExecutor.runScript(TestCaseExecutor.java:445)
	at com.kms.katalon.core.main.TestCaseExecutor.doExecute(TestCaseExecutor.java:436)
	at com.kms.katalon.core.main.TestCaseExecutor.processExecutionPhase(TestCaseExecutor.java:415)
	at com.kms.katalon.core.main.TestCaseExecutor.accessMainPhase(TestCaseExecutor.java:407)
	at com.kms.katalon.core.main.TestCaseExecutor.execute(TestCaseExecutor.java:284)
	at com.kms.katalon.core.common.CommonExecutor.accessTestCaseMainPhase(CommonExecutor.java:65)
	at com.kms.katalon.core.main.TestSuiteExecutor.accessTestSuiteMainPhase(TestSuiteExecutor.java:144)
	at com.kms.katalon.core.main.TestSuiteExecutor.execute(TestSuiteExecutor.java:106)
	at com.kms.katalon.core.main.TestCaseMain.startTestSuite(TestCaseMain.java:185)
	at com.kms.katalon.core.main.TestCaseMain$startTestSuite$0.call(Unknown Source)
	at TempTestSuite1657259171111.run(TempTestSuite1657259171111.groovy:36)
)
[[ATTACHMENT|C:\\Users\\rohinis\\Documents\\GitHub\\AccessKRE\\Reports\\20220708_111611\\Login\\20220708_111611\\1657268797533.png]]

2022-07-08 13:56:37 - [MESSAGE][FAILED] - Unable to verify object 'Object Repository/NewJobPage/AppList_ShellScript' is present (Root cause: com.kms.katalon.core.exception.StepFailedException: Unable to verify object 'Object Repository/NewJobPage/AppList_ShellScript' is present
	at com.kms.katalon.core.webui.keyword.internal.WebUIKeywordMain.stepFailed(WebUIKeywordMain.groovy:64)
	at com.kms.katalon.core.webui.keyword.internal.WebUIKeywordMain.runKeyword(WebUIKeywordMain.groovy:26)
	at com.kms.katalon.core.webui.keyword.builtin.VerifyElementPresentKeyword.verifyElementPresent(VerifyElementPresentKeyword.groovy:92)
	at com.kms.katalon.core.webui.keyword.builtin.VerifyElementPresentKeyword.execute(VerifyElementPresentKeyword.groovy:68)
	at com.kms.katalon.core.keyword.internal.KeywordExecutor.executeKeywordForPlatform(KeywordExecutor.groovy:74)
	at com.kms.katalon.core.webui.keyword.WebUiBuiltInKeywords.verifyElementPresent(WebUiBuiltInKeywords.groovy:1464)
	at com.kms.katalon.core.webui.keyword.WebUiBuiltInKeywords$verifyElementPresent$5.call(Unknown Source)
	at customWait.WaitForElement.WaitForelementPresent(WaitForElement.groovy:22)
	at customWait.WaitForElement$WaitForelementPresent.call(Unknown Source)
	at Login.run(Login:31)
	at com.kms.katalon.core.main.ScriptEngine.run(ScriptEngine.java:194)
	at com.kms.katalon.core.main.ScriptEngine.runScriptAsRawText(ScriptEngine.java:119)
	at com.kms.katalon.core.main.TestCaseExecutor.runScript(TestCaseExecutor.java:445)
	at com.kms.katalon.core.main.TestCaseExecutor.doExecute(TestCaseExecutor.java:436)
	at com.kms.katalon.core.main.TestCaseExecutor.processExecutionPhase(TestCaseExecutor.java:415)
	at com.kms.katalon.core.main.TestCaseExecutor.accessMainPhase(TestCaseExecutor.java:407)
	at com.kms.katalon.core.main.TestCaseExecutor.execute(TestCaseExecutor.java:284)
	at com.kms.katalon.core.common.CommonExecutor.accessTestCaseMainPhase(CommonExecutor.java:65)
	at com.kms.katalon.core.main.TestSuiteExecutor.accessTestSuiteMainPhase(TestSuiteExecutor.java:144)
	at com.kms.katalon.core.main.TestSuiteExecutor.execute(TestSuiteExecutor.java:106)
	at com.kms.katalon.core.main.TestCaseMain.startTestSuite(TestCaseMain.java:185)
	at com.kms.katalon.core.main.TestCaseMain$startTestSuite$0.call(Unknown Source)
	at TempTestSuite1657259171111.run(TempTestSuite1657259171111.groovy:36)
Caused by: com.kms.katalon.core.exception.StepFailedException: com.kms.katalon.core.webui.exception.WebElementNotFoundException: Web element with id: 'Object Repository/NewJobPage/AppList_ShellScript' located by '//div[@id = 'ShellScript']' not found
	at com.kms.katalon.core.webui.keyword.internal.WebUIKeywordMain.stepFailed(WebUIKeywordMain.groovy:64)
	at com.kms.katalon.core.webui.keyword.builtin.VerifyElementPresentKeyword$_verifyElementPresent_closure1.doCall(VerifyElementPresentKeyword.groovy:85)
	at com.kms.katalon.core.webui.keyword.builtin.VerifyElementPresentKeyword$_verifyElementPresent_closure1.call(VerifyElementPresentKeyword.groovy)
	at com.kms.katalon.core.webui.keyword.internal.WebUIKeywordMain.runKeyword(WebUIKeywordMain.groovy:20)
	... 21 more
)
[[ATTACHMENT|C:\\Users\\rohinis\\Documents\\GitHub\\AccessKRE\\Reports\\20220708_111611\\Login\\20220708_111611\\1657268797605.png]]

2022-07-08 13:56:38 - [MESSAGE][PASSED] - Delayed 1 second(s)

2022-07-08 13:56:40 - [MESSAGE][INFO] - Unable to find the element located by 'By.xpath: //div[@id = 'ShellScript']'. Please recheck the objects properties to make sure the desired element is located. 

2022-07-08 13:56:40 - [MESSAGE][FAILED] - com.kms.katalon.core.webui.exception.WebElementNotFoundException: Web element with id: 'Object Repository/NewJobPage/AppList_ShellScript' located by '//div[@id = 'ShellScript']' not found (Root cause: com.kms.katalon.core.exception.StepFailedException: com.kms.katalon.core.webui.exception.WebElementNotFoundException: Web element with id: 'Object Repository/NewJobPage/AppList_ShellScript' located by '//div[@id = 'ShellScript']' not found
	at com.kms.katalon.core.webui.keyword.internal.WebUIKeywordMain.stepFailed(WebUIKeywordMain.groovy:64)
	at com.kms.katalon.core.webui.keyword.builtin.VerifyElementPresentKeyword$_verifyElementPresent_closure1.doCall(VerifyElementPresentKeyword.groovy:85)
	at com.kms.katalon.core.webui.keyword.builtin.VerifyElementPresentKeyword$_verifyElementPresent_closure1.call(VerifyElementPresentKeyword.groovy)
	at com.kms.katalon.core.webui.keyword.internal.WebUIKeywordMain.runKeyword(WebUIKeywordMain.groovy:20)
	at com.kms.katalon.core.webui.keyword.builtin.VerifyElementPresentKeyword.verifyElementPresent(VerifyElementPresentKeyword.groovy:92)
	at com.kms.katalon.core.webui.keyword.builtin.VerifyElementPresentKeyword.execute(VerifyElementPresentKeyword.groovy:68)
	at com.kms.katalon.core.keyword.internal.KeywordExecutor.executeKeywordForPlatform(KeywordExecutor.groovy:74)
	at com.kms.katalon.core.webui.keyword.WebUiBuiltInKeywords.verifyElementPresent(WebUiBuiltInKeywords.groovy:1464)
	at com.kms.katalon.core.webui.keyword.WebUiBuiltInKeywords$verifyElementPresent$5.call(Unknown Source)
	at customWait.WaitForElement.WaitForelementPresent(WaitForElement.groovy:22)
	at customWait.WaitForElement$WaitForelementPresent.call(Unknown Source)
	at Login.run(Login:31)
	at com.kms.katalon.core.main.ScriptEngine.run(ScriptEngine.java:194)
	at com.kms.katalon.core.main.ScriptEngine.runScriptAsRawText(ScriptEngine.java:119)
	at com.kms.katalon.core.main.TestCaseExecutor.runScript(TestCaseExecutor.java:445)
	at com.kms.katalon.core.main.TestCaseExecutor.doExecute(TestCaseExecutor.java:436)
	at com.kms.katalon.core.main.TestCaseExecutor.processExecutionPhase(TestCaseExecutor.java:415)
	at com.kms.katalon.core.main.TestCaseExecutor.accessMainPhase(TestCaseExecutor.java:407)
	at com.kms.katalon.core.main.TestCaseExecutor.execute(TestCaseExecutor.java:284)
	at com.kms.katalon.core.common.CommonExecutor.accessTestCaseMainPhase(CommonExecutor.java:65)
	at com.kms.katalon.core.main.TestSuiteExecutor.accessTestSuiteMainPhase(TestSuiteExecutor.java:144)
	at com.kms.katalon.core.main.TestSuiteExecutor.execute(TestSuiteExecutor.java:106)
	at com.kms.katalon.core.main.TestCaseMain.startTestSuite(TestCaseMain.java:185)
	at com.kms.katalon.core.main.TestCaseMain$startTestSuite$0.call(Unknown Source)
	at TempTestSuite1657259171111.run(TempTestSuite1657259171111.groovy:36)
)
[[ATTACHMENT|C:\\Users\\rohinis\\Documents\\GitHub\\AccessKRE\\Reports\\20220708_111611\\Login\\20220708_111611\\1657268800727.png]]

2022-07-08 13:56:41 - [MESSAGE][FAILED] - Unable to verify object 'Object Repository/NewJobPage/AppList_ShellScript' is present (Root cause: com.kms.katalon.core.exception.StepFailedException: Unable to verify object 'Object Repository/NewJobPage/AppList_ShellScript' is present
	at com.kms.katalon.core.webui.keyword.internal.WebUIKeywordMain.stepFailed(WebUIKeywordMain.groovy:64)
	at com.kms.katalon.core.webui.keyword.internal.WebUIKeywordMain.runKeyword(WebUIKeywordMain.groovy:26)
	at com.kms.katalon.core.webui.keyword.builtin.VerifyElementPresentKeyword.verifyElementPresent(VerifyElementPresentKeyword.groovy:92)
	at com.kms.katalon.core.webui.keyword.builtin.VerifyElementPresentKeyword.execute(VerifyElementPresentKeyword.groovy:68)
	at com.kms.katalon.core.keyword.internal.KeywordExecutor.executeKeywordForPlatform(KeywordExecutor.groovy:74)
	at com.kms.katalon.core.webui.keyword.WebUiBuiltInKeywords.verifyElementPresent(WebUiBuiltInKeywords.groovy:1464)
	at com.kms.katalon.core.webui.keyword.WebUiBuiltInKeywords$verifyElementPresent$5.call(Unknown Source)
	at customWait.WaitForElement.WaitForelementPresent(WaitForElement.groovy:22)
	at customWait.WaitForElement$WaitForelementPresent.call(Unknown Source)
	at Login.run(Login:31)
	at com.kms.katalon.core.main.ScriptEngine.run(ScriptEngine.java:194)
	at com.kms.katalon.core.main.ScriptEngine.runScriptAsRawText(ScriptEngine.java:119)
	at com.kms.katalon.core.main.TestCaseExecutor.runScript(TestCaseExecutor.java:445)
	at com.kms.katalon.core.main.TestCaseExecutor.doExecute(TestCaseExecutor.java:436)
	at com.kms.katalon.core.main.TestCaseExecutor.processExecutionPhase(TestCaseExecutor.java:415)
	at com.kms.katalon.core.main.TestCaseExecutor.accessMainPhase(TestCaseExecutor.java:407)
	at com.kms.katalon.core.main.TestCaseExecutor.execute(TestCaseExecutor.java:284)
	at com.kms.katalon.core.common.CommonExecutor.accessTestCaseMainPhase(CommonExecutor.java:65)
	at com.kms.katalon.core.main.TestSuiteExecutor.accessTestSuiteMainPhase(TestSuiteExecutor.java:144)
	at com.kms.katalon.core.main.TestSuiteExecutor.execute(TestSuiteExecutor.java:106)
	at com.kms.katalon.core.main.TestCaseMain.startTestSuite(TestCaseMain.java:185)
	at com.kms.katalon.core.main.TestCaseMain$startTestSuite$0.call(Unknown Source)
	at TempTestSuite1657259171111.run(TempTestSuite1657259171111.groovy:36)
Caused by: com.kms.katalon.core.exception.StepFailedException: com.kms.katalon.core.webui.exception.WebElementNotFoundException: Web element with id: 'Object Repository/NewJobPage/AppList_ShellScript' located by '//div[@id = 'ShellScript']' not found
	at com.kms.katalon.core.webui.keyword.internal.WebUIKeywordMain.stepFailed(WebUIKeywordMain.groovy:64)
	at com.kms.katalon.core.webui.keyword.builtin.VerifyElementPresentKeyword$_verifyElementPresent_closure1.doCall(VerifyElementPresentKeyword.groovy:85)
	at com.kms.katalon.core.webui.keyword.builtin.VerifyElementPresentKeyword$_verifyElementPresent_closure1.call(VerifyElementPresentKeyword.groovy)
	at com.kms.katalon.core.webui.keyword.internal.WebUIKeywordMain.runKeyword(WebUIKeywordMain.groovy:20)
	... 21 more
)
[[ATTACHMENT|C:\\Users\\rohinis\\Documents\\GitHub\\AccessKRE\\Reports\\20220708_111611\\Login\\20220708_111611\\1657268801044.png]]

2022-07-08 13:56:42 - [MESSAGE][PASSED] - Delayed 1 second(s)

2022-07-08 13:56:44 - [MESSAGE][INFO] - Unable to find the element located by 'By.xpath: //div[@id = 'ShellScript']'. Please recheck the objects properties to make sure the desired element is located. 

2022-07-08 13:56:44 - [MESSAGE][FAILED] - com.kms.katalon.core.webui.exception.WebElementNotFoundException: Web element with id: 'Object Repository/NewJobPage/AppList_ShellScript' located by '//div[@id = 'ShellScript']' not found (Root cause: com.kms.katalon.core.exception.StepFailedException: com.kms.katalon.core.webui.exception.WebElementNotFoundException: Web element with id: 'Object Repository/NewJobPage/AppList_ShellScript' located by '//div[@id = 'ShellScript']' not found
	at com.kms.katalon.core.webui.keyword.internal.WebUIKeywordMain.stepFailed(WebUIKeywordMain.groovy:64)
	at com.kms.katalon.core.webui.keyword.builtin.VerifyElementPresentKeyword$_verifyElementPresent_closure1.doCall(VerifyElementPresentKeyword.groovy:85)
	at com.kms.katalon.core.webui.keyword.builtin.VerifyElementPresentKeyword$_verifyElementPresent_closure1.call(VerifyElementPresentKeyword.groovy)
	at com.kms.katalon.core.webui.keyword.internal.WebUIKeywordMain.runKeyword(WebUIKeywordMain.groovy:20)
	at com.kms.katalon.core.webui.keyword.builtin.VerifyElementPresentKeyword.verifyElementPresent(VerifyElementPresentKeyword.groovy:92)
	at com.kms.katalon.core.webui.keyword.builtin.VerifyElementPresentKeyword.execute(VerifyElementPresentKeyword.groovy:68)
	at com.kms.katalon.core.keyword.internal.KeywordExecutor.executeKeywordForPlatform(KeywordExecutor.groovy:74)
	at com.kms.katalon.core.webui.keyword.WebUiBuiltInKeywords.verifyElementPresent(WebUiBuiltInKeywords.groovy:1464)
	at com.kms.katalon.core.webui.keyword.WebUiBuiltInKeywords$verifyElementPresent$5.call(Unknown Source)
	at customWait.WaitForElement.WaitForelementPresent(WaitForElement.groovy:22)
	at customWait.WaitForElement$WaitForelementPresent.call(Unknown Source)
	at Login.run(Login:31)
	at com.kms.katalon.core.main.ScriptEngine.run(ScriptEngine.java:194)
	at com.kms.katalon.core.main.ScriptEngine.runScriptAsRawText(ScriptEngine.java:119)
	at com.kms.katalon.core.main.TestCaseExecutor.runScript(TestCaseExecutor.java:445)
	at com.kms.katalon.core.main.TestCaseExecutor.doExecute(TestCaseExecutor.java:436)
	at com.kms.katalon.core.main.TestCaseExecutor.processExecutionPhase(TestCaseExecutor.java:415)
	at com.kms.katalon.core.main.TestCaseExecutor.accessMainPhase(TestCaseExecutor.java:407)
	at com.kms.katalon.core.main.TestCaseExecutor.execute(TestCaseExecutor.java:284)
	at com.kms.katalon.core.common.CommonExecutor.accessTestCaseMainPhase(CommonExecutor.java:65)
	at com.kms.katalon.core.main.TestSuiteExecutor.accessTestSuiteMainPhase(TestSuiteExecutor.java:144)
	at com.kms.katalon.core.main.TestSuiteExecutor.execute(TestSuiteExecutor.java:106)
	at com.kms.katalon.core.main.TestCaseMain.startTestSuite(TestCaseMain.java:185)
	at com.kms.katalon.core.main.TestCaseMain$startTestSuite$0.call(Unknown Source)
	at TempTestSuite1657259171111.run(TempTestSuite1657259171111.groovy:36)
)
[[ATTACHMENT|C:\\Users\\rohinis\\Documents\\GitHub\\AccessKRE\\Reports\\20220708_111611\\Login\\20220708_111611\\1657268804378.png]]

2022-07-08 13:56:44 - [MESSAGE][FAILED] - Unable to verify object 'Object Repository/NewJobPage/AppList_ShellScript' is present (Root cause: com.kms.katalon.core.exception.StepFailedException: Unable to verify object 'Object Repository/NewJobPage/AppList_ShellScript' is present
	at com.kms.katalon.core.webui.keyword.internal.WebUIKeywordMain.stepFailed(WebUIKeywordMain.groovy:64)
	at com.kms.katalon.core.webui.keyword.internal.WebUIKeywordMain.runKeyword(WebUIKeywordMain.groovy:26)
	at com.kms.katalon.core.webui.keyword.builtin.VerifyElementPresentKeyword.verifyElementPresent(VerifyElementPresentKeyword.groovy:92)
	at com.kms.katalon.core.webui.keyword.builtin.VerifyElementPresentKeyword.execute(VerifyElementPresentKeyword.groovy:68)
	at com.kms.katalon.core.keyword.internal.KeywordExecutor.executeKeywordForPlatform(KeywordExecutor.groovy:74)
	at com.kms.katalon.core.webui.keyword.WebUiBuiltInKeywords.verifyElementPresent(WebUiBuiltInKeywords.groovy:1464)
	at com.kms.katalon.core.webui.keyword.WebUiBuiltInKeywords$verifyElementPresent$5.call(Unknown Source)
	at customWait.WaitForElement.WaitForelementPresent(WaitForElement.groovy:22)
	at customWait.WaitForElement$WaitForelementPresent.call(Unknown Source)
	at Login.run(Login:31)
	at com.kms.katalon.core.main.ScriptEngine.run(ScriptEngine.java:194)
	at com.kms.katalon.core.main.ScriptEngine.runScriptAsRawText(ScriptEngine.java:119)
	at com.kms.katalon.core.main.TestCaseExecutor.runScript(TestCaseExecutor.java:445)
	at com.kms.katalon.core.main.TestCaseExecutor.doExecute(TestCaseExecutor.java:436)
	at com.kms.katalon.core.main.TestCaseExecutor.processExecutionPhase(TestCaseExecutor.java:415)
	at com.kms.katalon.core.main.TestCaseExecutor.accessMainPhase(TestCaseExecutor.java:407)
	at com.kms.katalon.core.main.TestCaseExecutor.execute(TestCaseExecutor.java:284)
	at com.kms.katalon.core.common.CommonExecutor.accessTestCaseMainPhase(CommonExecutor.java:65)
	at com.kms.katalon.core.main.TestSuiteExecutor.accessTestSuiteMainPhase(TestSuiteExecutor.java:144)
	at com.kms.katalon.core.main.TestSuiteExecutor.execute(TestSuiteExecutor.java:106)
	at com.kms.katalon.core.main.TestCaseMain.startTestSuite(TestCaseMain.java:185)
	at com.kms.katalon.core.main.TestCaseMain$startTestSuite$0.call(Unknown Source)
	at TempTestSuite1657259171111.run(TempTestSuite1657259171111.groovy:36)
Caused by: com.kms.katalon.core.exception.StepFailedException: com.kms.katalon.core.webui.exception.WebElementNotFoundException: Web element with id: 'Object Repository/NewJobPage/AppList_ShellScript' located by '//div[@id = 'ShellScript']' not found
	at com.kms.katalon.core.webui.keyword.internal.WebUIKeywordMain.stepFailed(WebUIKeywordMain.groovy:64)
	at com.kms.katalon.core.webui.keyword.builtin.VerifyElementPresentKeyword$_verifyElementPresent_closure1.doCall(VerifyElementPresentKeyword.groovy:85)
	at com.kms.katalon.core.webui.keyword.builtin.VerifyElementPresentKeyword$_verifyElementPresent_closure1.call(VerifyElementPresentKeyword.groovy)
	at com.kms.katalon.core.webui.keyword.internal.WebUIKeywordMain.runKeyword(WebUIKeywordMain.groovy:20)
	... 21 more
)
[[ATTACHMENT|C:\\Users\\rohinis\\Documents\\GitHub\\AccessKRE\\Reports\\20220708_111611\\Login\\20220708_111611\\1657268804454.png]]

2022-07-08 13:56:45 - [MESSAGE][PASSED] - Delayed 1 second(s)

2022-07-08 13:56:47 - [MESSAGE][INFO] - Unable to find the element located by 'By.xpath: //div[@id = 'ShellScript']'. Please recheck the objects properties to make sure the desired element is located. 

2022-07-08 13:56:47 - [MESSAGE][FAILED] - com.kms.katalon.core.webui.exception.WebElementNotFoundException: Web element with id: 'Object Repository/NewJobPage/AppList_ShellScript' located by '//div[@id = 'ShellScript']' not found (Root cause: com.kms.katalon.core.exception.StepFailedException: com.kms.katalon.core.webui.exception.WebElementNotFoundException: Web element with id: 'Object Repository/NewJobPage/AppList_ShellScript' located by '//div[@id = 'ShellScript']' not found
	at com.kms.katalon.core.webui.keyword.internal.WebUIKeywordMain.stepFailed(WebUIKeywordMain.groovy:64)
	at com.kms.katalon.core.webui.keyword.builtin.VerifyElementPresentKeyword$_verifyElementPresent_closure1.doCall(VerifyElementPresentKeyword.groovy:85)
	at com.kms.katalon.core.webui.keyword.builtin.VerifyElementPresentKeyword$_verifyElementPresent_closure1.call(VerifyElementPresentKeyword.groovy)
	at com.kms.katalon.core.webui.keyword.internal.WebUIKeywordMain.runKeyword(WebUIKeywordMain.groovy:20)
	at com.kms.katalon.core.webui.keyword.builtin.VerifyElementPresentKeyword.verifyElementPresent(VerifyElementPresentKeyword.groovy:92)
	at com.kms.katalon.core.webui.keyword.builtin.VerifyElementPresentKeyword.execute(VerifyElementPresentKeyword.groovy:68)
	at com.kms.katalon.core.keyword.internal.KeywordExecutor.executeKeywordForPlatform(KeywordExecutor.groovy:74)
	at com.kms.katalon.core.webui.keyword.WebUiBuiltInKeywords.verifyElementPresent(WebUiBuiltInKeywords.groovy:1464)
	at com.kms.katalon.core.webui.keyword.WebUiBuiltInKeywords$verifyElementPresent$5.call(Unknown Source)
	at customWait.WaitForElement.WaitForelementPresent(WaitForElement.groovy:22)
	at customWait.WaitForElement$WaitForelementPresent.call(Unknown Source)
	at Login.run(Login:31)
	at com.kms.katalon.core.main.ScriptEngine.run(ScriptEngine.java:194)
	at com.kms.katalon.core.main.ScriptEngine.runScriptAsRawText(ScriptEngine.java:119)
	at com.kms.katalon.core.main.TestCaseExecutor.runScript(TestCaseExecutor.java:445)
	at com.kms.katalon.core.main.TestCaseExecutor.doExecute(TestCaseExecutor.java:436)
	at com.kms.katalon.core.main.TestCaseExecutor.processExecutionPhase(TestCaseExecutor.java:415)
	at com.kms.katalon.core.main.TestCaseExecutor.accessMainPhase(TestCaseExecutor.java:407)
	at com.kms.katalon.core.main.TestCaseExecutor.execute(TestCaseExecutor.java:284)
	at com.kms.katalon.core.common.CommonExecutor.accessTestCaseMainPhase(CommonExecutor.java:65)
	at com.kms.katalon.core.main.TestSuiteExecutor.accessTestSuiteMainPhase(TestSuiteExecutor.java:144)
	at com.kms.katalon.core.main.TestSuiteExecutor.execute(TestSuiteExecutor.java:106)
	at com.kms.katalon.core.main.TestCaseMain.startTestSuite(TestCaseMain.java:185)
	at com.kms.katalon.core.main.TestCaseMain$startTestSuite$0.call(Unknown Source)
	at TempTestSuite1657259171111.run(TempTestSuite1657259171111.groovy:36)
)
[[ATTACHMENT|C:\\Users\\rohinis\\Documents\\GitHub\\AccessKRE\\Reports\\20220708_111611\\Login\\20220708_111611\\1657268807550.png]]

2022-07-08 13:56:47 - [MESSAGE][FAILED] - Unable to verify object 'Object Repository/NewJobPage/AppList_ShellScript' is present (Root cause: com.kms.katalon.core.exception.StepFailedException: Unable to verify object 'Object Repository/NewJobPage/AppList_ShellScript' is present
	at com.kms.katalon.core.webui.keyword.internal.WebUIKeywordMain.stepFailed(WebUIKeywordMain.groovy:64)
	at com.kms.katalon.core.webui.keyword.internal.WebUIKeywordMain.runKeyword(WebUIKeywordMain.groovy:26)
	at com.kms.katalon.core.webui.keyword.builtin.VerifyElementPresentKeyword.verifyElementPresent(VerifyElementPresentKeyword.groovy:92)
	at com.kms.katalon.core.webui.keyword.builtin.VerifyElementPresentKeyword.execute(VerifyElementPresentKeyword.groovy:68)
	at com.kms.katalon.core.keyword.internal.KeywordExecutor.executeKeywordForPlatform(KeywordExecutor.groovy:74)
	at com.kms.katalon.core.webui.keyword.WebUiBuiltInKeywords.verifyElementPresent(WebUiBuiltInKeywords.groovy:1464)
	at com.kms.katalon.core.webui.keyword.WebUiBuiltInKeywords$verifyElementPresent$5.call(Unknown Source)
	at customWait.WaitForElement.WaitForelementPresent(WaitForElement.groovy:22)
	at customWait.WaitForElement$WaitForelementPresent.call(Unknown Source)
	at Login.run(Login:31)
	at com.kms.katalon.core.main.ScriptEngine.run(ScriptEngine.java:194)
	at com.kms.katalon.core.main.ScriptEngine.runScriptAsRawText(ScriptEngine.java:119)
	at com.kms.katalon.core.main.TestCaseExecutor.runScript(TestCaseExecutor.java:445)
	at com.kms.katalon.core.main.TestCaseExecutor.doExecute(TestCaseExecutor.java:436)
	at com.kms.katalon.core.main.TestCaseExecutor.processExecutionPhase(TestCaseExecutor.java:415)
	at com.kms.katalon.core.main.TestCaseExecutor.accessMainPhase(TestCaseExecutor.java:407)
	at com.kms.katalon.core.main.TestCaseExecutor.execute(TestCaseExecutor.java:284)
	at com.kms.katalon.core.common.CommonExecutor.accessTestCaseMainPhase(CommonExecutor.java:65)
	at com.kms.katalon.core.main.TestSuiteExecutor.accessTestSuiteMainPhase(TestSuiteExecutor.java:144)
	at com.kms.katalon.core.main.TestSuiteExecutor.execute(TestSuiteExecutor.java:106)
	at com.kms.katalon.core.main.TestCaseMain.startTestSuite(TestCaseMain.java:185)
	at com.kms.katalon.core.main.TestCaseMain$startTestSuite$0.call(Unknown Source)
	at TempTestSuite1657259171111.run(TempTestSuite1657259171111.groovy:36)
Caused by: com.kms.katalon.core.exception.StepFailedException: com.kms.katalon.core.webui.exception.WebElementNotFoundException: Web element with id: 'Object Repository/NewJobPage/AppList_ShellScript' located by '//div[@id = 'ShellScript']' not found
	at com.kms.katalon.core.webui.keyword.internal.WebUIKeywordMain.stepFailed(WebUIKeywordMain.groovy:64)
	at com.kms.katalon.core.webui.keyword.builtin.VerifyElementPresentKeyword$_verifyElementPresent_closure1.doCall(VerifyElementPresentKeyword.groovy:85)
	at com.kms.katalon.core.webui.keyword.builtin.VerifyElementPresentKeyword$_verifyElementPresent_closure1.call(VerifyElementPresentKeyword.groovy)
	at com.kms.katalon.core.webui.keyword.internal.WebUIKeywordMain.runKeyword(WebUIKeywordMain.groovy:20)
	... 21 more
)
[[ATTACHMENT|C:\\Users\\rohinis\\Documents\\GitHub\\AccessKRE\\Reports\\20220708_111611\\Login\\20220708_111611\\1657268807639.png]]

2022-07-08 13:56:48 - [MESSAGE][PASSED] - Delayed 1 second(s)

2022-07-08 13:56:50 - [MESSAGE][INFO] - Unable to find the element located by 'By.xpath: //div[@id = 'ShellScript']'. Please recheck the objects properties to make sure the desired element is located. 

2022-07-08 13:56:50 - [MESSAGE][FAILED] - com.kms.katalon.core.webui.exception.WebElementNotFoundException: Web element with id: 'Object Repository/NewJobPage/AppList_ShellScript' located by '//div[@id = 'ShellScript']' not found (Root cause: com.kms.katalon.core.exception.StepFailedException: com.kms.katalon.core.webui.exception.WebElementNotFoundException: Web element with id: 'Object Repository/NewJobPage/AppList_ShellScript' located by '//div[@id = 'ShellScript']' not found
	at com.kms.katalon.core.webui.keyword.internal.WebUIKeywordMain.stepFailed(WebUIKeywordMain.groovy:64)
	at com.kms.katalon.core.webui.keyword.builtin.VerifyElementPresentKeyword$_verifyElementPresent_closure1.doCall(VerifyElementPresentKeyword.groovy:85)
	at com.kms.katalon.core.webui.keyword.builtin.VerifyElementPresentKeyword$_verifyElementPresent_closure1.call(VerifyElementPresentKeyword.groovy)
	at com.kms.katalon.core.webui.keyword.internal.WebUIKeywordMain.runKeyword(WebUIKeywordMain.groovy:20)
	at com.kms.katalon.core.webui.keyword.builtin.VerifyElementPresentKeyword.verifyElementPresent(VerifyElementPresentKeyword.groovy:92)
	at com.kms.katalon.core.webui.keyword.builtin.VerifyElementPresentKeyword.execute(VerifyElementPresentKeyword.groovy:68)
	at com.kms.katalon.core.keyword.internal.KeywordExecutor.executeKeywordForPlatform(KeywordExecutor.groovy:74)
	at com.kms.katalon.core.webui.keyword.WebUiBuiltInKeywords.verifyElementPresent(WebUiBuiltInKeywords.groovy:1464)
	at com.kms.katalon.core.webui.keyword.WebUiBuiltInKeywords$verifyElementPresent$5.call(Unknown Source)
	at customWait.WaitForElement.WaitForelementPresent(WaitForElement.groovy:22)
	at customWait.WaitForElement$WaitForelementPresent.call(Unknown Source)
	at Login.run(Login:31)
	at com.kms.katalon.core.main.ScriptEngine.run(ScriptEngine.java:194)
	at com.kms.katalon.core.main.ScriptEngine.runScriptAsRawText(ScriptEngine.java:119)
	at com.kms.katalon.core.main.TestCaseExecutor.runScript(TestCaseExecutor.java:445)
	at com.kms.katalon.core.main.TestCaseExecutor.doExecute(TestCaseExecutor.java:436)
	at com.kms.katalon.core.main.TestCaseExecutor.processExecutionPhase(TestCaseExecutor.java:415)
	at com.kms.katalon.core.main.TestCaseExecutor.accessMainPhase(TestCaseExecutor.java:407)
	at com.kms.katalon.core.main.TestCaseExecutor.execute(TestCaseExecutor.java:284)
	at com.kms.katalon.core.common.CommonExecutor.accessTestCaseMainPhase(CommonExecutor.java:65)
	at com.kms.katalon.core.main.TestSuiteExecutor.accessTestSuiteMainPhase(TestSuiteExecutor.java:144)
	at com.kms.katalon.core.main.TestSuiteExecutor.execute(TestSuiteExecutor.java:106)
	at com.kms.katalon.core.main.TestCaseMain.startTestSuite(TestCaseMain.java:185)
	at com.kms.katalon.core.main.TestCaseMain$startTestSuite$0.call(Unknown Source)
	at TempTestSuite1657259171111.run(TempTestSuite1657259171111.groovy:36)
)
[[ATTACHMENT|C:\\Users\\rohinis\\Documents\\GitHub\\AccessKRE\\Reports\\20220708_111611\\Login\\20220708_111611\\1657268810731.png]]

2022-07-08 13:56:50 - [MESSAGE][FAILED] - Unable to verify object 'Object Repository/NewJobPage/AppList_ShellScript' is present (Root cause: com.kms.katalon.core.exception.StepFailedException: Unable to verify object 'Object Repository/NewJobPage/AppList_ShellScript' is present
	at com.kms.katalon.core.webui.keyword.internal.WebUIKeywordMain.stepFailed(WebUIKeywordMain.groovy:64)
	at com.kms.katalon.core.webui.keyword.internal.WebUIKeywordMain.runKeyword(WebUIKeywordMain.groovy:26)
	at com.kms.katalon.core.webui.keyword.builtin.VerifyElementPresentKeyword.verifyElementPresent(VerifyElementPresentKeyword.groovy:92)
	at com.kms.katalon.core.webui.keyword.builtin.VerifyElementPresentKeyword.execute(VerifyElementPresentKeyword.groovy:68)
	at com.kms.katalon.core.keyword.internal.KeywordExecutor.executeKeywordForPlatform(KeywordExecutor.groovy:74)
	at com.kms.katalon.core.webui.keyword.WebUiBuiltInKeywords.verifyElementPresent(WebUiBuiltInKeywords.groovy:1464)
	at com.kms.katalon.core.webui.keyword.WebUiBuiltInKeywords$verifyElementPresent$5.call(Unknown Source)
	at customWait.WaitForElement.WaitForelementPresent(WaitForElement.groovy:22)
	at customWait.WaitForElement$WaitForelementPresent.call(Unknown Source)
	at Login.run(Login:31)
	at com.kms.katalon.core.main.ScriptEngine.run(ScriptEngine.java:194)
	at com.kms.katalon.core.main.ScriptEngine.runScriptAsRawText(ScriptEngine.java:119)
	at com.kms.katalon.core.main.TestCaseExecutor.runScript(TestCaseExecutor.java:445)
	at com.kms.katalon.core.main.TestCaseExecutor.doExecute(TestCaseExecutor.java:436)
	at com.kms.katalon.core.main.TestCaseExecutor.processExecutionPhase(TestCaseExecutor.java:415)
	at com.kms.katalon.core.main.TestCaseExecutor.accessMainPhase(TestCaseExecutor.java:407)
	at com.kms.katalon.core.main.TestCaseExecutor.execute(TestCaseExecutor.java:284)
	at com.kms.katalon.core.common.CommonExecutor.accessTestCaseMainPhase(CommonExecutor.java:65)
	at com.kms.katalon.core.main.TestSuiteExecutor.accessTestSuiteMainPhase(TestSuiteExecutor.java:144)
	at com.kms.katalon.core.main.TestSuiteExecutor.execute(TestSuiteExecutor.java:106)
	at com.kms.katalon.core.main.TestCaseMain.startTestSuite(TestCaseMain.java:185)
	at com.kms.katalon.core.main.TestCaseMain$startTestSuite$0.call(Unknown Source)
	at TempTestSuite1657259171111.run(TempTestSuite1657259171111.groovy:36)
Caused by: com.kms.katalon.core.exception.StepFailedException: com.kms.katalon.core.webui.exception.WebElementNotFoundException: Web element with id: 'Object Repository/NewJobPage/AppList_ShellScript' located by '//div[@id = 'ShellScript']' not found
	at com.kms.katalon.core.webui.keyword.internal.WebUIKeywordMain.stepFailed(WebUIKeywordMain.groovy:64)
	at com.kms.katalon.core.webui.keyword.builtin.VerifyElementPresentKeyword$_verifyElementPresent_closure1.doCall(VerifyElementPresentKeyword.groovy:85)
	at com.kms.katalon.core.webui.keyword.builtin.VerifyElementPresentKeyword$_verifyElementPresent_closure1.call(VerifyElementPresentKeyword.groovy)
	at com.kms.katalon.core.webui.keyword.internal.WebUIKeywordMain.runKeyword(WebUIKeywordMain.groovy:20)
	... 21 more
)
[[ATTACHMENT|C:\\Users\\rohinis\\Documents\\GitHub\\AccessKRE\\Reports\\20220708_111611\\Login\\20220708_111611\\1657268810816.png]]

2022-07-08 13:56:51 - [MESSAGE][PASSED] - Delayed 1 second(s)

2022-07-08 13:56:53 - [MESSAGE][INFO] - Unable to find the element located by 'By.xpath: //div[@id = 'ShellScript']'. Please recheck the objects properties to make sure the desired element is located. 

2022-07-08 13:56:54 - [MESSAGE][FAILED] - com.kms.katalon.core.webui.exception.WebElementNotFoundException: Web element with id: 'Object Repository/NewJobPage/AppList_ShellScript' located by '//div[@id = 'ShellScript']' not found (Root cause: com.kms.katalon.core.exception.StepFailedException: com.kms.katalon.core.webui.exception.WebElementNotFoundException: Web element with id: 'Object Repository/NewJobPage/AppList_ShellScript' located by '//div[@id = 'ShellScript']' not found
	at com.kms.katalon.core.webui.keyword.internal.WebUIKeywordMain.stepFailed(WebUIKeywordMain.groovy:64)
	at com.kms.katalon.core.webui.keyword.builtin.VerifyElementPresentKeyword$_verifyElementPresent_closure1.doCall(VerifyElementPresentKeyword.groovy:85)
	at com.kms.katalon.core.webui.keyword.builtin.VerifyElementPresentKeyword$_verifyElementPresent_closure1.call(VerifyElementPresentKeyword.groovy)
	at com.kms.katalon.core.webui.keyword.internal.WebUIKeywordMain.runKeyword(WebUIKeywordMain.groovy:20)
	at com.kms.katalon.core.webui.keyword.builtin.VerifyElementPresentKeyword.verifyElementPresent(VerifyElementPresentKeyword.groovy:92)
	at com.kms.katalon.core.webui.keyword.builtin.VerifyElementPresentKeyword.execute(VerifyElementPresentKeyword.groovy:68)
	at com.kms.katalon.core.keyword.internal.KeywordExecutor.executeKeywordForPlatform(KeywordExecutor.groovy:74)
	at com.kms.katalon.core.webui.keyword.WebUiBuiltInKeywords.verifyElementPresent(WebUiBuiltInKeywords.groovy:1464)
	at com.kms.katalon.core.webui.keyword.WebUiBuiltInKeywords$verifyElementPresent$5.call(Unknown Source)
	at customWait.WaitForElement.WaitForelementPresent(WaitForElement.groovy:22)
	at customWait.WaitForElement$WaitForelementPresent.call(Unknown Source)
	at Login.run(Login:31)
	at com.kms.katalon.core.main.ScriptEngine.run(ScriptEngine.java:194)
	at com.kms.katalon.core.main.ScriptEngine.runScriptAsRawText(ScriptEngine.java:119)
	at com.kms.katalon.core.main.TestCaseExecutor.runScript(TestCaseExecutor.java:445)
	at com.kms.katalon.core.main.TestCaseExecutor.doExecute(TestCaseExecutor.java:436)
	at com.kms.katalon.core.main.TestCaseExecutor.processExecutionPhase(TestCaseExecutor.java:415)
	at com.kms.katalon.core.main.TestCaseExecutor.accessMainPhase(TestCaseExecutor.java:407)
	at com.kms.katalon.core.main.TestCaseExecutor.execute(TestCaseExecutor.java:284)
	at com.kms.katalon.core.common.CommonExecutor.accessTestCaseMainPhase(CommonExecutor.java:65)
	at com.kms.katalon.core.main.TestSuiteExecutor.accessTestSuiteMainPhase(TestSuiteExecutor.java:144)
	at com.kms.katalon.core.main.TestSuiteExecutor.execute(TestSuiteExecutor.java:106)
	at com.kms.katalon.core.main.TestCaseMain.startTestSuite(TestCaseMain.java:185)
	at com.kms.katalon.core.main.TestCaseMain$startTestSuite$0.call(Unknown Source)
	at TempTestSuite1657259171111.run(TempTestSuite1657259171111.groovy:36)
)
[[ATTACHMENT|C:\\Users\\rohinis\\Documents\\GitHub\\AccessKRE\\Reports\\20220708_111611\\Login\\20220708_111611\\1657268813943.png]]

2022-07-08 13:56:54 - [MESSAGE][FAILED] - Unable to verify object 'Object Repository/NewJobPage/AppList_ShellScript' is present (Root cause: com.kms.katalon.core.exception.StepFailedException: Unable to verify object 'Object Repository/NewJobPage/AppList_ShellScript' is present
	at com.kms.katalon.core.webui.keyword.internal.WebUIKeywordMain.stepFailed(WebUIKeywordMain.groovy:64)
	at com.kms.katalon.core.webui.keyword.internal.WebUIKeywordMain.runKeyword(WebUIKeywordMain.groovy:26)
	at com.kms.katalon.core.webui.keyword.builtin.VerifyElementPresentKeyword.verifyElementPresent(VerifyElementPresentKeyword.groovy:92)
	at com.kms.katalon.core.webui.keyword.builtin.VerifyElementPresentKeyword.execute(VerifyElementPresentKeyword.groovy:68)
	at com.kms.katalon.core.keyword.internal.KeywordExecutor.executeKeywordForPlatform(KeywordExecutor.groovy:74)
	at com.kms.katalon.core.webui.keyword.WebUiBuiltInKeywords.verifyElementPresent(WebUiBuiltInKeywords.groovy:1464)
	at com.kms.katalon.core.webui.keyword.WebUiBuiltInKeywords$verifyElementPresent$5.call(Unknown Source)
	at customWait.WaitForElement.WaitForelementPresent(WaitForElement.groovy:22)
	at customWait.WaitForElement$WaitForelementPresent.call(Unknown Source)
	at Login.run(Login:31)
	at com.kms.katalon.core.main.ScriptEngine.run(ScriptEngine.java:194)
	at com.kms.katalon.core.main.ScriptEngine.runScriptAsRawText(ScriptEngine.java:119)
	at com.kms.katalon.core.main.TestCaseExecutor.runScript(TestCaseExecutor.java:445)
	at com.kms.katalon.core.main.TestCaseExecutor.doExecute(TestCaseExecutor.java:436)
	at com.kms.katalon.core.main.TestCaseExecutor.processExecutionPhase(TestCaseExecutor.java:415)
	at com.kms.katalon.core.main.TestCaseExecutor.accessMainPhase(TestCaseExecutor.java:407)
	at com.kms.katalon.core.main.TestCaseExecutor.execute(TestCaseExecutor.java:284)
	at com.kms.katalon.core.common.CommonExecutor.accessTestCaseMainPhase(CommonExecutor.java:65)
	at com.kms.katalon.core.main.TestSuiteExecutor.accessTestSuiteMainPhase(TestSuiteExecutor.java:144)
	at com.kms.katalon.core.main.TestSuiteExecutor.execute(TestSuiteExecutor.java:106)
	at com.kms.katalon.core.main.TestCaseMain.startTestSuite(TestCaseMain.java:185)
	at com.kms.katalon.core.main.TestCaseMain$startTestSuite$0.call(Unknown Source)
	at TempTestSuite1657259171111.run(TempTestSuite1657259171111.groovy:36)
Caused by: com.kms.katalon.core.exception.StepFailedException: com.kms.katalon.core.webui.exception.WebElementNotFoundException: Web element with id: 'Object Repository/NewJobPage/AppList_ShellScript' located by '//div[@id = 'ShellScript']' not found
	at com.kms.katalon.core.webui.keyword.internal.WebUIKeywordMain.stepFailed(WebUIKeywordMain.groovy:64)
	at com.kms.katalon.core.webui.keyword.builtin.VerifyElementPresentKeyword$_verifyElementPresent_closure1.doCall(VerifyElementPresentKeyword.groovy:85)
	at com.kms.katalon.core.webui.keyword.builtin.VerifyElementPresentKeyword$_verifyElementPresent_closure1.call(VerifyElementPresentKeyword.groovy)
	at com.kms.katalon.core.webui.keyword.internal.WebUIKeywordMain.runKeyword(WebUIKeywordMain.groovy:20)
	... 21 more
)
[[ATTACHMENT|C:\\Users\\rohinis\\Documents\\GitHub\\AccessKRE\\Reports\\20220708_111611\\Login\\20220708_111611\\1657268814144.png]]

2022-07-08 13:56:55 - [MESSAGE][PASSED] - Delayed 1 second(s)

2022-07-08 13:56:57 - [MESSAGE][INFO] - Unable to find the element located by 'By.xpath: //div[@id = 'ShellScript']'. Please recheck the objects properties to make sure the desired element is located. 

2022-07-08 13:56:57 - [MESSAGE][FAILED] - com.kms.katalon.core.webui.exception.WebElementNotFoundException: Web element with id: 'Object Repository/NewJobPage/AppList_ShellScript' located by '//div[@id = 'ShellScript']' not found (Root cause: com.kms.katalon.core.exception.StepFailedException: com.kms.katalon.core.webui.exception.WebElementNotFoundException: Web element with id: 'Object Repository/NewJobPage/AppList_ShellScript' located by '//div[@id = 'ShellScript']' not found
	at com.kms.katalon.core.webui.keyword.internal.WebUIKeywordMain.stepFailed(WebUIKeywordMain.groovy:64)
	at com.kms.katalon.core.webui.keyword.builtin.VerifyElementPresentKeyword$_verifyElementPresent_closure1.doCall(VerifyElementPresentKeyword.groovy:85)
	at com.kms.katalon.core.webui.keyword.builtin.VerifyElementPresentKeyword$_verifyElementPresent_closure1.call(VerifyElementPresentKeyword.groovy)
	at com.kms.katalon.core.webui.keyword.internal.WebUIKeywordMain.runKeyword(WebUIKeywordMain.groovy:20)
	at com.kms.katalon.core.webui.keyword.builtin.VerifyElementPresentKeyword.verifyElementPresent(VerifyElementPresentKeyword.groovy:92)
	at com.kms.katalon.core.webui.keyword.builtin.VerifyElementPresentKeyword.execute(VerifyElementPresentKeyword.groovy:68)
	at com.kms.katalon.core.keyword.internal.KeywordExecutor.executeKeywordForPlatform(KeywordExecutor.groovy:74)
	at com.kms.katalon.core.webui.keyword.WebUiBuiltInKeywords.verifyElementPresent(WebUiBuiltInKeywords.groovy:1464)
	at com.kms.katalon.core.webui.keyword.WebUiBuiltInKeywords$verifyElementPresent$5.call(Unknown Source)
	at customWait.WaitForElement.WaitForelementPresent(WaitForElement.groovy:22)
	at customWait.WaitForElement$WaitForelementPresent.call(Unknown Source)
	at Login.run(Login:31)
	at com.kms.katalon.core.main.ScriptEngine.run(ScriptEngine.java:194)
	at com.kms.katalon.core.main.ScriptEngine.runScriptAsRawText(ScriptEngine.java:119)
	at com.kms.katalon.core.main.TestCaseExecutor.runScript(TestCaseExecutor.java:445)
	at com.kms.katalon.core.main.TestCaseExecutor.doExecute(TestCaseExecutor.java:436)
	at com.kms.katalon.core.main.TestCaseExecutor.processExecutionPhase(TestCaseExecutor.java:415)
	at com.kms.katalon.core.main.TestCaseExecutor.accessMainPhase(TestCaseExecutor.java:407)
	at com.kms.katalon.core.main.TestCaseExecutor.execute(TestCaseExecutor.java:284)
	at com.kms.katalon.core.common.CommonExecutor.accessTestCaseMainPhase(CommonExecutor.java:65)
	at com.kms.katalon.core.main.TestSuiteExecutor.accessTestSuiteMainPhase(TestSuiteExecutor.java:144)
	at com.kms.katalon.core.main.TestSuiteExecutor.execute(TestSuiteExecutor.java:106)
	at com.kms.katalon.core.main.TestCaseMain.startTestSuite(TestCaseMain.java:185)
	at com.kms.katalon.core.main.TestCaseMain$startTestSuite$0.call(Unknown Source)
	at TempTestSuite1657259171111.run(TempTestSuite1657259171111.groovy:36)
)
[[ATTACHMENT|C:\\Users\\rohinis\\Documents\\GitHub\\AccessKRE\\Reports\\20220708_111611\\Login\\20220708_111611\\1657268817433.png]]

2022-07-08 13:56:57 - [MESSAGE][FAILED] - Unable to verify object 'Object Repository/NewJobPage/AppList_ShellScript' is present (Root cause: com.kms.katalon.core.exception.StepFailedException: Unable to verify object 'Object Repository/NewJobPage/AppList_ShellScript' is present
	at com.kms.katalon.core.webui.keyword.internal.WebUIKeywordMain.stepFailed(WebUIKeywordMain.groovy:64)
	at com.kms.katalon.core.webui.keyword.internal.WebUIKeywordMain.runKeyword(WebUIKeywordMain.groovy:26)
	at com.kms.katalon.core.webui.keyword.builtin.VerifyElementPresentKeyword.verifyElementPresent(VerifyElementPresentKeyword.groovy:92)
	at com.kms.katalon.core.webui.keyword.builtin.VerifyElementPresentKeyword.execute(VerifyElementPresentKeyword.groovy:68)
	at com.kms.katalon.core.keyword.internal.KeywordExecutor.executeKeywordForPlatform(KeywordExecutor.groovy:74)
	at com.kms.katalon.core.webui.keyword.WebUiBuiltInKeywords.verifyElementPresent(WebUiBuiltInKeywords.groovy:1464)
	at com.kms.katalon.core.webui.keyword.WebUiBuiltInKeywords$verifyElementPresent$5.call(Unknown Source)
	at customWait.WaitForElement.WaitForelementPresent(WaitForElement.groovy:22)
	at customWait.WaitForElement$WaitForelementPresent.call(Unknown Source)
	at Login.run(Login:31)
	at com.kms.katalon.core.main.ScriptEngine.run(ScriptEngine.java:194)
	at com.kms.katalon.core.main.ScriptEngine.runScriptAsRawText(ScriptEngine.java:119)
	at com.kms.katalon.core.main.TestCaseExecutor.runScript(TestCaseExecutor.java:445)
	at com.kms.katalon.core.main.TestCaseExecutor.doExecute(TestCaseExecutor.java:436)
	at com.kms.katalon.core.main.TestCaseExecutor.processExecutionPhase(TestCaseExecutor.java:415)
	at com.kms.katalon.core.main.TestCaseExecutor.accessMainPhase(TestCaseExecutor.java:407)
	at com.kms.katalon.core.main.TestCaseExecutor.execute(TestCaseExecutor.java:284)
	at com.kms.katalon.core.common.CommonExecutor.accessTestCaseMainPhase(CommonExecutor.java:65)
	at com.kms.katalon.core.main.TestSuiteExecutor.accessTestSuiteMainPhase(TestSuiteExecutor.java:144)
	at com.kms.katalon.core.main.TestSuiteExecutor.execute(TestSuiteExecutor.java:106)
	at com.kms.katalon.core.main.TestCaseMain.startTestSuite(TestCaseMain.java:185)
	at com.kms.katalon.core.main.TestCaseMain$startTestSuite$0.call(Unknown Source)
	at TempTestSuite1657259171111.run(TempTestSuite1657259171111.groovy:36)
Caused by: com.kms.katalon.core.exception.StepFailedException: com.kms.katalon.core.webui.exception.WebElementNotFoundException: Web element with id: 'Object Repository/NewJobPage/AppList_ShellScript' located by '//div[@id = 'ShellScript']' not found
	at com.kms.katalon.core.webui.keyword.internal.WebUIKeywordMain.stepFailed(WebUIKeywordMain.groovy:64)
	at com.kms.katalon.core.webui.keyword.builtin.VerifyElementPresentKeyword$_verifyElementPresent_closure1.doCall(VerifyElementPresentKeyword.groovy:85)
	at com.kms.katalon.core.webui.keyword.builtin.VerifyElementPresentKeyword$_verifyElementPresent_closure1.call(VerifyElementPresentKeyword.groovy)
	at com.kms.katalon.core.webui.keyword.internal.WebUIKeywordMain.runKeyword(WebUIKeywordMain.groovy:20)
	... 21 more
)
[[ATTACHMENT|C:\\Users\\rohinis\\Documents\\GitHub\\AccessKRE\\Reports\\20220708_111611\\Login\\20220708_111611\\1657268817683.png]]

2022-07-08 13:56:58 - [MESSAGE][PASSED] - Delayed 1 second(s)

2022-07-08 13:57:00 - [MESSAGE][INFO] - Unable to find the element located by 'By.xpath: //div[@id = 'ShellScript']'. Please recheck the objects properties to make sure the desired element is located. 

2022-07-08 13:57:00 - [MESSAGE][FAILED] - com.kms.katalon.core.webui.exception.WebElementNotFoundException: Web element with id: 'Object Repository/NewJobPage/AppList_ShellScript' located by '//div[@id = 'ShellScript']' not found (Root cause: com.kms.katalon.core.exception.StepFailedException: com.kms.katalon.core.webui.exception.WebElementNotFoundException: Web element with id: 'Object Repository/NewJobPage/AppList_ShellScript' located by '//div[@id = 'ShellScript']' not found
	at com.kms.katalon.core.webui.keyword.internal.WebUIKeywordMain.stepFailed(WebUIKeywordMain.groovy:64)
	at com.kms.katalon.core.webui.keyword.builtin.VerifyElementPresentKeyword$_verifyElementPresent_closure1.doCall(VerifyElementPresentKeyword.groovy:85)
	at com.kms.katalon.core.webui.keyword.builtin.VerifyElementPresentKeyword$_verifyElementPresent_closure1.call(VerifyElementPresentKeyword.groovy)
	at com.kms.katalon.core.webui.keyword.internal.WebUIKeywordMain.runKeyword(WebUIKeywordMain.groovy:20)
	at com.kms.katalon.core.webui.keyword.builtin.VerifyElementPresentKeyword.verifyElementPresent(VerifyElementPresentKeyword.groovy:92)
	at com.kms.katalon.core.webui.keyword.builtin.VerifyElementPresentKeyword.execute(VerifyElementPresentKeyword.groovy:68)
	at com.kms.katalon.core.keyword.internal.KeywordExecutor.executeKeywordForPlatform(KeywordExecutor.groovy:74)
	at com.kms.katalon.core.webui.keyword.WebUiBuiltInKeywords.verifyElementPresent(WebUiBuiltInKeywords.groovy:1464)
	at com.kms.katalon.core.webui.keyword.WebUiBuiltInKeywords$verifyElementPresent$5.call(Unknown Source)
	at customWait.WaitForElement.WaitForelementPresent(WaitForElement.groovy:22)
	at customWait.WaitForElement$WaitForelementPresent.call(Unknown Source)
	at Login.run(Login:31)
	at com.kms.katalon.core.main.ScriptEngine.run(ScriptEngine.java:194)
	at com.kms.katalon.core.main.ScriptEngine.runScriptAsRawText(ScriptEngine.java:119)
	at com.kms.katalon.core.main.TestCaseExecutor.runScript(TestCaseExecutor.java:445)
	at com.kms.katalon.core.main.TestCaseExecutor.doExecute(TestCaseExecutor.java:436)
	at com.kms.katalon.core.main.TestCaseExecutor.processExecutionPhase(TestCaseExecutor.java:415)
	at com.kms.katalon.core.main.TestCaseExecutor.accessMainPhase(TestCaseExecutor.java:407)
	at com.kms.katalon.core.main.TestCaseExecutor.execute(TestCaseExecutor.java:284)
	at com.kms.katalon.core.common.CommonExecutor.accessTestCaseMainPhase(CommonExecutor.java:65)
	at com.kms.katalon.core.main.TestSuiteExecutor.accessTestSuiteMainPhase(TestSuiteExecutor.java:144)
	at com.kms.katalon.core.main.TestSuiteExecutor.execute(TestSuiteExecutor.java:106)
	at com.kms.katalon.core.main.TestCaseMain.startTestSuite(TestCaseMain.java:185)
	at com.kms.katalon.core.main.TestCaseMain$startTestSuite$0.call(Unknown Source)
	at TempTestSuite1657259171111.run(TempTestSuite1657259171111.groovy:36)
)
[[ATTACHMENT|C:\\Users\\rohinis\\Documents\\GitHub\\AccessKRE\\Reports\\20220708_111611\\Login\\20220708_111611\\1657268820788.png]]

2022-07-08 13:57:00 - [MESSAGE][FAILED] - Unable to verify object 'Object Repository/NewJobPage/AppList_ShellScript' is present (Root cause: com.kms.katalon.core.exception.StepFailedException: Unable to verify object 'Object Repository/NewJobPage/AppList_ShellScript' is present
	at com.kms.katalon.core.webui.keyword.internal.WebUIKeywordMain.stepFailed(WebUIKeywordMain.groovy:64)
	at com.kms.katalon.core.webui.keyword.internal.WebUIKeywordMain.runKeyword(WebUIKeywordMain.groovy:26)
	at com.kms.katalon.core.webui.keyword.builtin.VerifyElementPresentKeyword.verifyElementPresent(VerifyElementPresentKeyword.groovy:92)
	at com.kms.katalon.core.webui.keyword.builtin.VerifyElementPresentKeyword.execute(VerifyElementPresentKeyword.groovy:68)
	at com.kms.katalon.core.keyword.internal.KeywordExecutor.executeKeywordForPlatform(KeywordExecutor.groovy:74)
	at com.kms.katalon.core.webui.keyword.WebUiBuiltInKeywords.verifyElementPresent(WebUiBuiltInKeywords.groovy:1464)
	at com.kms.katalon.core.webui.keyword.WebUiBuiltInKeywords$verifyElementPresent$5.call(Unknown Source)
	at customWait.WaitForElement.WaitForelementPresent(WaitForElement.groovy:22)
	at customWait.WaitForElement$WaitForelementPresent.call(Unknown Source)
	at Login.run(Login:31)
	at com.kms.katalon.core.main.ScriptEngine.run(ScriptEngine.java:194)
	at com.kms.katalon.core.main.ScriptEngine.runScriptAsRawText(ScriptEngine.java:119)
	at com.kms.katalon.core.main.TestCaseExecutor.runScript(TestCaseExecutor.java:445)
	at com.kms.katalon.core.main.TestCaseExecutor.doExecute(TestCaseExecutor.java:436)
	at com.kms.katalon.core.main.TestCaseExecutor.processExecutionPhase(TestCaseExecutor.java:415)
	at com.kms.katalon.core.main.TestCaseExecutor.accessMainPhase(TestCaseExecutor.java:407)
	at com.kms.katalon.core.main.TestCaseExecutor.execute(TestCaseExecutor.java:284)
	at com.kms.katalon.core.common.CommonExecutor.accessTestCaseMainPhase(CommonExecutor.java:65)
	at com.kms.katalon.core.main.TestSuiteExecutor.accessTestSuiteMainPhase(TestSuiteExecutor.java:144)
	at com.kms.katalon.core.main.TestSuiteExecutor.execute(TestSuiteExecutor.java:106)
	at com.kms.katalon.core.main.TestCaseMain.startTestSuite(TestCaseMain.java:185)
	at com.kms.katalon.core.main.TestCaseMain$startTestSuite$0.call(Unknown Source)
	at TempTestSuite1657259171111.run(TempTestSuite1657259171111.groovy:36)
Caused by: com.kms.katalon.core.exception.StepFailedException: com.kms.katalon.core.webui.exception.WebElementNotFoundException: Web element with id: 'Object Repository/NewJobPage/AppList_ShellScript' located by '//div[@id = 'ShellScript']' not found
	at com.kms.katalon.core.webui.keyword.internal.WebUIKeywordMain.stepFailed(WebUIKeywordMain.groovy:64)
	at com.kms.katalon.core.webui.keyword.builtin.VerifyElementPresentKeyword$_verifyElementPresent_closure1.doCall(VerifyElementPresentKeyword.groovy:85)
	at com.kms.katalon.core.webui.keyword.builtin.VerifyElementPresentKeyword$_verifyElementPresent_closure1.call(VerifyElementPresentKeyword.groovy)
	at com.kms.katalon.core.webui.keyword.internal.WebUIKeywordMain.runKeyword(WebUIKeywordMain.groovy:20)
	... 21 more
)
[[ATTACHMENT|C:\\Users\\rohinis\\Documents\\GitHub\\AccessKRE\\Reports\\20220708_111611\\Login\\20220708_111611\\1657268820916.png]]

2022-07-08 13:57:00 - [TEST_STEP][PASSED] - if (jobsTab): null

2022-07-08 13:57:00 - [TEST_STEP][PASSED] - else: null

2022-07-08 13:57:00 - [TEST_STEP][PASSED] - errorMsg = verifyElementPresent(findTestObject("Object Repository/GenericObjects/Msg_loginError"), 5, CONTINUE_ON_FAILURE): Object 'Object Repository/GenericObjects/Msg_loginError' is present

2022-07-08 13:57:01 - [MESSAGE][PASSED] - Object 'Object Repository/GenericObjects/Msg_loginError' is present

2022-07-08 13:57:01 - [TEST_STEP][PASSED] - if (errorMsg): null

2022-07-08 13:57:01 - [TEST_STEP][PASSED] - timeOut = 5: null

2022-07-08 13:57:01 - [TEST_STEP][PASSED] - i = 0: null

2022-07-08 13:57:01 - [TEST_STEP][PASSED] - while (errorMsg == true && i < timeOut): null

2022-07-08 13:57:01 - [TEST_STEP][PASSED] - delay(1): Delayed 1 second(s)

2022-07-08 13:57:02 - [MESSAGE][PASSED] - Delayed 1 second(s)

2022-07-08 13:57:02 - [TEST_STEP][PASSED] - errorMsg = verifyElementPresent(findTestObject("Object Repository/GenericObjects/Msg_loginError"), 1): Object 'Object Repository/GenericObjects/Msg_loginError' is present

2022-07-08 13:57:02 - [MESSAGE][PASSED] - Object 'Object Repository/GenericObjects/Msg_loginError' is present

2022-07-08 13:57:02 - [TEST_STEP][PASSED] - (i++): null

2022-07-08 13:57:02 - [TEST_STEP][PASSED] - delay(1): Delayed 1 second(s)

2022-07-08 13:57:03 - [MESSAGE][PASSED] - Delayed 1 second(s)

2022-07-08 13:57:03 - [TEST_STEP][PASSED] - errorMsg = verifyElementPresent(findTestObject("Object Repository/GenericObjects/Msg_loginError"), 1): Object 'Object Repository/GenericObjects/Msg_loginError' is present

2022-07-08 13:57:04 - [MESSAGE][PASSED] - Object 'Object Repository/GenericObjects/Msg_loginError' is present

2022-07-08 13:57:04 - [TEST_STEP][PASSED] - (i++): null

2022-07-08 13:57:04 - [TEST_STEP][PASSED] - delay(1): Delayed 1 second(s)

2022-07-08 13:57:05 - [MESSAGE][PASSED] - Delayed 1 second(s)

2022-07-08 13:57:05 - [TEST_STEP][PASSED] - errorMsg = verifyElementPresent(findTestObject("Object Repository/GenericObjects/Msg_loginError"), 1): Object 'Object Repository/GenericObjects/Msg_loginError' is present

2022-07-08 13:57:05 - [MESSAGE][PASSED] - Object 'Object Repository/GenericObjects/Msg_loginError' is present

2022-07-08 13:57:05 - [TEST_STEP][PASSED] - (i++): null

2022-07-08 13:57:05 - [TEST_STEP][PASSED] - delay(1): Delayed 1 second(s)

2022-07-08 13:57:06 - [MESSAGE][PASSED] - Delayed 1 second(s)

2022-07-08 13:57:06 - [TEST_STEP][PASSED] - errorMsg = verifyElementPresent(findTestObject("Object Repository/GenericObjects/Msg_loginError"), 1): Object 'Object Repository/GenericObjects/Msg_loginError' is present

2022-07-08 13:57:06 - [MESSAGE][PASSED] - Object 'Object Repository/GenericObjects/Msg_loginError' is present

2022-07-08 13:57:06 - [TEST_STEP][PASSED] - (i++): null

2022-07-08 13:57:06 - [TEST_STEP][PASSED] - delay(1): Delayed 1 second(s)

2022-07-08 13:57:07 - [MESSAGE][PASSED] - Delayed 1 second(s)

2022-07-08 13:57:07 - [TEST_STEP][PASSED] - errorMsg = verifyElementPresent(findTestObject("Object Repository/GenericObjects/Msg_loginError"), 1): Object 'Object Repository/GenericObjects/Msg_loginError' is present

2022-07-08 13:57:07 - [MESSAGE][PASSED] - Object 'Object Repository/GenericObjects/Msg_loginError' is present

2022-07-08 13:57:07 - [TEST_STEP][PASSED] - (i++): null

2022-07-08 13:57:07 - [TEST_STEP][PASSED] - extentTest.log(FAIL, "Login Error !!! "): null

2022-07-08 13:57:07 - [TEST_STEP][PASSED] - Finally: null

2022-07-08 13:57:07 - [TEST_STEP][PASSED] - extentTest.log(PASS, "Closing the browser after executinge test case - " + TestCaseName): null]]></system-out>
         <system-err><![CDATA[]]></system-err>
      </testcase>
      <system-out><![CDATA[2022-07-08 11:16:27 - [TEST_SUITE][PASSED] - Login: Test Cases/LoginTC/Login]]></system-out>
      <system-err><![CDATA[]]></system-err>
   </testsuite>
</testsuites>
