<?xml version="1.0" encoding="UTF-8"?>
<testsuites name="Login" time="80.062" tests="1" failures="0" errors="0">
   <testsuite name="Login" tests="1" failures="0" errors="0" time="80.062" skipped="0" timestamp="2022-07-08 11:09:20" hostname="rohinis - BLRLAP1020.mshome.net" id="Test Suites/Login">
      <properties>
         <property name="deviceName" value=""/>
         <property name="devicePlatform" value=""/>
         <property name="logFolder" value="C:\\Users\\rohinis\\Documents\\GitHub\\AccessKRE\\Reports\\20220708_110904\\Login\\20220708_110904"/>
         <property name="logFiles" value="C:\\Users\\rohinis\\Documents\\GitHub\\AccessKRE\\Reports\\20220708_110904\\Login\\20220708_110904\\execution0.log"/>
         <property name="attachments" value="C:\\Users\\rohinis\\Documents\\GitHub\\AccessKRE\\Reports\\20220708_110904\\Login\\20220708_110904\\1657258805624.png, C:\\Users\\rohinis\\Documents\\GitHub\\AccessKRE\\Reports\\20220708_110904\\Login\\20220708_110904\\1657258840340.png, C:\\Users\\rohinis\\Documents\\GitHub\\AccessKRE\\Reports\\20220708_110904\\Login\\20220708_110904\\ExtentReports/LoginFireFox.png"/>
         <property name="hostName" value="rohinis - BLRLAP1020.mshome.net"/>
         <property name="os" value="Windows 10 64bit"/>
         <property name="katalonVersion" value="8.3.5.208"/>
         <property name="browser" value="Firefox 102.0"/>
         <property name="hostAddress" value="172.20.208.1"/>
         <property name="sessionId" value="390a5e8d-cc7f-42c5-b981-73d8024920f4"/>
         <property name="seleniumVersion" value="3.141.59"/>
         <property name="proxyInformation" value="ProxyInformation { proxyOption=NO_PROXY, proxyServerType=HTTP, username=, password=********, proxyServerAddress=, proxyServerPort=0, executionList=&quot;&quot;, isApplyToDesiredCapabilities=true }"/>
         <property name="platform" value="Windows 10"/>
      </properties>
      <testcase name="Test Cases/LoginTC/Login" time="74.012" classname="Test Cases/LoginTC/Login" status="PASSED">
         <system-out><![CDATA[2022-07-08 11:09:27 - [TEST_CASE][PASSED] - Test Cases/LoginTC/Login: Test Cases/LoginTC/Login

2022-07-08 11:09:27 - [TEST_STEP][FAILED] - Start listener action : BeforeTestCase: null

2022-07-08 11:09:27 - [TEST_STEP][PASSED] - variableList = testCaseContext.getTestCaseVariables(): null

2022-07-08 11:09:27 - [TEST_STEP][PASSED] - println("context - " + variableList): null

2022-07-08 11:09:27 - [TEST_STEP][PASSED] - println(testCaseContext.getTestCaseId()): null

2022-07-08 11:09:27 - [TEST_STEP][PASSED] - tcID = testCaseContext.getTestCaseId(): null

2022-07-08 11:09:27 - [TEST_STEP][PASSED] - tcScript = tcID.split("\/"): null

2022-07-08 11:09:27 - [TEST_STEP][PASSED] - len = tcScript.size(): null

2022-07-08 11:09:27 - [TEST_STEP][PASSED] - tcScriptName = tcScript[len - 1]: null

2022-07-08 11:09:27 - [TEST_STEP][PASSED] - println("=========================="): null

2022-07-08 11:09:27 - [TEST_STEP][PASSED] - println(tcScriptName): null

2022-07-08 11:09:27 - [TEST_STEP][PASSED] - println("=========================="): null

2022-07-08 11:09:27 - [TEST_STEP][PASSED] - testcaseName = generateReports.testCaseNameChange.toSplit(variableList, "TestCaseName"): generateReports.testCaseNameChange.toSplit is PASSED

2022-07-08 11:09:27 - [MESSAGE][PASSED] - generateReports.testCaseNameChange.toSplit is PASSED

2022-07-08 11:09:27 - [TEST_STEP][PASSED] - UpdatedtestcaseName = generateReports.testCaseNameChange.updateTCName(testcaseName, variableList, tcScriptName): generateReports.testCaseNameChange.updateTCName is PASSED

2022-07-08 11:09:27 - [MESSAGE][PASSED] - generateReports.testCaseNameChange.updateTCName is PASSED

2022-07-08 11:09:27 - [TEST_STEP][PASSED] - println("new tn  --- " + UpdatedtestcaseName): null

2022-07-08 11:09:27 - [TEST_STEP][PASSED] - println("-------------------------"): null

2022-07-08 11:09:27 - [TEST_STEP][PASSED] - if (tcScriptName.equals("JobSubmission-FileOperations") && UpdatedtestcaseName.contains("tile view")): null

2022-07-08 11:09:27 - [TEST_STEP][FAILED] - else: null

2022-07-08 11:09:27 - [TEST_STEP][PASSED] - G_ExtentTest = extent.createTest(UpdatedtestcaseName): null

2022-07-08 11:09:27 - [TEST_STEP][PASSED] - extentTest = G_ExtentTest: null

2022-07-08 11:09:27 - [TEST_STEP][FAILED] - try: Unable to navigate to 'https://10.75.22.62:4443/pbsworks' (Root cause: com.kms.katalon.core.exception.StepFailedException: Unable to navigate to 'https://10.75.22.62:4443/pbsworks'
	at com.kms.katalon.core.webui.keyword.internal.WebUIKeywordMain.stepFailed(WebUIKeywordMain.groovy:64)
	at com.kms.katalon.core.webui.keyword.internal.WebUIKeywordMain.runKeyword(WebUIKeywordMain.groovy:26)
	at com.kms.katalon.core.webui.keyword.builtin.NavigateToUrlKeyword.navigateToUrl(NavigateToUrlKeyword.groovy:83)
	at com.kms.katalon.core.webui.keyword.builtin.NavigateToUrlKeyword.execute(NavigateToUrlKeyword.groovy:67)
	at com.kms.katalon.core.keyword.internal.KeywordExecutor.executeKeywordForPlatform(KeywordExecutor.groovy:74)
	at com.kms.katalon.core.webui.keyword.WebUiBuiltInKeywords.navigateToUrl(WebUiBuiltInKeywords.groovy:187)
	at com.kms.katalon.core.webui.keyword.WebUiBuiltInKeywords$navigateToUrl$1.call(Unknown Source)
	at BaseTestListener.BeforeTestCase(BaseTestListener.groovy:94)
	at BaseTestListener.invokeMethod(BaseTestListener.groovy)
	at com.kms.katalon.core.context.internal.TestHooker.invokeMethod(TestHooker.java:111)
	at com.kms.katalon.core.context.internal.TestHooker.lambda$3(TestHooker.java:95)
	at com.kms.katalon.core.context.internal.TestHooker.invokeContextMethods(TestHooker.java:94)
	at com.kms.katalon.core.context.internal.TestListenerCollector.lambda$3(TestListenerCollector.java:88)
	at com.kms.katalon.core.context.internal.TestListenerCollector.handleListenerEvent(TestListenerCollector.java:85)
	at com.kms.katalon.core.context.internal.ExecutionEventManager.publicEvent(ExecutionEventManager.java:36)
	at com.kms.katalon.core.main.TestCaseExecutor.execute(TestCaseExecutor.java:267)
	at com.kms.katalon.core.common.CommonExecutor.accessTestCaseMainPhase(CommonExecutor.java:65)
	at com.kms.katalon.core.main.TestSuiteExecutor.accessTestSuiteMainPhase(TestSuiteExecutor.java:144)
	at com.kms.katalon.core.main.TestSuiteExecutor.execute(TestSuiteExecutor.java:106)
	at com.kms.katalon.core.main.TestCaseMain.startTestSuite(TestCaseMain.java:185)
	at com.kms.katalon.core.main.TestCaseMain$startTestSuite$0.call(Unknown Source)
	at TempTestSuite1657258744637.run(TempTestSuite1657258744637.groovy:36)
Caused by: org.openqa.selenium.WebDriverException: Reached error page: about:neterror?e=netTimeout&u=https%3A//10.75.22.62%3A4443/pbsworks&c=UTF-8&d=The%20server%20at%2010.75.22.62%20is%20taking%20too%20long%20to%20respond.
Build info: version: '3.141.59', revision: 'e82be7d358', time: '2018-11-14T08:25:53'
System info: host: 'BLRLAP1020', ip: '10.75.48.176', os.name: 'Windows 10', os.arch: 'amd64', os.version: '10.0', java.version: '1.8.0_282'
Driver info: com.kms.katalon.core.webui.driver.firefox.CGeckoDriver
Capabilities {acceptInsecureCerts: true, browserName: firefox, browserVersion: 102.0.1, javascriptEnabled: true, moz:accessibilityChecks: false, moz:buildID: 20220705093820, moz:geckodriverVersion: 0.31.0, moz:headless: false, moz:processID: 15980, moz:profile: C:\Users\rohinis\AppData\Lo..., moz:shutdownTimeout: 60000, moz:useNonSpecCompliantPointerOrigin: false, moz:webdriverClick: true, moz:windowless: false, pageLoadStrategy: normal, platform: WINDOWS, platformName: WINDOWS, platformVersion: 10.0, proxy: Proxy(direct), setWindowRect: true, strictFileInteractability: false, timeouts: {implicit: 0, pageLoad: 300000, script: 30000}, unhandledPromptBehavior: dismiss and notify}
Session ID: 390a5e8d-cc7f-42c5-b981-73d8024920f4
	at org.openqa.selenium.remote.http.W3CHttpResponseCodec.createException(W3CHttpResponseCodec.java:187)
	at org.openqa.selenium.remote.http.W3CHttpResponseCodec.decode(W3CHttpResponseCodec.java:122)
	at org.openqa.selenium.remote.http.W3CHttpResponseCodec.decode(W3CHttpResponseCodec.java:49)
	at org.openqa.selenium.remote.HttpCommandExecutor.execute(HttpCommandExecutor.java:158)
	at org.openqa.selenium.remote.service.DriverCommandExecutor.execute(DriverCommandExecutor.java:83)
	at org.openqa.selenium.remote.RemoteWebDriver.execute(RemoteWebDriver.java:552)
	at com.kms.katalon.selenium.driver.CFirefoxDriver.execute(CFirefoxDriver.java:27)
	at org.openqa.selenium.remote.RemoteWebDriver.get(RemoteWebDriver.java:277)
	at org.openqa.selenium.remote.RemoteWebDriver$RemoteNavigation.to(RemoteWebDriver.java:857)
	at org.openqa.selenium.support.events.EventFiringWebDriver$EventFiringNavigation.to(EventFiringWebDriver.java:569)
	at com.kms.katalon.core.webui.keyword.builtin.NavigateToUrlKeyword$_navigateToUrl_closure1.doCall(NavigateToUrlKeyword.groovy:81)
	at com.kms.katalon.core.webui.keyword.builtin.NavigateToUrlKeyword$_navigateToUrl_closure1.call(NavigateToUrlKeyword.groovy)
	at com.kms.katalon.core.webui.keyword.internal.WebUIKeywordMain.runKeyword(WebUIKeywordMain.groovy:20)
	... 20 more
)

2022-07-08 11:09:27 - [TEST_STEP][PASSED] - openBrowser(""): Browser is opened with url: ''

2022-07-08 11:09:28 - [MESSAGE][INFO] - Starting 'Firefox' driver

2022-07-08 11:09:28 - [MESSAGE][INFO] - User set Firefox profile preference: ['browser.download.manager.showWhenStarting', 'false']

2022-07-08 11:09:28 - [MESSAGE][INFO] - User set Firefox profile preference: ['browser.helperApps.neverAsk.saveToDisk', 'text/csv,application/vnd.openxmlformats-officedocument.spreadsheetml.sheet,application/vnd.ms-excel,application/msexcel,application/x-msexcel,application/excel,application/octet-stream']

2022-07-08 11:09:28 - [MESSAGE][INFO] - User set Firefox profile preference: ['browser.helperApps.neverAsk.openFile', 'text/csv,application/vnd.ms-excel,application/msexcel,application/x-msexcel,application/excel,,application/octet-stream']

2022-07-08 11:09:28 - [MESSAGE][INFO] - User set Firefox profile preference: ['browser.download.folderList', '2']

2022-07-08 11:09:28 - [MESSAGE][INFO] - User set Firefox profile preference: ['browser.helperApps.alwaysAsk.force', 'false']

2022-07-08 11:09:28 - [MESSAGE][INFO] - User set Firefox profile preference: ['browser.download.forbid_open_with ', 'true']

2022-07-08 11:09:28 - [MESSAGE][INFO] - User set Firefox profile preference: ['browser.download.panel.shown', 'false']

2022-07-08 11:09:28 - [MESSAGE][INFO] - User set Firefox profile preference: ['browser.download.dir', 'c:/katalonDownloads']

2022-07-08 11:09:28 - [MESSAGE][INFO] - User set Firefox profile preference: ['browser.download.manager.openDelay', '1']

2022-07-08 11:09:28 - [MESSAGE][INFO] - Action delay is set to 0 milliseconds

2022-07-08 11:09:43 - [MESSAGE][PASSED] - Browser is opened with url: ''

2022-07-08 11:09:43 - [TEST_STEP][PASSED] - G_ExtentTest.log(PASS, "Navigated to Acces Instance - " + G_BaseUrl): null

2022-07-08 11:09:43 - [TEST_STEP][PASSED] - deleteAllCookies(): Delete all cookies successfully

2022-07-08 11:09:43 - [MESSAGE][PASSED] - Delete all cookies successfully

2022-07-08 11:09:43 - [TEST_STEP][FAILED] - navigateToUrl(G_BaseUrl): Unable to navigate to 'https://10.75.22.62:4443/pbsworks' (Root cause: com.kms.katalon.core.exception.StepFailedException: Unable to navigate to 'https://10.75.22.62:4443/pbsworks'
	at com.kms.katalon.core.webui.keyword.internal.WebUIKeywordMain.stepFailed(WebUIKeywordMain.groovy:64)
	at com.kms.katalon.core.webui.keyword.internal.WebUIKeywordMain.runKeyword(WebUIKeywordMain.groovy:26)
	at com.kms.katalon.core.webui.keyword.builtin.NavigateToUrlKeyword.navigateToUrl(NavigateToUrlKeyword.groovy:83)
	at com.kms.katalon.core.webui.keyword.builtin.NavigateToUrlKeyword.execute(NavigateToUrlKeyword.groovy:67)
	at com.kms.katalon.core.keyword.internal.KeywordExecutor.executeKeywordForPlatform(KeywordExecutor.groovy:74)
	at com.kms.katalon.core.webui.keyword.WebUiBuiltInKeywords.navigateToUrl(WebUiBuiltInKeywords.groovy:187)
	at com.kms.katalon.core.webui.keyword.WebUiBuiltInKeywords$navigateToUrl$1.call(Unknown Source)
	at BaseTestListener.BeforeTestCase(BaseTestListener.groovy:94)
	at BaseTestListener.invokeMethod(BaseTestListener.groovy)
	at com.kms.katalon.core.context.internal.TestHooker.invokeMethod(TestHooker.java:111)
	at com.kms.katalon.core.context.internal.TestHooker.lambda$3(TestHooker.java:95)
	at com.kms.katalon.core.context.internal.TestHooker.invokeContextMethods(TestHooker.java:94)
	at com.kms.katalon.core.context.internal.TestListenerCollector.lambda$3(TestListenerCollector.java:88)
	at com.kms.katalon.core.context.internal.TestListenerCollector.handleListenerEvent(TestListenerCollector.java:85)
	at com.kms.katalon.core.context.internal.ExecutionEventManager.publicEvent(ExecutionEventManager.java:36)
	at com.kms.katalon.core.main.TestCaseExecutor.execute(TestCaseExecutor.java:267)
	at com.kms.katalon.core.common.CommonExecutor.accessTestCaseMainPhase(CommonExecutor.java:65)
	at com.kms.katalon.core.main.TestSuiteExecutor.accessTestSuiteMainPhase(TestSuiteExecutor.java:144)
	at com.kms.katalon.core.main.TestSuiteExecutor.execute(TestSuiteExecutor.java:106)
	at com.kms.katalon.core.main.TestCaseMain.startTestSuite(TestCaseMain.java:185)
	at com.kms.katalon.core.main.TestCaseMain$startTestSuite$0.call(Unknown Source)
	at TempTestSuite1657258744637.run(TempTestSuite1657258744637.groovy:36)
Caused by: org.openqa.selenium.WebDriverException: Reached error page: about:neterror?e=netTimeout&u=https%3A//10.75.22.62%3A4443/pbsworks&c=UTF-8&d=The%20server%20at%2010.75.22.62%20is%20taking%20too%20long%20to%20respond.
Build info: version: '3.141.59', revision: 'e82be7d358', time: '2018-11-14T08:25:53'
System info: host: 'BLRLAP1020', ip: '10.75.48.176', os.name: 'Windows 10', os.arch: 'amd64', os.version: '10.0', java.version: '1.8.0_282'
Driver info: com.kms.katalon.core.webui.driver.firefox.CGeckoDriver
Capabilities {acceptInsecureCerts: true, browserName: firefox, browserVersion: 102.0.1, javascriptEnabled: true, moz:accessibilityChecks: false, moz:buildID: 20220705093820, moz:geckodriverVersion: 0.31.0, moz:headless: false, moz:processID: 15980, moz:profile: C:\Users\rohinis\AppData\Lo..., moz:shutdownTimeout: 60000, moz:useNonSpecCompliantPointerOrigin: false, moz:webdriverClick: true, moz:windowless: false, pageLoadStrategy: normal, platform: WINDOWS, platformName: WINDOWS, platformVersion: 10.0, proxy: Proxy(direct), setWindowRect: true, strictFileInteractability: false, timeouts: {implicit: 0, pageLoad: 300000, script: 30000}, unhandledPromptBehavior: dismiss and notify}
Session ID: 390a5e8d-cc7f-42c5-b981-73d8024920f4
	at org.openqa.selenium.remote.http.W3CHttpResponseCodec.createException(W3CHttpResponseCodec.java:187)
	at org.openqa.selenium.remote.http.W3CHttpResponseCodec.decode(W3CHttpResponseCodec.java:122)
	at org.openqa.selenium.remote.http.W3CHttpResponseCodec.decode(W3CHttpResponseCodec.java:49)
	at org.openqa.selenium.remote.HttpCommandExecutor.execute(HttpCommandExecutor.java:158)
	at org.openqa.selenium.remote.service.DriverCommandExecutor.execute(DriverCommandExecutor.java:83)
	at org.openqa.selenium.remote.RemoteWebDriver.execute(RemoteWebDriver.java:552)
	at com.kms.katalon.selenium.driver.CFirefoxDriver.execute(CFirefoxDriver.java:27)
	at org.openqa.selenium.remote.RemoteWebDriver.get(RemoteWebDriver.java:277)
	at org.openqa.selenium.remote.RemoteWebDriver$RemoteNavigation.to(RemoteWebDriver.java:857)
	at org.openqa.selenium.support.events.EventFiringWebDriver$EventFiringNavigation.to(EventFiringWebDriver.java:569)
	at com.kms.katalon.core.webui.keyword.builtin.NavigateToUrlKeyword$_navigateToUrl_closure1.doCall(NavigateToUrlKeyword.groovy:81)
	at com.kms.katalon.core.webui.keyword.builtin.NavigateToUrlKeyword$_navigateToUrl_closure1.call(NavigateToUrlKeyword.groovy)
	at com.kms.katalon.core.webui.keyword.internal.WebUIKeywordMain.runKeyword(WebUIKeywordMain.groovy:20)
	... 20 more
)

2022-07-08 11:10:05 - [MESSAGE][FAILED] - Unable to navigate to 'https://10.75.22.62:4443/pbsworks' (Root cause: com.kms.katalon.core.exception.StepFailedException: Unable to navigate to 'https://10.75.22.62:4443/pbsworks'
	at com.kms.katalon.core.webui.keyword.internal.WebUIKeywordMain.stepFailed(WebUIKeywordMain.groovy:64)
	at com.kms.katalon.core.webui.keyword.internal.WebUIKeywordMain.runKeyword(WebUIKeywordMain.groovy:26)
	at com.kms.katalon.core.webui.keyword.builtin.NavigateToUrlKeyword.navigateToUrl(NavigateToUrlKeyword.groovy:83)
	at com.kms.katalon.core.webui.keyword.builtin.NavigateToUrlKeyword.execute(NavigateToUrlKeyword.groovy:67)
	at com.kms.katalon.core.keyword.internal.KeywordExecutor.executeKeywordForPlatform(KeywordExecutor.groovy:74)
	at com.kms.katalon.core.webui.keyword.WebUiBuiltInKeywords.navigateToUrl(WebUiBuiltInKeywords.groovy:187)
	at com.kms.katalon.core.webui.keyword.WebUiBuiltInKeywords$navigateToUrl$1.call(Unknown Source)
	at BaseTestListener.BeforeTestCase(BaseTestListener.groovy:94)
	at BaseTestListener.invokeMethod(BaseTestListener.groovy)
	at com.kms.katalon.core.context.internal.TestHooker.invokeMethod(TestHooker.java:111)
	at com.kms.katalon.core.context.internal.TestHooker.lambda$3(TestHooker.java:95)
	at com.kms.katalon.core.context.internal.TestHooker.invokeContextMethods(TestHooker.java:94)
	at com.kms.katalon.core.context.internal.TestListenerCollector.lambda$3(TestListenerCollector.java:88)
	at com.kms.katalon.core.context.internal.TestListenerCollector.handleListenerEvent(TestListenerCollector.java:85)
	at com.kms.katalon.core.context.internal.ExecutionEventManager.publicEvent(ExecutionEventManager.java:36)
	at com.kms.katalon.core.main.TestCaseExecutor.execute(TestCaseExecutor.java:267)
	at com.kms.katalon.core.common.CommonExecutor.accessTestCaseMainPhase(CommonExecutor.java:65)
	at com.kms.katalon.core.main.TestSuiteExecutor.accessTestSuiteMainPhase(TestSuiteExecutor.java:144)
	at com.kms.katalon.core.main.TestSuiteExecutor.execute(TestSuiteExecutor.java:106)
	at com.kms.katalon.core.main.TestCaseMain.startTestSuite(TestCaseMain.java:185)
	at com.kms.katalon.core.main.TestCaseMain$startTestSuite$0.call(Unknown Source)
	at TempTestSuite1657258744637.run(TempTestSuite1657258744637.groovy:36)
Caused by: org.openqa.selenium.WebDriverException: Reached error page: about:neterror?e=netTimeout&u=https%3A//10.75.22.62%3A4443/pbsworks&c=UTF-8&d=The%20server%20at%2010.75.22.62%20is%20taking%20too%20long%20to%20respond.
Build info: version: '3.141.59', revision: 'e82be7d358', time: '2018-11-14T08:25:53'
System info: host: 'BLRLAP1020', ip: '10.75.48.176', os.name: 'Windows 10', os.arch: 'amd64', os.version: '10.0', java.version: '1.8.0_282'
Driver info: com.kms.katalon.core.webui.driver.firefox.CGeckoDriver
Capabilities {acceptInsecureCerts: true, browserName: firefox, browserVersion: 102.0.1, javascriptEnabled: true, moz:accessibilityChecks: false, moz:buildID: 20220705093820, moz:geckodriverVersion: 0.31.0, moz:headless: false, moz:processID: 15980, moz:profile: C:\Users\rohinis\AppData\Lo..., moz:shutdownTimeout: 60000, moz:useNonSpecCompliantPointerOrigin: false, moz:webdriverClick: true, moz:windowless: false, pageLoadStrategy: normal, platform: WINDOWS, platformName: WINDOWS, platformVersion: 10.0, proxy: Proxy(direct), setWindowRect: true, strictFileInteractability: false, timeouts: {implicit: 0, pageLoad: 300000, script: 30000}, unhandledPromptBehavior: dismiss and notify}
Session ID: 390a5e8d-cc7f-42c5-b981-73d8024920f4
	at org.openqa.selenium.remote.http.W3CHttpResponseCodec.createException(W3CHttpResponseCodec.java:187)
	at org.openqa.selenium.remote.http.W3CHttpResponseCodec.decode(W3CHttpResponseCodec.java:122)
	at org.openqa.selenium.remote.http.W3CHttpResponseCodec.decode(W3CHttpResponseCodec.java:49)
	at org.openqa.selenium.remote.HttpCommandExecutor.execute(HttpCommandExecutor.java:158)
	at org.openqa.selenium.remote.service.DriverCommandExecutor.execute(DriverCommandExecutor.java:83)
	at org.openqa.selenium.remote.RemoteWebDriver.execute(RemoteWebDriver.java:552)
	at com.kms.katalon.selenium.driver.CFirefoxDriver.execute(CFirefoxDriver.java:27)
	at org.openqa.selenium.remote.RemoteWebDriver.get(RemoteWebDriver.java:277)
	at org.openqa.selenium.remote.RemoteWebDriver$RemoteNavigation.to(RemoteWebDriver.java:857)
	at org.openqa.selenium.support.events.EventFiringWebDriver$EventFiringNavigation.to(EventFiringWebDriver.java:569)
	at com.kms.katalon.core.webui.keyword.builtin.NavigateToUrlKeyword$_navigateToUrl_closure1.doCall(NavigateToUrlKeyword.groovy:81)
	at com.kms.katalon.core.webui.keyword.builtin.NavigateToUrlKeyword$_navigateToUrl_closure1.call(NavigateToUrlKeyword.groovy)
	at com.kms.katalon.core.webui.keyword.internal.WebUIKeywordMain.runKeyword(WebUIKeywordMain.groovy:20)
	... 20 more
)
[[ATTACHMENT|C:\\Users\\rohinis\\Documents\\GitHub\\AccessKRE\\Reports\\20220708_110904\\Login\\20220708_110904\\1657258805624.png]]

2022-07-08 11:10:05 - [TEST_STEP][ERROR] - catch (Exception ex): groovy.lang.MissingPropertyException: No such property: tn for class: BaseTestListener
	at BaseTestListener.BeforeTestCase(BaseTestListener.groovy:103)
	at BaseTestListener.invokeMethod(BaseTestListener.groovy)
	at com.kms.katalon.core.context.internal.TestHooker.invokeMethod(TestHooker.java:111)
	at com.kms.katalon.core.context.internal.TestHooker.lambda$3(TestHooker.java:95)
	at com.kms.katalon.core.context.internal.TestHooker.invokeContextMethods(TestHooker.java:94)
	at com.kms.katalon.core.context.internal.TestListenerCollector.lambda$3(TestListenerCollector.java:88)
	at com.kms.katalon.core.context.internal.TestListenerCollector.handleListenerEvent(TestListenerCollector.java:85)
	at com.kms.katalon.core.context.internal.ExecutionEventManager.publicEvent(ExecutionEventManager.java:36)
	at com.kms.katalon.core.main.TestCaseExecutor.execute(TestCaseExecutor.java:267)
	at com.kms.katalon.core.common.CommonExecutor.accessTestCaseMainPhase(CommonExecutor.java:65)
	at com.kms.katalon.core.main.TestSuiteExecutor.accessTestSuiteMainPhase(TestSuiteExecutor.java:144)
	at com.kms.katalon.core.main.TestSuiteExecutor.execute(TestSuiteExecutor.java:106)
	at com.kms.katalon.core.main.TestCaseMain.startTestSuite(TestCaseMain.java:185)
	at com.kms.katalon.core.main.TestCaseMain$startTestSuite$0.call(Unknown Source)
	at TempTestSuite1657258744637.run(TempTestSuite1657258744637.groovy:36)


2022-07-08 11:10:05 - [TEST_STEP][ERROR] - screenShotPath = reportFolder + tn + G_Browser + ".png": groovy.lang.MissingPropertyException: No such property: tn for class: BaseTestListener
	at BaseTestListener.BeforeTestCase(BaseTestListener.groovy:103)
	at BaseTestListener.invokeMethod(BaseTestListener.groovy)
	at com.kms.katalon.core.context.internal.TestHooker.invokeMethod(TestHooker.java:111)
	at com.kms.katalon.core.context.internal.TestHooker.lambda$3(TestHooker.java:95)
	at com.kms.katalon.core.context.internal.TestHooker.invokeContextMethods(TestHooker.java:94)
	at com.kms.katalon.core.context.internal.TestListenerCollector.lambda$3(TestListenerCollector.java:88)
	at com.kms.katalon.core.context.internal.TestListenerCollector.handleListenerEvent(TestListenerCollector.java:85)
	at com.kms.katalon.core.context.internal.ExecutionEventManager.publicEvent(ExecutionEventManager.java:36)
	at com.kms.katalon.core.main.TestCaseExecutor.execute(TestCaseExecutor.java:267)
	at com.kms.katalon.core.common.CommonExecutor.accessTestCaseMainPhase(CommonExecutor.java:65)
	at com.kms.katalon.core.main.TestSuiteExecutor.accessTestSuiteMainPhase(TestSuiteExecutor.java:144)
	at com.kms.katalon.core.main.TestSuiteExecutor.execute(TestSuiteExecutor.java:106)
	at com.kms.katalon.core.main.TestCaseMain.startTestSuite(TestCaseMain.java:185)
	at com.kms.katalon.core.main.TestCaseMain$startTestSuite$0.call(Unknown Source)
	at TempTestSuite1657258744637.run(TempTestSuite1657258744637.groovy:36)


2022-07-08 11:10:05 - [MESSAGE][ERROR] - groovy.lang.MissingPropertyException: No such property: tn for class: BaseTestListener
	at BaseTestListener.BeforeTestCase(BaseTestListener.groovy:103)
	at BaseTestListener.invokeMethod(BaseTestListener.groovy)
	at com.kms.katalon.core.context.internal.TestHooker.invokeMethod(TestHooker.java:111)
	at com.kms.katalon.core.context.internal.TestHooker.lambda$3(TestHooker.java:95)
	at com.kms.katalon.core.context.internal.TestHooker.invokeContextMethods(TestHooker.java:94)
	at com.kms.katalon.core.context.internal.TestListenerCollector.lambda$3(TestListenerCollector.java:88)
	at com.kms.katalon.core.context.internal.TestListenerCollector.handleListenerEvent(TestListenerCollector.java:85)
	at com.kms.katalon.core.context.internal.ExecutionEventManager.publicEvent(ExecutionEventManager.java:36)
	at com.kms.katalon.core.main.TestCaseExecutor.execute(TestCaseExecutor.java:267)
	at com.kms.katalon.core.common.CommonExecutor.accessTestCaseMainPhase(CommonExecutor.java:65)
	at com.kms.katalon.core.main.TestSuiteExecutor.accessTestSuiteMainPhase(TestSuiteExecutor.java:144)
	at com.kms.katalon.core.main.TestSuiteExecutor.execute(TestSuiteExecutor.java:106)
	at com.kms.katalon.core.main.TestCaseMain.startTestSuite(TestCaseMain.java:185)
	at com.kms.katalon.core.main.TestCaseMain$startTestSuite$0.call(Unknown Source)
	at TempTestSuite1657258744637.run(TempTestSuite1657258744637.groovy:36)


2022-07-08 11:10:06 - [TEST_STEP][PASSED] - extentTest = G_ExtentTest: null

2022-07-08 11:10:06 - [TEST_STEP][FAILED] - try: Unable to set text 'pbsworksg' of object 'Object Repository/LoginPage/username_txtbx' (Root cause: com.kms.katalon.core.exception.StepFailedException: Unable to set text 'pbsworksg' of object 'Object Repository/LoginPage/username_txtbx'
	at com.kms.katalon.core.webui.keyword.internal.WebUIKeywordMain.stepFailed(WebUIKeywordMain.groovy:64)
	at com.kms.katalon.core.webui.keyword.internal.WebUIKeywordMain.runKeyword(WebUIKeywordMain.groovy:26)
	at com.kms.katalon.core.webui.keyword.builtin.SetTextKeyword.setText(SetTextKeyword.groovy:66)
	at com.kms.katalon.core.webui.keyword.builtin.SetTextKeyword.execute(SetTextKeyword.groovy:37)
	at com.kms.katalon.core.keyword.internal.KeywordExecutor.executeKeywordForPlatform(KeywordExecutor.groovy:74)
	at com.kms.katalon.core.webui.keyword.WebUiBuiltInKeywords.setText(WebUiBuiltInKeywords.groovy:980)
	at com.kms.katalon.core.webui.keyword.WebUiBuiltInKeywords$setText$2.call(Unknown Source)
	at Login.run(Login:24)
	at com.kms.katalon.core.main.ScriptEngine.run(ScriptEngine.java:194)
	at com.kms.katalon.core.main.ScriptEngine.runScriptAsRawText(ScriptEngine.java:119)
	at com.kms.katalon.core.main.TestCaseExecutor.runScript(TestCaseExecutor.java:445)
	at com.kms.katalon.core.main.TestCaseExecutor.doExecute(TestCaseExecutor.java:436)
	at com.kms.katalon.core.main.TestCaseExecutor.processExecutionPhase(TestCaseExecutor.java:415)
	at com.kms.katalon.core.main.TestCaseExecutor.accessMainPhase(TestCaseExecutor.java:407)
	at com.kms.katalon.core.main.TestCaseExecutor.execute(TestCaseExecutor.java:284)
	at com.kms.katalon.core.common.CommonExecutor.accessTestCaseMainPhase(CommonExecutor.java:65)
	at com.kms.katalon.core.main.TestSuiteExecutor.accessTestSuiteMainPhase(TestSuiteExecutor.java:144)
	at com.kms.katalon.core.main.TestSuiteExecutor.execute(TestSuiteExecutor.java:106)
	at com.kms.katalon.core.main.TestCaseMain.startTestSuite(TestCaseMain.java:185)
	at com.kms.katalon.core.main.TestCaseMain$startTestSuite$0.call(Unknown Source)
	at TempTestSuite1657258744637.run(TempTestSuite1657258744637.groovy:36)
Caused by: com.kms.katalon.core.webui.exception.WebElementNotFoundException: Web element with id: 'Object Repository/LoginPage/username_txtbx' located by '//input[@id='username']' not found
	at com.kms.katalon.core.webui.common.WebUiCommonHelper.findWebElement(WebUiCommonHelper.java:1370)
	at com.kms.katalon.core.webui.keyword.internal.WebUIAbstractKeyword.findWebElement(WebUIAbstractKeyword.groovy:27)
	at com.kms.katalon.core.webui.keyword.internal.WebUIAbstractKeyword.findWebElement(WebUIAbstractKeyword.groovy:26)
	at com.kms.katalon.core.webui.keyword.builtin.SetTextKeyword$_setText_closure1.doCall(SetTextKeyword.groovy:51)
	at com.kms.katalon.core.webui.keyword.builtin.SetTextKeyword$_setText_closure1.call(SetTextKeyword.groovy)
	at com.kms.katalon.core.webui.keyword.internal.WebUIKeywordMain.runKeyword(WebUIKeywordMain.groovy:20)
	at com.kms.katalon.core.webui.keyword.builtin.SetTextKeyword.setText(SetTextKeyword.groovy:66)
	at com.kms.katalon.core.webui.keyword.builtin.SetTextKeyword.execute(SetTextKeyword.groovy:37)
	at com.kms.katalon.core.keyword.internal.KeywordExecutor.executeKeywordForPlatform(KeywordExecutor.groovy:74)
	at com.kms.katalon.core.webui.keyword.WebUiBuiltInKeywords.setText(WebUiBuiltInKeywords.groovy:980)
	at com.kms.katalon.core.webui.keyword.WebUiBuiltInKeywords$setText$2.call(Unknown Source)
	at Script1645200002191.run(Script1645200002191.groovy:24)
	... 13 more
)

2022-07-08 11:10:06 - [TEST_STEP][PASSED] - Browser = G_Browser: null

2022-07-08 11:10:06 - [TEST_STEP][PASSED] - extentTest.log(PASS, "Navigated to Acces Instance - " + G_BaseUrl): null

2022-07-08 11:10:06 - [TEST_STEP][FAILED] - setText(findTestObject("LoginPage/username_txtbx"), G_userName): Unable to set text 'pbsworksg' of object 'Object Repository/LoginPage/username_txtbx' (Root cause: com.kms.katalon.core.exception.StepFailedException: Unable to set text 'pbsworksg' of object 'Object Repository/LoginPage/username_txtbx'
	at com.kms.katalon.core.webui.keyword.internal.WebUIKeywordMain.stepFailed(WebUIKeywordMain.groovy:64)
	at com.kms.katalon.core.webui.keyword.internal.WebUIKeywordMain.runKeyword(WebUIKeywordMain.groovy:26)
	at com.kms.katalon.core.webui.keyword.builtin.SetTextKeyword.setText(SetTextKeyword.groovy:66)
	at com.kms.katalon.core.webui.keyword.builtin.SetTextKeyword.execute(SetTextKeyword.groovy:37)
	at com.kms.katalon.core.keyword.internal.KeywordExecutor.executeKeywordForPlatform(KeywordExecutor.groovy:74)
	at com.kms.katalon.core.webui.keyword.WebUiBuiltInKeywords.setText(WebUiBuiltInKeywords.groovy:980)
	at com.kms.katalon.core.webui.keyword.WebUiBuiltInKeywords$setText$2.call(Unknown Source)
	at Login.run(Login:24)
	at com.kms.katalon.core.main.ScriptEngine.run(ScriptEngine.java:194)
	at com.kms.katalon.core.main.ScriptEngine.runScriptAsRawText(ScriptEngine.java:119)
	at com.kms.katalon.core.main.TestCaseExecutor.runScript(TestCaseExecutor.java:445)
	at com.kms.katalon.core.main.TestCaseExecutor.doExecute(TestCaseExecutor.java:436)
	at com.kms.katalon.core.main.TestCaseExecutor.processExecutionPhase(TestCaseExecutor.java:415)
	at com.kms.katalon.core.main.TestCaseExecutor.accessMainPhase(TestCaseExecutor.java:407)
	at com.kms.katalon.core.main.TestCaseExecutor.execute(TestCaseExecutor.java:284)
	at com.kms.katalon.core.common.CommonExecutor.accessTestCaseMainPhase(CommonExecutor.java:65)
	at com.kms.katalon.core.main.TestSuiteExecutor.accessTestSuiteMainPhase(TestSuiteExecutor.java:144)
	at com.kms.katalon.core.main.TestSuiteExecutor.execute(TestSuiteExecutor.java:106)
	at com.kms.katalon.core.main.TestCaseMain.startTestSuite(TestCaseMain.java:185)
	at com.kms.katalon.core.main.TestCaseMain$startTestSuite$0.call(Unknown Source)
	at TempTestSuite1657258744637.run(TempTestSuite1657258744637.groovy:36)
Caused by: com.kms.katalon.core.webui.exception.WebElementNotFoundException: Web element with id: 'Object Repository/LoginPage/username_txtbx' located by '//input[@id='username']' not found
	at com.kms.katalon.core.webui.common.WebUiCommonHelper.findWebElement(WebUiCommonHelper.java:1370)
	at com.kms.katalon.core.webui.keyword.internal.WebUIAbstractKeyword.findWebElement(WebUIAbstractKeyword.groovy:27)
	at com.kms.katalon.core.webui.keyword.internal.WebUIAbstractKeyword.findWebElement(WebUIAbstractKeyword.groovy:26)
	at com.kms.katalon.core.webui.keyword.builtin.SetTextKeyword$_setText_closure1.doCall(SetTextKeyword.groovy:51)
	at com.kms.katalon.core.webui.keyword.builtin.SetTextKeyword$_setText_closure1.call(SetTextKeyword.groovy)
	at com.kms.katalon.core.webui.keyword.internal.WebUIKeywordMain.runKeyword(WebUIKeywordMain.groovy:20)
	at com.kms.katalon.core.webui.keyword.builtin.SetTextKeyword.setText(SetTextKeyword.groovy:66)
	at com.kms.katalon.core.webui.keyword.builtin.SetTextKeyword.execute(SetTextKeyword.groovy:37)
	at com.kms.katalon.core.keyword.internal.KeywordExecutor.executeKeywordForPlatform(KeywordExecutor.groovy:74)
	at com.kms.katalon.core.webui.keyword.WebUiBuiltInKeywords.setText(WebUiBuiltInKeywords.groovy:980)
	at com.kms.katalon.core.webui.keyword.WebUiBuiltInKeywords$setText$2.call(Unknown Source)
	at Script1645200002191.run(Script1645200002191.groovy:24)
	... 13 more
)

2022-07-08 11:10:38 - [MESSAGE][INFO] - Unable to find the element located by 'By.xpath: //input[@id='username']'. Please recheck the objects properties to make sure the desired element is located. 

2022-07-08 11:10:38 - [MESSAGE][WARNING] - [SELF-HEALING] Failed to find element with id 'Object Repository/LoginPage/username_txtbx'. Try using Self-healing.

2022-07-08 11:10:38 - [MESSAGE][INFO] - [SELF-HEALING] Failed Locator: '//input[@id='username']'.

2022-07-08 11:10:38 - [MESSAGE][INFO] - [SELF-HEALING] Failed Locator: '//div[@id='logindiv']/input'.

2022-07-08 11:10:38 - [MESSAGE][INFO] - [SELF-HEALING] Failed Locator: '(.//*[normalize-space(text()) and normalize-space(.)='Capture object:'])[1]/preceding::input[3]'.

2022-07-08 11:10:38 - [MESSAGE][INFO] - [SELF-HEALING] Failed Locator: '(.//*[normalize-space(text()) and normalize-space(.)='Alt'])[1]/preceding::input[3]'.

2022-07-08 11:10:38 - [MESSAGE][INFO] - [SELF-HEALING] Failed Locator: '//input'.

2022-07-08 11:10:38 - [MESSAGE][INFO] - [SELF-HEALING] Failed Locator: '//input[@id='username']'.

2022-07-08 11:10:38 - [MESSAGE][INFO] - [SELF-HEALING] Failed Locator: '//div[@id='logindiv']/input'.

2022-07-08 11:10:38 - [MESSAGE][INFO] - [SELF-HEALING] Failed Locator: '(.//*[normalize-space(text()) and normalize-space(.)='Capture object:'])[1]/preceding::input[3]'.

2022-07-08 11:10:38 - [MESSAGE][INFO] - [SELF-HEALING] Failed Locator: '(.//*[normalize-space(text()) and normalize-space(.)='Alt'])[1]/preceding::input[3]'.

2022-07-08 11:10:38 - [MESSAGE][INFO] - [SELF-HEALING] Failed Locator: '//input'.

2022-07-08 11:10:38 - [MESSAGE][INFO] - [SELF-HEALING] Failed Locator: '//input[@id='username']'.

2022-07-08 11:10:38 - [MESSAGE][INFO] - [SELF-HEALING] Failed Locator: '//div[@id='logindiv']/input'.

2022-07-08 11:10:38 - [MESSAGE][INFO] - [SELF-HEALING] Failed Locator: '(.//*[normalize-space(text()) and normalize-space(.)='Capture object:'])[1]/preceding::input[3]'.

2022-07-08 11:10:38 - [MESSAGE][INFO] - [SELF-HEALING] Failed Locator: '(.//*[normalize-space(text()) and normalize-space(.)='Alt'])[1]/preceding::input[3]'.

2022-07-08 11:10:38 - [MESSAGE][INFO] - [SELF-HEALING] Failed Locator: '//input'.

2022-07-08 11:10:38 - [MESSAGE][INFO] - [SELF-HEALING] Failed Locator: '//input[@id='username']'.

2022-07-08 11:10:38 - [MESSAGE][INFO] - [SELF-HEALING] Failed Locator: '//div[@id='logindiv']/input'.

2022-07-08 11:10:38 - [MESSAGE][INFO] - [SELF-HEALING] Failed Locator: '(.//*[normalize-space(text()) and normalize-space(.)='Capture object:'])[1]/preceding::input[3]'.

2022-07-08 11:10:38 - [MESSAGE][INFO] - [SELF-HEALING] Failed Locator: '(.//*[normalize-space(text()) and normalize-space(.)='Alt'])[1]/preceding::input[3]'.

2022-07-08 11:10:38 - [MESSAGE][INFO] - [SELF-HEALING] Failed Locator: '//input'.

2022-07-08 11:10:38 - [MESSAGE][INFO] - [SELF-HEALING] Failed Locator: '//input[@id='username']'.

2022-07-08 11:10:38 - [MESSAGE][INFO] - [SELF-HEALING] Failed Locator: '//div[@id='logindiv']/input'.

2022-07-08 11:10:38 - [MESSAGE][INFO] - [SELF-HEALING] Failed Locator: '(.//*[normalize-space(text()) and normalize-space(.)='Capture object:'])[1]/preceding::input[3]'.

2022-07-08 11:10:38 - [MESSAGE][INFO] - [SELF-HEALING] Failed Locator: '(.//*[normalize-space(text()) and normalize-space(.)='Alt'])[1]/preceding::input[3]'.

2022-07-08 11:10:38 - [MESSAGE][INFO] - [SELF-HEALING] Failed Locator: '//input'.

2022-07-08 11:10:38 - [MESSAGE][INFO] - [SELF-HEALING] Failed Locator: '//input[@id='username']'.

2022-07-08 11:10:38 - [MESSAGE][INFO] - [SELF-HEALING] Failed Locator: '//div[@id='logindiv']/input'.

2022-07-08 11:10:38 - [MESSAGE][INFO] - [SELF-HEALING] Failed Locator: '(.//*[normalize-space(text()) and normalize-space(.)='Capture object:'])[1]/preceding::input[3]'.

2022-07-08 11:10:38 - [MESSAGE][INFO] - [SELF-HEALING] Failed Locator: '(.//*[normalize-space(text()) and normalize-space(.)='Alt'])[1]/preceding::input[3]'.

2022-07-08 11:10:38 - [MESSAGE][INFO] - [SELF-HEALING] Failed Locator: '//input'.

2022-07-08 11:10:38 - [MESSAGE][INFO] - [SELF-HEALING] Failed Locator: '//input[@id='username']'.

2022-07-08 11:10:38 - [MESSAGE][INFO] - [SELF-HEALING] Failed Locator: '//div[@id='logindiv']/input'.

2022-07-08 11:10:38 - [MESSAGE][INFO] - [SELF-HEALING] Failed Locator: '(.//*[normalize-space(text()) and normalize-space(.)='Capture object:'])[1]/preceding::input[3]'.

2022-07-08 11:10:38 - [MESSAGE][INFO] - [SELF-HEALING] Failed Locator: '(.//*[normalize-space(text()) and normalize-space(.)='Alt'])[1]/preceding::input[3]'.

2022-07-08 11:10:38 - [MESSAGE][INFO] - [SELF-HEALING] Failed Locator: '//input'.

2022-07-08 11:10:38 - [MESSAGE][INFO] - [SELF-HEALING] Failed Locator: '//input[@id='username']'.

2022-07-08 11:10:38 - [MESSAGE][INFO] - [SELF-HEALING] Failed Locator: '//div[@id='logindiv']/input'.

2022-07-08 11:10:38 - [MESSAGE][INFO] - [SELF-HEALING] Failed Locator: '(.//*[normalize-space(text()) and normalize-space(.)='Capture object:'])[1]/preceding::input[3]'.

2022-07-08 11:10:38 - [MESSAGE][INFO] - [SELF-HEALING] Failed Locator: '(.//*[normalize-space(text()) and normalize-space(.)='Alt'])[1]/preceding::input[3]'.

2022-07-08 11:10:38 - [MESSAGE][INFO] - [SELF-HEALING] Failed Locator: '//input'.

2022-07-08 11:10:38 - [MESSAGE][INFO] - [SELF-HEALING] Failed Locator: '//input[@id='username']'.

2022-07-08 11:10:38 - [MESSAGE][INFO] - [SELF-HEALING] Failed Locator: '//div[@id='logindiv']/input'.

2022-07-08 11:10:38 - [MESSAGE][INFO] - [SELF-HEALING] Failed Locator: '(.//*[normalize-space(text()) and normalize-space(.)='Capture object:'])[1]/preceding::input[3]'.

2022-07-08 11:10:38 - [MESSAGE][INFO] - [SELF-HEALING] Failed Locator: '(.//*[normalize-space(text()) and normalize-space(.)='Alt'])[1]/preceding::input[3]'.

2022-07-08 11:10:39 - [MESSAGE][INFO] - [SELF-HEALING] Failed Locator: '//input'.

2022-07-08 11:10:39 - [MESSAGE][INFO] - [SELF-HEALING] Failed Locator: '//input[@id='username']'.

2022-07-08 11:10:39 - [MESSAGE][INFO] - [SELF-HEALING] Failed Locator: '//div[@id='logindiv']/input'.

2022-07-08 11:10:39 - [MESSAGE][INFO] - [SELF-HEALING] Failed Locator: '(.//*[normalize-space(text()) and normalize-space(.)='Capture object:'])[1]/preceding::input[3]'.

2022-07-08 11:10:39 - [MESSAGE][INFO] - [SELF-HEALING] Failed Locator: '(.//*[normalize-space(text()) and normalize-space(.)='Alt'])[1]/preceding::input[3]'.

2022-07-08 11:10:39 - [MESSAGE][INFO] - [SELF-HEALING] Failed Locator: '//input'.

2022-07-08 11:10:39 - [MESSAGE][INFO] - [SELF-HEALING] Failed Locator: '//input[@id='username']'.

2022-07-08 11:10:39 - [MESSAGE][INFO] - [SELF-HEALING] Failed Locator: '//div[@id='logindiv']/input'.

2022-07-08 11:10:39 - [MESSAGE][INFO] - [SELF-HEALING] Failed Locator: '(.//*[normalize-space(text()) and normalize-space(.)='Capture object:'])[1]/preceding::input[3]'.

2022-07-08 11:10:39 - [MESSAGE][INFO] - [SELF-HEALING] Failed Locator: '(.//*[normalize-space(text()) and normalize-space(.)='Alt'])[1]/preceding::input[3]'.

2022-07-08 11:10:39 - [MESSAGE][INFO] - [SELF-HEALING] Failed Locator: '//input'.

2022-07-08 11:10:39 - [MESSAGE][INFO] - [SELF-HEALING] Failed Locator: '//input[@id='username']'.

2022-07-08 11:10:39 - [MESSAGE][INFO] - [SELF-HEALING] Failed Locator: '//div[@id='logindiv']/input'.

2022-07-08 11:10:39 - [MESSAGE][INFO] - [SELF-HEALING] Failed Locator: '(.//*[normalize-space(text()) and normalize-space(.)='Capture object:'])[1]/preceding::input[3]'.

2022-07-08 11:10:39 - [MESSAGE][INFO] - [SELF-HEALING] Failed Locator: '(.//*[normalize-space(text()) and normalize-space(.)='Alt'])[1]/preceding::input[3]'.

2022-07-08 11:10:39 - [MESSAGE][INFO] - [SELF-HEALING] Failed Locator: '//input'.

2022-07-08 11:10:39 - [MESSAGE][INFO] - [SELF-HEALING] Failed Locator: '//input[@id='username']'.

2022-07-08 11:10:39 - [MESSAGE][INFO] - [SELF-HEALING] Failed Locator: '//div[@id='logindiv']/input'.

2022-07-08 11:10:39 - [MESSAGE][INFO] - [SELF-HEALING] Failed Locator: '(.//*[normalize-space(text()) and normalize-space(.)='Capture object:'])[1]/preceding::input[3]'.

2022-07-08 11:10:39 - [MESSAGE][INFO] - [SELF-HEALING] Failed Locator: '(.//*[normalize-space(text()) and normalize-space(.)='Alt'])[1]/preceding::input[3]'.

2022-07-08 11:10:39 - [MESSAGE][INFO] - [SELF-HEALING] Failed Locator: '//input'.

2022-07-08 11:10:40 - [MESSAGE][INFO] - Unable to find the element located by 'By.xpath: //input[@type = 'text' and @id = 'username' and @placeholder = 'Username']'. Please recheck the objects properties to make sure the desired element is located. 

2022-07-08 11:10:40 - [MESSAGE][WARNING] - [SELF-HEALING] Cannot find elements when the selector is null

2022-07-08 11:10:40 - [MESSAGE][FAILED] - Unable to set text 'pbsworksg' of object 'Object Repository/LoginPage/username_txtbx' (Root cause: com.kms.katalon.core.exception.StepFailedException: Unable to set text 'pbsworksg' of object 'Object Repository/LoginPage/username_txtbx'
	at com.kms.katalon.core.webui.keyword.internal.WebUIKeywordMain.stepFailed(WebUIKeywordMain.groovy:64)
	at com.kms.katalon.core.webui.keyword.internal.WebUIKeywordMain.runKeyword(WebUIKeywordMain.groovy:26)
	at com.kms.katalon.core.webui.keyword.builtin.SetTextKeyword.setText(SetTextKeyword.groovy:66)
	at com.kms.katalon.core.webui.keyword.builtin.SetTextKeyword.execute(SetTextKeyword.groovy:37)
	at com.kms.katalon.core.keyword.internal.KeywordExecutor.executeKeywordForPlatform(KeywordExecutor.groovy:74)
	at com.kms.katalon.core.webui.keyword.WebUiBuiltInKeywords.setText(WebUiBuiltInKeywords.groovy:980)
	at com.kms.katalon.core.webui.keyword.WebUiBuiltInKeywords$setText$2.call(Unknown Source)
	at Login.run(Login:24)
	at com.kms.katalon.core.main.ScriptEngine.run(ScriptEngine.java:194)
	at com.kms.katalon.core.main.ScriptEngine.runScriptAsRawText(ScriptEngine.java:119)
	at com.kms.katalon.core.main.TestCaseExecutor.runScript(TestCaseExecutor.java:445)
	at com.kms.katalon.core.main.TestCaseExecutor.doExecute(TestCaseExecutor.java:436)
	at com.kms.katalon.core.main.TestCaseExecutor.processExecutionPhase(TestCaseExecutor.java:415)
	at com.kms.katalon.core.main.TestCaseExecutor.accessMainPhase(TestCaseExecutor.java:407)
	at com.kms.katalon.core.main.TestCaseExecutor.execute(TestCaseExecutor.java:284)
	at com.kms.katalon.core.common.CommonExecutor.accessTestCaseMainPhase(CommonExecutor.java:65)
	at com.kms.katalon.core.main.TestSuiteExecutor.accessTestSuiteMainPhase(TestSuiteExecutor.java:144)
	at com.kms.katalon.core.main.TestSuiteExecutor.execute(TestSuiteExecutor.java:106)
	at com.kms.katalon.core.main.TestCaseMain.startTestSuite(TestCaseMain.java:185)
	at com.kms.katalon.core.main.TestCaseMain$startTestSuite$0.call(Unknown Source)
	at TempTestSuite1657258744637.run(TempTestSuite1657258744637.groovy:36)
Caused by: com.kms.katalon.core.webui.exception.WebElementNotFoundException: Web element with id: 'Object Repository/LoginPage/username_txtbx' located by '//input[@id='username']' not found
	at com.kms.katalon.core.webui.common.WebUiCommonHelper.findWebElement(WebUiCommonHelper.java:1370)
	at com.kms.katalon.core.webui.keyword.internal.WebUIAbstractKeyword.findWebElement(WebUIAbstractKeyword.groovy:27)
	at com.kms.katalon.core.webui.keyword.internal.WebUIAbstractKeyword.findWebElement(WebUIAbstractKeyword.groovy:26)
	at com.kms.katalon.core.webui.keyword.builtin.SetTextKeyword$_setText_closure1.doCall(SetTextKeyword.groovy:51)
	at com.kms.katalon.core.webui.keyword.builtin.SetTextKeyword$_setText_closure1.call(SetTextKeyword.groovy)
	at com.kms.katalon.core.webui.keyword.internal.WebUIKeywordMain.runKeyword(WebUIKeywordMain.groovy:20)
	at com.kms.katalon.core.webui.keyword.builtin.SetTextKeyword.setText(SetTextKeyword.groovy:66)
	at com.kms.katalon.core.webui.keyword.builtin.SetTextKeyword.execute(SetTextKeyword.groovy:37)
	at com.kms.katalon.core.keyword.internal.KeywordExecutor.executeKeywordForPlatform(KeywordExecutor.groovy:74)
	at com.kms.katalon.core.webui.keyword.WebUiBuiltInKeywords.setText(WebUiBuiltInKeywords.groovy:980)
	at com.kms.katalon.core.webui.keyword.WebUiBuiltInKeywords$setText$2.call(Unknown Source)
	at Script1645200002191.run(Script1645200002191.groovy:24)
	... 13 more
)
[[ATTACHMENT|C:\\Users\\rohinis\\Documents\\GitHub\\AccessKRE\\Reports\\20220708_110904\\Login\\20220708_110904\\1657258840340.png]]

2022-07-08 11:10:40 - [TEST_STEP][PASSED] - catch (Exception ex): null

2022-07-08 11:10:40 - [TEST_STEP][PASSED] - screenShotPath = "ExtentReports/" + TestCaseName + G_Browser + ".png": null

2022-07-08 11:10:40 - [TEST_STEP][PASSED] - takeScreenshot(screenShotPath): Taking screenshot successfully

2022-07-08 11:10:40 - [MESSAGE][PASSED] - Taking screenshot successfully
[[ATTACHMENT|C:\\Users\\rohinis\\Documents\\GitHub\\AccessKRE\\Reports\\20220708_110904\\Login\\20220708_110904\\ExtentReports/LoginFireFox.png]]

2022-07-08 11:10:40 - [TEST_STEP][PASSED] - p = TestCaseName + G_Browser + ".png": null

2022-07-08 11:10:40 - [TEST_STEP][PASSED] - extentTest.log(FAIL, ex): null

2022-07-08 11:10:40 - [TEST_STEP][PASSED] - extentTest.fail(createScreenCaptureFromPath(p).build()): null

2022-07-08 11:10:41 - [TEST_STEP][PASSED] - Finally: null

2022-07-08 11:10:41 - [TEST_STEP][PASSED] - extentTest.log(PASS, "Closing the browser after executinge test case - " + TestCaseName): null]]></system-out>
         <system-err><![CDATA[]]></system-err>
      </testcase>
      <system-out><![CDATA[2022-07-08 11:09:20 - [TEST_SUITE][PASSED] - Login: Test Cases/LoginTC/Login]]></system-out>
      <system-err><![CDATA[]]></system-err>
   </testsuite>
</testsuites>
